2024-11-18 06:35:08.277 [info] [main] Log level: Info
2024-11-18 06:35:08.277 [info] [main] Validating found git in: "git"
2024-11-18 06:35:08.277 [info] [main] Using git "2.47.0" from "git"
2024-11-18 06:35:08.277 [info] [Model][doInitialScan] Initial repository scan started
2024-11-18 06:35:08.277 [info] > git rev-parse --show-toplevel [180ms]
2024-11-18 06:35:08.277 [info] > git rev-parse --git-dir --git-common-dir [7ms]
2024-11-18 06:35:08.277 [info] [Model][openRepository] Opened repository: /home/gaye/Marine/phase-2-project
2024-11-18 06:35:08.293 [info] > git rev-parse --show-toplevel [5ms]
2024-11-18 06:35:08.294 [info] > git config --get commit.template [9ms]
2024-11-18 06:35:08.319 [info] > git for-each-ref --format=%(refname)%00%(upstream:short)%00%(objectname)%00%(upstream:track)%00%(upstream:remotename)%00%(upstream:remoteref) refs/heads/main refs/remotes/main [14ms]
2024-11-18 06:35:08.328 [info] > git rev-parse --show-toplevel [30ms]
2024-11-18 06:35:08.342 [info] > git rev-parse --show-toplevel [9ms]
2024-11-18 06:35:08.360 [info] > git rev-parse --show-toplevel [13ms]
2024-11-18 06:35:08.372 [info] > git for-each-ref --sort -committerdate --format %(refname) %(objectname) %(*objectname) [14ms]
2024-11-18 06:35:08.376 [info] > git status -z -uall [22ms]
2024-11-18 06:35:08.376 [info] > git rev-parse --show-toplevel [5ms]
2024-11-18 06:35:08.380 [info] [Model][doInitialScan] Initial repository scan completed - repositories (1), closed repositories (0), parent repositories (0), unsafe repositories (0)
2024-11-18 06:35:08.407 [info] > git for-each-ref --format=%(refname)%00%(upstream:short)%00%(objectname)%00%(upstream:track)%00%(upstream:remotename)%00%(upstream:remoteref) refs/heads/main refs/remotes/main [13ms]
2024-11-18 06:35:08.415 [info] > git config --local branch.main.vscode-merge-base [4ms]
2024-11-18 06:35:08.415 [warning] [Git][config] git config failed: Failed to execute git
2024-11-18 06:35:08.420 [info] > git config --get commit.template [15ms]
2024-11-18 06:35:08.427 [info] > git reflog main --grep-reflog=branch: Created from *. [7ms]
2024-11-18 06:35:08.434 [info] > git for-each-ref --format=%(refname)%00%(upstream:short)%00%(objectname)%00%(upstream:track)%00%(upstream:remotename)%00%(upstream:remoteref) refs/heads/main refs/remotes/main [7ms]
2024-11-18 06:35:08.438 [info] > git symbolic-ref --short refs/remotes/origin/HEAD [6ms]
2024-11-18 06:35:08.438 [info] fatal: ref refs/remotes/origin/HEAD is not a symbolic ref
2024-11-18 06:35:08.438 [warning] [Repository][getDefaultBranch] Failed to get default branch details: Failed to execute git.
2024-11-18 06:35:08.451 [info] > git merge-base refs/heads/main refs/remotes/origin/main [5ms]
2024-11-18 06:35:08.497 [info] > git status -z -uall [36ms]
2024-11-18 06:35:08.500 [info] > git diff --name-status -z --diff-filter=ADMR a28b9f342e3e438e066041f5cf827b5411d46350...refs/remotes/origin/main [42ms]
2024-11-18 06:35:08.509 [info] > git for-each-ref --sort -committerdate --format %(refname) %(objectname) %(*objectname) [36ms]
2024-11-18 06:35:08.731 [info] > git show --textconv :src/components/Footer.js [5ms]
2024-11-18 06:35:08.732 [info] > git ls-files --stage -- /home/gaye/Marine/phase-2-project/src/components/Footer.js [3ms]
2024-11-18 06:35:08.737 [info] > git cat-file -s 47e8ef7fb9735dcf7df8b8c8ad0afb2605c837a6 [1ms]
2024-11-18 06:35:08.842 [info] > git check-ignore -v -z --stdin [2ms]
2024-11-18 06:35:12.053 [info] > git fetch [3785ms]
2024-11-18 06:35:12.058 [info] > git config --get commit.template [3ms]
2024-11-18 06:35:12.058 [info] > git for-each-ref --format=%(refname)%00%(upstream:short)%00%(objectname)%00%(upstream:track)%00%(upstream:remotename)%00%(upstream:remoteref) refs/heads/main refs/remotes/main [1ms]
2024-11-18 06:35:12.064 [info] > git for-each-ref --sort -committerdate --format %(refname) %(objectname) %(*objectname) [1ms]
2024-11-18 06:35:12.066 [info] > git status -z -uall [5ms]
2024-11-18 06:35:12.987 [info] > git ls-files --stage -- /home/gaye/Marine/phase-2-project/src/components/Footer.js [1ms]
2024-11-18 06:35:12.990 [info] > git cat-file -s 47e8ef7fb9735dcf7df8b8c8ad0afb2605c837a6 [1ms]
2024-11-18 06:35:12.998 [info] > git show --textconv :src/components/Footer.js [1ms]
2024-11-18 06:35:14.549 [info] > git check-ignore -v -z --stdin [2ms]
2024-11-18 06:35:16.368 [info] > git check-ignore -v -z --stdin [4ms]
2024-11-18 06:35:21.004 [info] > git check-ignore -v -z --stdin [4ms]
2024-11-18 06:37:31.966 [info] > git show --textconv :src/App.css [8ms]
2024-11-18 06:37:31.968 [info] > git ls-files --stage -- /home/gaye/Marine/phase-2-project/src/App.css [4ms]
2024-11-18 06:37:31.974 [info] > git cat-file -s 87ec5dfbd8a8df42a6b9d543fb977a326a28ba13 [2ms]
2024-11-18 06:37:32.981 [info] > git show --textconv :src/components/Footer.js [4ms]
2024-11-18 06:37:32.982 [info] > git ls-files --stage -- /home/gaye/Marine/phase-2-project/src/components/Footer.js [2ms]
2024-11-18 06:37:32.986 [info] > git cat-file -s 47e8ef7fb9735dcf7df8b8c8ad0afb2605c837a6 [1ms]
2024-11-18 06:37:35.285 [info] > git ls-files --stage -- /home/gaye/Marine/phase-2-project/src/components/Header.js [2ms]
2024-11-18 06:37:35.289 [info] > git show --textconv :src/components/Header.js [8ms]
2024-11-18 06:37:35.289 [info] > git cat-file -s d57731e0dd3916607fcd517703d242fb65c44991 [2ms]
2024-11-18 06:37:36.038 [info] > git show --textconv :src/pages/Contact.js [6ms]
2024-11-18 06:37:36.040 [info] > git ls-files --stage -- /home/gaye/Marine/phase-2-project/src/pages/Contact.js [5ms]
2024-11-18 06:37:36.044 [info] > git cat-file -s 5ec5323cf16b56fef8c5ec94a1b7702be77d0841 [2ms]
2024-11-18 06:38:13.335 [info] > git ls-files --stage -- /home/gaye/Marine/phase-2-project/src/pages/Contact.js [2ms]
2024-11-18 06:38:13.339 [info] > git cat-file -s 5ec5323cf16b56fef8c5ec94a1b7702be77d0841 [1ms]
2024-11-18 06:38:13.350 [info] > git show --textconv :src/pages/Contact.js [2ms]
2024-11-18 06:38:15.941 [info] > git fetch [3861ms]
2024-11-18 06:38:15.959 [info] > git config --get commit.template [5ms]
2024-11-18 06:38:15.959 [info] > git for-each-ref --format=%(refname)%00%(upstream:short)%00%(objectname)%00%(upstream:track)%00%(upstream:remotename)%00%(upstream:remoteref) refs/heads/main refs/remotes/main [2ms]
2024-11-18 06:38:15.967 [info] > git for-each-ref --sort -committerdate --format %(refname) %(objectname) %(*objectname) [1ms]
2024-11-18 06:38:15.970 [info] > git status -z -uall [7ms]
2024-11-18 06:38:16.839 [info] > git ls-files --stage -- /home/gaye/Marine/phase-2-project/src/pages/Contact.js [2ms]
2024-11-18 06:38:16.843 [info] > git cat-file -s 5ec5323cf16b56fef8c5ec94a1b7702be77d0841 [2ms]
2024-11-18 06:38:16.852 [info] > git show --textconv :src/pages/Contact.js [2ms]
2024-11-18 06:39:58.677 [info] > git check-ignore -v -z --stdin [3ms]
2024-11-18 06:40:00.823 [info] > git check-ignore -v -z --stdin [4ms]
2024-11-18 06:40:08.958 [info] > git check-ignore -v -z --stdin [4ms]
2024-11-18 06:41:17.231 [info] > git ls-files --stage -- /home/gaye/Marine/phase-2-project/src/pages/Contact.js [3ms]
2024-11-18 06:41:17.235 [info] > git cat-file -s 5ec5323cf16b56fef8c5ec94a1b7702be77d0841 [1ms]
2024-11-18 06:41:17.243 [info] > git show --textconv :src/pages/Contact.js [1ms]
2024-11-18 06:41:19.870 [info] > git fetch [3892ms]
2024-11-18 06:41:19.882 [info] > git config --get commit.template [4ms]
2024-11-18 06:41:19.883 [info] > git for-each-ref --format=%(refname)%00%(upstream:short)%00%(objectname)%00%(upstream:track)%00%(upstream:remotename)%00%(upstream:remoteref) refs/heads/main refs/remotes/main [2ms]
2024-11-18 06:41:19.893 [info] > git for-each-ref --sort -committerdate --format %(refname) %(objectname) %(*objectname) [2ms]
2024-11-18 06:41:19.897 [info] > git status -z -uall [9ms]
2024-11-18 06:41:20.750 [info] > git ls-files --stage -- /home/gaye/Marine/phase-2-project/src/pages/Contact.js [2ms]
2024-11-18 06:41:20.755 [info] > git cat-file -s 5ec5323cf16b56fef8c5ec94a1b7702be77d0841 [2ms]
2024-11-18 06:41:20.767 [info] > git show --textconv :src/pages/Contact.js [2ms]
2024-11-18 06:42:12.897 [info] > git show --textconv :src/App.css [3ms]
2024-11-18 06:42:12.898 [info] > git ls-files --stage -- /home/gaye/Marine/phase-2-project/src/App.css [2ms]
2024-11-18 06:42:12.902 [info] > git cat-file -s 87ec5dfbd8a8df42a6b9d543fb977a326a28ba13 [2ms]
2024-11-18 06:42:13.591 [info] > git show --textconv :src/components/Footer.js [3ms]
2024-11-18 06:42:13.592 [info] > git ls-files --stage -- /home/gaye/Marine/phase-2-project/src/components/Footer.js [3ms]
2024-11-18 06:42:13.606 [info] > git cat-file -s 47e8ef7fb9735dcf7df8b8c8ad0afb2605c837a6 [2ms]
2024-11-18 06:42:14.913 [info] > git show --textconv :src/components/Footer.js [6ms]
2024-11-18 06:42:14.914 [info] > git ls-files --stage -- /home/gaye/Marine/phase-2-project/src/components/Footer.js [3ms]
2024-11-18 06:42:14.921 [info] > git cat-file -s 47e8ef7fb9735dcf7df8b8c8ad0afb2605c837a6 [2ms]
2024-11-18 06:44:21.150 [info] > git ls-files --stage -- /home/gaye/Marine/phase-2-project/src/components/Footer.js [1ms]
2024-11-18 06:44:21.154 [info] > git cat-file -s 47e8ef7fb9735dcf7df8b8c8ad0afb2605c837a6 [2ms]
2024-11-18 06:44:21.164 [info] > git show --textconv :src/components/Footer.js [2ms]
2024-11-18 06:44:23.818 [info] > git fetch [3911ms]
2024-11-18 06:44:23.841 [info] > git config --get commit.template [10ms]
2024-11-18 06:44:23.844 [info] > git for-each-ref --format=%(refname)%00%(upstream:short)%00%(objectname)%00%(upstream:track)%00%(upstream:remotename)%00%(upstream:remoteref) refs/heads/main refs/remotes/main [6ms]
2024-11-18 06:44:23.864 [info] > git for-each-ref --sort -committerdate --format %(refname) %(objectname) %(*objectname) [3ms]
2024-11-18 06:44:23.868 [info] > git status -z -uall [14ms]
2024-11-18 06:44:24.668 [info] > git ls-files --stage -- /home/gaye/Marine/phase-2-project/src/components/Footer.js [1ms]
2024-11-18 06:44:24.671 [info] > git cat-file -s 47e8ef7fb9735dcf7df8b8c8ad0afb2605c837a6 [1ms]
2024-11-18 06:44:24.679 [info] > git show --textconv :src/components/Footer.js [2ms]
2024-11-18 06:47:25.097 [info] > git ls-files --stage -- /home/gaye/Marine/phase-2-project/src/components/Footer.js [4ms]
2024-11-18 06:47:25.109 [info] > git cat-file -s 47e8ef7fb9735dcf7df8b8c8ad0afb2605c837a6 [4ms]
2024-11-18 06:47:25.124 [info] > git show --textconv :src/components/Footer.js [3ms]
2024-11-18 06:47:28.646 [info] > git fetch [4765ms]
2024-11-18 06:47:28.668 [info] > git config --get commit.template [10ms]
2024-11-18 06:47:28.671 [info] > git for-each-ref --format=%(refname)%00%(upstream:short)%00%(objectname)%00%(upstream:track)%00%(upstream:remotename)%00%(upstream:remoteref) refs/heads/main refs/remotes/main [6ms]
2024-11-18 06:47:28.689 [info] > git for-each-ref --sort -committerdate --format %(refname) %(objectname) %(*objectname) [3ms]
2024-11-18 06:47:28.694 [info] > git status -z -uall [13ms]
2024-11-18 06:47:29.530 [info] > git ls-files --stage -- /home/gaye/Marine/phase-2-project/src/components/Footer.js [3ms]
2024-11-18 06:47:29.534 [info] > git cat-file -s 47e8ef7fb9735dcf7df8b8c8ad0afb2605c837a6 [1ms]
2024-11-18 06:47:29.543 [info] > git show --textconv :src/components/Footer.js [1ms]
2024-11-18 06:50:29.917 [info] > git ls-files --stage -- /home/gaye/Marine/phase-2-project/src/components/Footer.js [3ms]
2024-11-18 06:50:29.921 [info] > git cat-file -s 47e8ef7fb9735dcf7df8b8c8ad0afb2605c837a6 [1ms]
2024-11-18 06:50:29.929 [info] > git show --textconv :src/components/Footer.js [1ms]
2024-11-18 06:50:32.565 [info] > git fetch [3861ms]
2024-11-18 06:50:32.579 [info] > git config --get commit.template [4ms]
2024-11-18 06:50:32.579 [info] > git for-each-ref --format=%(refname)%00%(upstream:short)%00%(objectname)%00%(upstream:track)%00%(upstream:remotename)%00%(upstream:remoteref) refs/heads/main refs/remotes/main [2ms]
2024-11-18 06:50:32.588 [info] > git for-each-ref --sort -committerdate --format %(refname) %(objectname) %(*objectname) [1ms]
2024-11-18 06:50:32.590 [info] > git status -z -uall [7ms]
2024-11-18 06:50:33.450 [info] > git ls-files --stage -- /home/gaye/Marine/phase-2-project/src/components/Footer.js [2ms]
2024-11-18 06:50:33.456 [info] > git cat-file -s 47e8ef7fb9735dcf7df8b8c8ad0afb2605c837a6 [2ms]
2024-11-18 06:50:33.466 [info] > git show --textconv :src/components/Footer.js [1ms]
2024-11-18 06:53:33.813 [info] > git ls-files --stage -- /home/gaye/Marine/phase-2-project/src/components/Footer.js [1ms]
2024-11-18 06:53:33.817 [info] > git cat-file -s 47e8ef7fb9735dcf7df8b8c8ad0afb2605c837a6 [1ms]
2024-11-18 06:53:33.827 [info] > git show --textconv :src/components/Footer.js [2ms]
2024-11-18 06:53:36.433 [info] > git fetch [3834ms]
2024-11-18 06:53:36.452 [info] > git config --get commit.template [8ms]
2024-11-18 06:53:36.453 [info] > git for-each-ref --format=%(refname)%00%(upstream:short)%00%(objectname)%00%(upstream:track)%00%(upstream:remotename)%00%(upstream:remoteref) refs/heads/main refs/remotes/main [3ms]
2024-11-18 06:53:36.460 [info] > git for-each-ref --sort -committerdate --format %(refname) %(objectname) %(*objectname) [2ms]
2024-11-18 06:53:36.462 [info] > git status -z -uall [6ms]
2024-11-18 06:53:37.322 [info] > git ls-files --stage -- /home/gaye/Marine/phase-2-project/src/components/Footer.js [5ms]
2024-11-18 06:53:37.330 [info] > git cat-file -s 47e8ef7fb9735dcf7df8b8c8ad0afb2605c837a6 [2ms]
2024-11-18 06:53:37.342 [info] > git show --textconv :src/components/Footer.js [2ms]
2024-11-18 06:56:37.693 [info] > git ls-files --stage -- /home/gaye/Marine/phase-2-project/src/components/Footer.js [4ms]
2024-11-18 06:56:37.703 [info] > git cat-file -s 47e8ef7fb9735dcf7df8b8c8ad0afb2605c837a6 [3ms]
2024-11-18 06:56:37.715 [info] > git show --textconv :src/components/Footer.js [2ms]
2024-11-18 06:56:40.303 [info] > git fetch [3829ms]
2024-11-18 06:56:40.330 [info] > git config --get commit.template [14ms]
2024-11-18 06:56:40.332 [info] > git for-each-ref --format=%(refname)%00%(upstream:short)%00%(objectname)%00%(upstream:track)%00%(upstream:remotename)%00%(upstream:remoteref) refs/heads/main refs/remotes/main [6ms]
2024-11-18 06:56:40.353 [info] > git for-each-ref --sort -committerdate --format %(refname) %(objectname) %(*objectname) [3ms]
2024-11-18 06:56:40.360 [info] > git status -z -uall [18ms]
2024-11-18 06:56:41.181 [info] > git ls-files --stage -- /home/gaye/Marine/phase-2-project/src/components/Footer.js [3ms]
2024-11-18 06:56:41.188 [info] > git cat-file -s 47e8ef7fb9735dcf7df8b8c8ad0afb2605c837a6 [3ms]
2024-11-18 06:56:41.198 [info] > git show --textconv :src/components/Footer.js [2ms]
2024-11-18 06:59:41.583 [info] > git ls-files --stage -- /home/gaye/Marine/phase-2-project/src/components/Footer.js [3ms]
2024-11-18 06:59:41.587 [info] > git cat-file -s 47e8ef7fb9735dcf7df8b8c8ad0afb2605c837a6 [1ms]
2024-11-18 06:59:41.596 [info] > git show --textconv :src/components/Footer.js [1ms]
2024-11-18 06:59:44.188 [info] > git fetch [3818ms]
2024-11-18 06:59:44.196 [info] > git config --get commit.template [2ms]
2024-11-18 06:59:44.197 [info] > git for-each-ref --format=%(refname)%00%(upstream:short)%00%(objectname)%00%(upstream:track)%00%(upstream:remotename)%00%(upstream:remoteref) refs/heads/main refs/remotes/main [1ms]
2024-11-18 06:59:44.204 [info] > git for-each-ref --sort -committerdate --format %(refname) %(objectname) %(*objectname) [1ms]
2024-11-18 06:59:44.206 [info] > git status -z -uall [5ms]
2024-11-18 06:59:45.083 [info] > git ls-files --stage -- /home/gaye/Marine/phase-2-project/src/components/Footer.js [2ms]
2024-11-18 06:59:45.087 [info] > git cat-file -s 47e8ef7fb9735dcf7df8b8c8ad0afb2605c837a6 [1ms]
2024-11-18 06:59:45.097 [info] > git show --textconv :src/components/Footer.js [1ms]
2024-11-18 07:02:45.421 [info] > git ls-files --stage -- /home/gaye/Marine/phase-2-project/src/components/Footer.js [2ms]
2024-11-18 07:02:45.425 [info] > git cat-file -s 47e8ef7fb9735dcf7df8b8c8ad0afb2605c837a6 [1ms]
2024-11-18 07:02:45.434 [info] > git show --textconv :src/components/Footer.js [1ms]
2024-11-18 07:02:48.158 [info] > git fetch [3939ms]
2024-11-18 07:02:48.170 [info] > git config --get commit.template [5ms]
2024-11-18 07:02:48.172 [info] > git for-each-ref --format=%(refname)%00%(upstream:short)%00%(objectname)%00%(upstream:track)%00%(upstream:remotename)%00%(upstream:remoteref) refs/heads/main refs/remotes/main [3ms]
2024-11-18 07:02:48.186 [info] > git for-each-ref --sort -committerdate --format %(refname) %(objectname) %(*objectname) [2ms]
2024-11-18 07:02:48.191 [info] > git status -z -uall [13ms]
2024-11-18 07:02:49.054 [info] > git ls-files --stage -- /home/gaye/Marine/phase-2-project/src/components/Footer.js [1ms]
2024-11-18 07:02:49.058 [info] > git cat-file -s 47e8ef7fb9735dcf7df8b8c8ad0afb2605c837a6 [1ms]
2024-11-18 07:02:49.066 [info] > git show --textconv :src/components/Footer.js [2ms]
2024-11-18 07:05:49.414 [info] > git ls-files --stage -- /home/gaye/Marine/phase-2-project/src/components/Footer.js [2ms]
2024-11-18 07:05:49.418 [info] > git cat-file -s 47e8ef7fb9735dcf7df8b8c8ad0afb2605c837a6 [1ms]
2024-11-18 07:05:49.431 [info] > git show --textconv :src/components/Footer.js [3ms]
2024-11-18 07:05:52.161 [info] > git fetch [3958ms]
2024-11-18 07:05:52.173 [info] > git config --get commit.template [3ms]
2024-11-18 07:05:52.174 [info] > git for-each-ref --format=%(refname)%00%(upstream:short)%00%(objectname)%00%(upstream:track)%00%(upstream:remotename)%00%(upstream:remoteref) refs/heads/main refs/remotes/main [1ms]
2024-11-18 07:05:52.182 [info] > git for-each-ref --sort -committerdate --format %(refname) %(objectname) %(*objectname) [1ms]
2024-11-18 07:05:52.183 [info] > git status -z -uall [5ms]
2024-11-18 07:05:52.993 [info] > git ls-files --stage -- /home/gaye/Marine/phase-2-project/src/components/Footer.js [3ms]
2024-11-18 07:05:52.996 [info] > git cat-file -s 47e8ef7fb9735dcf7df8b8c8ad0afb2605c837a6 [1ms]
2024-11-18 07:05:53.004 [info] > git show --textconv :src/components/Footer.js [1ms]
2024-11-18 07:08:53.406 [info] > git ls-files --stage -- /home/gaye/Marine/phase-2-project/src/components/Footer.js [2ms]
2024-11-18 07:08:53.409 [info] > git cat-file -s 47e8ef7fb9735dcf7df8b8c8ad0afb2605c837a6 [1ms]
2024-11-18 07:08:53.417 [info] > git show --textconv :src/components/Footer.js [1ms]
2024-11-18 07:08:56.119 [info] > git fetch [3923ms]
2024-11-18 07:08:56.138 [info] > git config --get commit.template [9ms]
2024-11-18 07:08:56.142 [info] > git for-each-ref --format=%(refname)%00%(upstream:short)%00%(objectname)%00%(upstream:track)%00%(upstream:remotename)%00%(upstream:remoteref) refs/heads/main refs/remotes/main [5ms]
2024-11-18 07:08:56.163 [info] > git for-each-ref --sort -committerdate --format %(refname) %(objectname) %(*objectname) [4ms]
2024-11-18 07:08:56.168 [info] > git status -z -uall [16ms]
2024-11-18 07:08:56.982 [info] > git ls-files --stage -- /home/gaye/Marine/phase-2-project/src/components/Footer.js [3ms]
2024-11-18 07:08:56.992 [info] > git cat-file -s 47e8ef7fb9735dcf7df8b8c8ad0afb2605c837a6 [5ms]
2024-11-18 07:08:57.011 [info] > git show --textconv :src/components/Footer.js [3ms]
2024-11-18 07:11:57.400 [info] > git ls-files --stage -- /home/gaye/Marine/phase-2-project/src/components/Footer.js [4ms]
2024-11-18 07:11:57.405 [info] > git cat-file -s 47e8ef7fb9735dcf7df8b8c8ad0afb2605c837a6 [1ms]
2024-11-18 07:11:57.412 [info] > git show --textconv :src/components/Footer.js [2ms]
2024-11-18 07:12:00.073 [info] > git fetch [3893ms]
2024-11-18 07:12:00.091 [info] > git config --get commit.template [7ms]
2024-11-18 07:12:00.093 [info] > git for-each-ref --format=%(refname)%00%(upstream:short)%00%(objectname)%00%(upstream:track)%00%(upstream:remotename)%00%(upstream:remoteref) refs/heads/main refs/remotes/main [4ms]
2024-11-18 07:12:00.104 [info] > git for-each-ref --sort -committerdate --format %(refname) %(objectname) %(*objectname) [2ms]
2024-11-18 07:12:00.108 [info] > git status -z -uall [8ms]
2024-11-18 07:12:00.975 [info] > git ls-files --stage -- /home/gaye/Marine/phase-2-project/src/components/Footer.js [2ms]
2024-11-18 07:12:00.979 [info] > git cat-file -s 47e8ef7fb9735dcf7df8b8c8ad0afb2605c837a6 [1ms]
2024-11-18 07:12:00.989 [info] > git show --textconv :src/components/Footer.js [2ms]
2024-11-18 07:15:01.343 [info] > git ls-files --stage -- /home/gaye/Marine/phase-2-project/src/components/Footer.js [8ms]
2024-11-18 07:15:01.353 [info] > git cat-file -s 47e8ef7fb9735dcf7df8b8c8ad0afb2605c837a6 [3ms]
2024-11-18 07:15:01.365 [info] > git show --textconv :src/components/Footer.js [2ms]
2024-11-18 07:15:03.973 [info] > git fetch [3853ms]
2024-11-18 07:15:03.995 [info] > git config --get commit.template [11ms]
2024-11-18 07:15:03.996 [info] > git for-each-ref --format=%(refname)%00%(upstream:short)%00%(objectname)%00%(upstream:track)%00%(upstream:remotename)%00%(upstream:remoteref) refs/heads/main refs/remotes/main [4ms]
2024-11-18 07:15:04.009 [info] > git for-each-ref --sort -committerdate --format %(refname) %(objectname) %(*objectname) [3ms]
2024-11-18 07:15:04.013 [info] > git status -z -uall [11ms]
2024-11-18 07:15:04.866 [info] > git ls-files --stage -- /home/gaye/Marine/phase-2-project/src/components/Footer.js [3ms]
2024-11-18 07:15:04.875 [info] > git cat-file -s 47e8ef7fb9735dcf7df8b8c8ad0afb2605c837a6 [2ms]
2024-11-18 07:15:04.890 [info] > git show --textconv :src/components/Footer.js [2ms]
2024-11-18 07:18:05.243 [info] > git ls-files --stage -- /home/gaye/Marine/phase-2-project/src/components/Footer.js [2ms]
2024-11-18 07:18:05.246 [info] > git cat-file -s 47e8ef7fb9735dcf7df8b8c8ad0afb2605c837a6 [1ms]
2024-11-18 07:18:05.255 [info] > git show --textconv :src/components/Footer.js [1ms]
2024-11-18 07:18:07.828 [info] > git fetch [3801ms]
2024-11-18 07:18:07.833 [info] > git config --get commit.template [2ms]
2024-11-18 07:18:07.837 [info] > git for-each-ref --format=%(refname)%00%(upstream:short)%00%(objectname)%00%(upstream:track)%00%(upstream:remotename)%00%(upstream:remoteref) refs/heads/main refs/remotes/main [2ms]
2024-11-18 07:18:07.843 [info] > git for-each-ref --sort -committerdate --format %(refname) %(objectname) %(*objectname) [1ms]
2024-11-18 07:18:07.846 [info] > git status -z -uall [6ms]
2024-11-18 07:18:08.727 [info] > git ls-files --stage -- /home/gaye/Marine/phase-2-project/src/components/Footer.js [2ms]
2024-11-18 07:18:08.731 [info] > git cat-file -s 47e8ef7fb9735dcf7df8b8c8ad0afb2605c837a6 [2ms]
2024-11-18 07:18:08.739 [info] > git show --textconv :src/components/Footer.js [1ms]
2024-11-18 07:21:09.075 [info] > git ls-files --stage -- /home/gaye/Marine/phase-2-project/src/components/Footer.js [6ms]
2024-11-18 07:21:09.084 [info] > git cat-file -s 47e8ef7fb9735dcf7df8b8c8ad0afb2605c837a6 [2ms]
2024-11-18 07:21:09.096 [info] > git show --textconv :src/components/Footer.js [2ms]
2024-11-18 07:21:11.722 [info] > git fetch [3865ms]
2024-11-18 07:21:11.735 [info] > git config --get commit.template [5ms]
2024-11-18 07:21:11.736 [info] > git for-each-ref --format=%(refname)%00%(upstream:short)%00%(objectname)%00%(upstream:track)%00%(upstream:remotename)%00%(upstream:remoteref) refs/heads/main refs/remotes/main [2ms]
2024-11-18 07:21:11.742 [info] > git for-each-ref --sort -committerdate --format %(refname) %(objectname) %(*objectname) [1ms]
2024-11-18 07:21:11.744 [info] > git status -z -uall [5ms]
2024-11-18 07:21:12.618 [info] > git ls-files --stage -- /home/gaye/Marine/phase-2-project/src/components/Footer.js [3ms]
2024-11-18 07:21:12.622 [info] > git cat-file -s 47e8ef7fb9735dcf7df8b8c8ad0afb2605c837a6 [1ms]
2024-11-18 07:21:12.633 [info] > git show --textconv :src/components/Footer.js [3ms]
2024-11-18 07:24:12.970 [info] > git ls-files --stage -- /home/gaye/Marine/phase-2-project/src/components/Footer.js [2ms]
2024-11-18 07:24:12.978 [info] > git cat-file -s 47e8ef7fb9735dcf7df8b8c8ad0afb2605c837a6 [2ms]
2024-11-18 07:24:12.991 [info] > git show --textconv :src/components/Footer.js [2ms]
2024-11-18 07:24:15.726 [info] > git fetch [3970ms]
2024-11-18 07:24:15.735 [info] > git config --get commit.template [3ms]
2024-11-18 07:24:15.736 [info] > git for-each-ref --format=%(refname)%00%(upstream:short)%00%(objectname)%00%(upstream:track)%00%(upstream:remotename)%00%(upstream:remoteref) refs/heads/main refs/remotes/main [1ms]
2024-11-18 07:24:15.744 [info] > git for-each-ref --sort -committerdate --format %(refname) %(objectname) %(*objectname) [1ms]
2024-11-18 07:24:15.746 [info] > git status -z -uall [6ms]
2024-11-18 07:24:16.616 [info] > git ls-files --stage -- /home/gaye/Marine/phase-2-project/src/components/Footer.js [0ms]
2024-11-18 07:24:16.620 [info] > git cat-file -s 47e8ef7fb9735dcf7df8b8c8ad0afb2605c837a6 [0ms]
2024-11-18 07:24:16.627 [info] > git show --textconv :src/components/Footer.js [1ms]
2024-11-18 07:27:16.971 [info] > git ls-files --stage -- /home/gaye/Marine/phase-2-project/src/components/Footer.js [1ms]
2024-11-18 07:27:16.975 [info] > git cat-file -s 47e8ef7fb9735dcf7df8b8c8ad0afb2605c837a6 [1ms]
2024-11-18 07:27:16.985 [info] > git show --textconv :src/components/Footer.js [1ms]
2024-11-18 07:27:19.701 [info] > git fetch [3946ms]
2024-11-18 07:27:19.715 [info] > git config --get commit.template [3ms]
2024-11-18 07:27:19.715 [info] > git for-each-ref --format=%(refname)%00%(upstream:short)%00%(objectname)%00%(upstream:track)%00%(upstream:remotename)%00%(upstream:remoteref) refs/heads/main refs/remotes/main [1ms]
2024-11-18 07:27:19.722 [info] > git for-each-ref --sort -committerdate --format %(refname) %(objectname) %(*objectname) [2ms]
2024-11-18 07:27:19.724 [info] > git status -z -uall [6ms]
2024-11-18 07:27:20.594 [info] > git ls-files --stage -- /home/gaye/Marine/phase-2-project/src/components/Footer.js [2ms]
2024-11-18 07:27:20.598 [info] > git cat-file -s 47e8ef7fb9735dcf7df8b8c8ad0afb2605c837a6 [1ms]
2024-11-18 07:27:20.610 [info] > git show --textconv :src/components/Footer.js [2ms]
2024-11-18 07:30:20.943 [info] > git ls-files --stage -- /home/gaye/Marine/phase-2-project/src/components/Footer.js [2ms]
2024-11-18 07:30:20.947 [info] > git cat-file -s 47e8ef7fb9735dcf7df8b8c8ad0afb2605c837a6 [1ms]
2024-11-18 07:30:20.956 [info] > git show --textconv :src/components/Footer.js [2ms]
2024-11-18 07:30:23.623 [info] > git fetch [3893ms]
2024-11-18 07:30:23.636 [info] > git config --get commit.template [3ms]
2024-11-18 07:30:23.640 [info] > git for-each-ref --format=%(refname)%00%(upstream:short)%00%(objectname)%00%(upstream:track)%00%(upstream:remotename)%00%(upstream:remoteref) refs/heads/main refs/remotes/main [2ms]
2024-11-18 07:30:23.646 [info] > git for-each-ref --sort -committerdate --format %(refname) %(objectname) %(*objectname) [1ms]
2024-11-18 07:30:23.649 [info] > git status -z -uall [6ms]
2024-11-18 07:30:24.523 [info] > git ls-files --stage -- /home/gaye/Marine/phase-2-project/src/components/Footer.js [4ms]
2024-11-18 07:30:24.532 [info] > git cat-file -s 47e8ef7fb9735dcf7df8b8c8ad0afb2605c837a6 [4ms]
2024-11-18 07:30:24.547 [info] > git show --textconv :src/components/Footer.js [3ms]
2024-11-18 07:33:24.872 [info] > git ls-files --stage -- /home/gaye/Marine/phase-2-project/src/components/Footer.js [3ms]
2024-11-18 07:33:24.877 [info] > git cat-file -s 47e8ef7fb9735dcf7df8b8c8ad0afb2605c837a6 [1ms]
2024-11-18 07:33:24.887 [info] > git show --textconv :src/components/Footer.js [2ms]
2024-11-18 07:33:27.612 [info] > git fetch [3953ms]
2024-11-18 07:33:27.630 [info] > git config --get commit.template [8ms]
2024-11-18 07:33:27.634 [info] > git for-each-ref --format=%(refname)%00%(upstream:short)%00%(objectname)%00%(upstream:track)%00%(upstream:remotename)%00%(upstream:remoteref) refs/heads/main refs/remotes/main [5ms]
2024-11-18 07:33:27.650 [info] > git for-each-ref --sort -committerdate --format %(refname) %(objectname) %(*objectname) [3ms]
2024-11-18 07:33:27.655 [info] > git status -z -uall [13ms]
2024-11-18 07:33:28.507 [info] > git ls-files --stage -- /home/gaye/Marine/phase-2-project/src/components/Footer.js [2ms]
2024-11-18 07:33:28.513 [info] > git cat-file -s 47e8ef7fb9735dcf7df8b8c8ad0afb2605c837a6 [2ms]
2024-11-18 07:33:28.524 [info] > git show --textconv :src/components/Footer.js [2ms]
2024-11-18 07:36:28.879 [info] > git ls-files --stage -- /home/gaye/Marine/phase-2-project/src/components/Footer.js [4ms]
2024-11-18 07:36:28.882 [info] > git cat-file -s 47e8ef7fb9735dcf7df8b8c8ad0afb2605c837a6 [1ms]
2024-11-18 07:36:28.889 [info] > git show --textconv :src/components/Footer.js [2ms]
2024-11-18 07:36:31.531 [info] > git fetch [3864ms]
2024-11-18 07:36:31.549 [info] > git config --get commit.template [8ms]
2024-11-18 07:36:31.553 [info] > git for-each-ref --format=%(refname)%00%(upstream:short)%00%(objectname)%00%(upstream:track)%00%(upstream:remotename)%00%(upstream:remoteref) refs/heads/main refs/remotes/main [5ms]
2024-11-18 07:36:31.567 [info] > git for-each-ref --sort -committerdate --format %(refname) %(objectname) %(*objectname) [3ms]
2024-11-18 07:36:31.572 [info] > git status -z -uall [13ms]
2024-11-18 07:36:32.419 [info] > git ls-files --stage -- /home/gaye/Marine/phase-2-project/src/components/Footer.js [2ms]
2024-11-18 07:36:32.423 [info] > git cat-file -s 47e8ef7fb9735dcf7df8b8c8ad0afb2605c837a6 [1ms]
2024-11-18 07:36:32.430 [info] > git show --textconv :src/components/Footer.js [1ms]
2024-11-18 07:39:32.799 [info] > git ls-files --stage -- /home/gaye/Marine/phase-2-project/src/components/Footer.js [2ms]
2024-11-18 07:39:32.803 [info] > git cat-file -s 47e8ef7fb9735dcf7df8b8c8ad0afb2605c837a6 [1ms]
2024-11-18 07:39:32.814 [info] > git show --textconv :src/components/Footer.js [2ms]
2024-11-18 07:39:35.558 [info] > git fetch [3975ms]
2024-11-18 07:39:35.572 [info] > git config --get commit.template [4ms]
2024-11-18 07:39:35.583 [info] > git for-each-ref --format=%(refname)%00%(upstream:short)%00%(objectname)%00%(upstream:track)%00%(upstream:remotename)%00%(upstream:remoteref) refs/heads/main refs/remotes/main [5ms]
2024-11-18 07:39:35.603 [info] > git for-each-ref --sort -committerdate --format %(refname) %(objectname) %(*objectname) [3ms]
2024-11-18 07:39:35.609 [info] > git status -z -uall [17ms]
2024-11-18 07:39:36.454 [info] > git ls-files --stage -- /home/gaye/Marine/phase-2-project/src/components/Footer.js [2ms]
2024-11-18 07:39:36.458 [info] > git cat-file -s 47e8ef7fb9735dcf7df8b8c8ad0afb2605c837a6 [2ms]
2024-11-18 07:39:36.469 [info] > git show --textconv :src/components/Footer.js [3ms]
2024-11-18 07:42:36.841 [info] > git ls-files --stage -- /home/gaye/Marine/phase-2-project/src/components/Footer.js [2ms]
2024-11-18 07:42:36.845 [info] > git cat-file -s 47e8ef7fb9735dcf7df8b8c8ad0afb2605c837a6 [1ms]
2024-11-18 07:42:36.853 [info] > git show --textconv :src/components/Footer.js [2ms]
2024-11-18 07:42:39.529 [info] > git fetch [3907ms]
2024-11-18 07:42:39.548 [info] > git config --get commit.template [8ms]
2024-11-18 07:42:39.552 [info] > git for-each-ref --format=%(refname)%00%(upstream:short)%00%(objectname)%00%(upstream:track)%00%(upstream:remotename)%00%(upstream:remoteref) refs/heads/main refs/remotes/main [6ms]
2024-11-18 07:42:39.565 [info] > git for-each-ref --sort -committerdate --format %(refname) %(objectname) %(*objectname) [2ms]
2024-11-18 07:42:39.570 [info] > git status -z -uall [12ms]
2024-11-18 07:42:40.433 [info] > git ls-files --stage -- /home/gaye/Marine/phase-2-project/src/components/Footer.js [4ms]
2024-11-18 07:42:40.444 [info] > git cat-file -s 47e8ef7fb9735dcf7df8b8c8ad0afb2605c837a6 [4ms]
2024-11-18 07:42:40.466 [info] > git show --textconv :src/components/Footer.js [2ms]
2024-11-18 07:45:40.796 [info] > git ls-files --stage -- /home/gaye/Marine/phase-2-project/src/components/Footer.js [3ms]
2024-11-18 07:45:40.802 [info] > git cat-file -s 47e8ef7fb9735dcf7df8b8c8ad0afb2605c837a6 [1ms]
2024-11-18 07:45:40.812 [info] > git show --textconv :src/components/Footer.js [2ms]
2024-11-18 07:45:43.503 [info] > git fetch [3924ms]
2024-11-18 07:45:43.522 [info] > git config --get commit.template [6ms]
2024-11-18 07:45:43.524 [info] > git for-each-ref --format=%(refname)%00%(upstream:short)%00%(objectname)%00%(upstream:track)%00%(upstream:remotename)%00%(upstream:remoteref) refs/heads/main refs/remotes/main [3ms]
2024-11-18 07:45:43.533 [info] > git for-each-ref --sort -committerdate --format %(refname) %(objectname) %(*objectname) [1ms]
2024-11-18 07:45:43.536 [info] > git status -z -uall [8ms]
2024-11-18 07:45:44.394 [info] > git ls-files --stage -- /home/gaye/Marine/phase-2-project/src/components/Footer.js [2ms]
2024-11-18 07:45:44.398 [info] > git cat-file -s 47e8ef7fb9735dcf7df8b8c8ad0afb2605c837a6 [1ms]
2024-11-18 07:45:44.406 [info] > git show --textconv :src/components/Footer.js [2ms]
2024-11-18 07:48:44.761 [info] > git ls-files --stage -- /home/gaye/Marine/phase-2-project/src/components/Footer.js [4ms]
2024-11-18 07:48:44.773 [info] > git cat-file -s 47e8ef7fb9735dcf7df8b8c8ad0afb2605c837a6 [4ms]
2024-11-18 07:48:44.837 [info] > git show --textconv :src/components/Footer.js [6ms]
2024-11-18 07:48:47.408 [info] > git fetch [3863ms]
2024-11-18 07:48:47.423 [info] > git config --get commit.template [6ms]
2024-11-18 07:48:47.425 [info] > git for-each-ref --format=%(refname)%00%(upstream:short)%00%(objectname)%00%(upstream:track)%00%(upstream:remotename)%00%(upstream:remoteref) refs/heads/main refs/remotes/main [3ms]
2024-11-18 07:48:47.436 [info] > git for-each-ref --sort -committerdate --format %(refname) %(objectname) %(*objectname) [2ms]
2024-11-18 07:48:47.440 [info] > git status -z -uall [10ms]
2024-11-18 07:48:48.301 [info] > git ls-files --stage -- /home/gaye/Marine/phase-2-project/src/components/Footer.js [2ms]
2024-11-18 07:48:48.308 [info] > git cat-file -s 47e8ef7fb9735dcf7df8b8c8ad0afb2605c837a6 [3ms]
2024-11-18 07:48:48.324 [info] > git show --textconv :src/components/Footer.js [2ms]
2024-11-18 07:51:48.662 [info] > git ls-files --stage -- /home/gaye/Marine/phase-2-project/src/components/Footer.js [2ms]
2024-11-18 07:51:48.666 [info] > git cat-file -s 47e8ef7fb9735dcf7df8b8c8ad0afb2605c837a6 [1ms]
2024-11-18 07:51:48.676 [info] > git show --textconv :src/components/Footer.js [2ms]
2024-11-18 07:51:51.394 [info] > git fetch [3944ms]
2024-11-18 07:51:51.404 [info] > git config --get commit.template [2ms]
2024-11-18 07:51:51.407 [info] > git for-each-ref --format=%(refname)%00%(upstream:short)%00%(objectname)%00%(upstream:track)%00%(upstream:remotename)%00%(upstream:remoteref) refs/heads/main refs/remotes/main [1ms]
2024-11-18 07:51:51.414 [info] > git for-each-ref --sort -committerdate --format %(refname) %(objectname) %(*objectname) [1ms]
2024-11-18 07:51:51.417 [info] > git status -z -uall [7ms]
2024-11-18 07:51:52.283 [info] > git ls-files --stage -- /home/gaye/Marine/phase-2-project/src/components/Footer.js [2ms]
2024-11-18 07:51:52.287 [info] > git cat-file -s 47e8ef7fb9735dcf7df8b8c8ad0afb2605c837a6 [1ms]
2024-11-18 07:51:52.297 [info] > git show --textconv :src/components/Footer.js [2ms]
2024-11-18 07:54:52.638 [info] > git ls-files --stage -- /home/gaye/Marine/phase-2-project/src/components/Footer.js [1ms]
2024-11-18 07:54:52.642 [info] > git cat-file -s 47e8ef7fb9735dcf7df8b8c8ad0afb2605c837a6 [2ms]
2024-11-18 07:54:52.650 [info] > git show --textconv :src/components/Footer.js [2ms]
2024-11-18 07:54:55.429 [info] > git fetch [4002ms]
2024-11-18 07:54:55.442 [info] > git config --get commit.template [2ms]
2024-11-18 07:54:55.443 [info] > git for-each-ref --format=%(refname)%00%(upstream:short)%00%(objectname)%00%(upstream:track)%00%(upstream:remotename)%00%(upstream:remoteref) refs/heads/main refs/remotes/main [2ms]
2024-11-18 07:54:55.450 [info] > git for-each-ref --sort -committerdate --format %(refname) %(objectname) %(*objectname) [2ms]
2024-11-18 07:54:55.453 [info] > git status -z -uall [7ms]
2024-11-18 07:54:56.329 [info] > git ls-files --stage -- /home/gaye/Marine/phase-2-project/src/components/Footer.js [3ms]
2024-11-18 07:54:56.336 [info] > git cat-file -s 47e8ef7fb9735dcf7df8b8c8ad0afb2605c837a6 [2ms]
2024-11-18 07:54:56.351 [info] > git show --textconv :src/components/Footer.js [2ms]
2024-11-18 07:57:56.677 [info] > git ls-files --stage -- /home/gaye/Marine/phase-2-project/src/components/Footer.js [3ms]
2024-11-18 07:57:56.680 [info] > git cat-file -s 47e8ef7fb9735dcf7df8b8c8ad0afb2605c837a6 [1ms]
2024-11-18 07:57:56.687 [info] > git show --textconv :src/components/Footer.js [1ms]
2024-11-18 07:57:59.345 [info] > git fetch [3881ms]
2024-11-18 07:57:59.361 [info] > git config --get commit.template [4ms]
2024-11-18 07:57:59.364 [info] > git for-each-ref --format=%(refname)%00%(upstream:short)%00%(objectname)%00%(upstream:track)%00%(upstream:remotename)%00%(upstream:remoteref) refs/heads/main refs/remotes/main [2ms]
2024-11-18 07:57:59.371 [info] > git for-each-ref --sort -committerdate --format %(refname) %(objectname) %(*objectname) [2ms]
2024-11-18 07:57:59.374 [info] > git status -z -uall [7ms]
2024-11-18 07:58:00.233 [info] > git ls-files --stage -- /home/gaye/Marine/phase-2-project/src/components/Footer.js [2ms]
2024-11-18 07:58:00.236 [info] > git cat-file -s 47e8ef7fb9735dcf7df8b8c8ad0afb2605c837a6 [1ms]
2024-11-18 07:58:00.245 [info] > git show --textconv :src/components/Footer.js [2ms]
2024-11-18 08:01:00.591 [info] > git ls-files --stage -- /home/gaye/Marine/phase-2-project/src/components/Footer.js [1ms]
2024-11-18 08:01:00.595 [info] > git cat-file -s 47e8ef7fb9735dcf7df8b8c8ad0afb2605c837a6 [1ms]
2024-11-18 08:01:00.602 [info] > git show --textconv :src/components/Footer.js [1ms]
2024-11-18 08:01:03.222 [info] > git fetch [3838ms]
2024-11-18 08:01:03.231 [info] > git config --get commit.template [3ms]
2024-11-18 08:01:03.232 [info] > git for-each-ref --format=%(refname)%00%(upstream:short)%00%(objectname)%00%(upstream:track)%00%(upstream:remotename)%00%(upstream:remoteref) refs/heads/main refs/remotes/main [1ms]
2024-11-18 08:01:03.240 [info] > git for-each-ref --sort -committerdate --format %(refname) %(objectname) %(*objectname) [1ms]
2024-11-18 08:01:03.241 [info] > git status -z -uall [6ms]
2024-11-18 08:01:04.101 [info] > git ls-files --stage -- /home/gaye/Marine/phase-2-project/src/components/Footer.js [3ms]
2024-11-18 08:01:04.110 [info] > git cat-file -s 47e8ef7fb9735dcf7df8b8c8ad0afb2605c837a6 [3ms]
2024-11-18 08:01:04.129 [info] > git show --textconv :src/components/Footer.js [4ms]
2024-11-18 08:04:04.461 [info] > git ls-files --stage -- /home/gaye/Marine/phase-2-project/src/components/Footer.js [1ms]
2024-11-18 08:04:04.465 [info] > git cat-file -s 47e8ef7fb9735dcf7df8b8c8ad0afb2605c837a6 [1ms]
2024-11-18 08:04:04.474 [info] > git show --textconv :src/components/Footer.js [2ms]
2024-11-18 08:04:07.163 [info] > git fetch [3910ms]
2024-11-18 08:04:07.177 [info] > git config --get commit.template [4ms]
2024-11-18 08:04:07.189 [info] > git for-each-ref --format=%(refname)%00%(upstream:short)%00%(objectname)%00%(upstream:track)%00%(upstream:remotename)%00%(upstream:remoteref) refs/heads/main refs/remotes/main [6ms]
2024-11-18 08:04:07.203 [info] > git for-each-ref --sort -committerdate --format %(refname) %(objectname) %(*objectname) [3ms]
2024-11-18 08:04:07.210 [info] > git status -z -uall [13ms]
2024-11-18 08:04:08.048 [info] > git ls-files --stage -- /home/gaye/Marine/phase-2-project/src/components/Footer.js [3ms]
2024-11-18 08:04:08.057 [info] > git cat-file -s 47e8ef7fb9735dcf7df8b8c8ad0afb2605c837a6 [4ms]
2024-11-18 08:04:08.074 [info] > git show --textconv :src/components/Footer.js [3ms]
2024-11-18 08:07:08.434 [info] > git ls-files --stage -- /home/gaye/Marine/phase-2-project/src/components/Footer.js [2ms]
2024-11-18 08:07:08.437 [info] > git cat-file -s 47e8ef7fb9735dcf7df8b8c8ad0afb2605c837a6 [1ms]
2024-11-18 08:07:08.446 [info] > git show --textconv :src/components/Footer.js [2ms]
2024-11-18 08:07:11.066 [info] > git fetch [3847ms]
2024-11-18 08:07:11.084 [info] > git config --get commit.template [8ms]
2024-11-18 08:07:11.088 [info] > git for-each-ref --format=%(refname)%00%(upstream:short)%00%(objectname)%00%(upstream:track)%00%(upstream:remotename)%00%(upstream:remoteref) refs/heads/main refs/remotes/main [6ms]
2024-11-18 08:07:11.105 [info] > git for-each-ref --sort -committerdate --format %(refname) %(objectname) %(*objectname) [3ms]
2024-11-18 08:07:11.108 [info] > git status -z -uall [12ms]
2024-11-18 08:07:11.966 [info] > git ls-files --stage -- /home/gaye/Marine/phase-2-project/src/components/Footer.js [5ms]
2024-11-18 08:07:11.976 [info] > git cat-file -s 47e8ef7fb9735dcf7df8b8c8ad0afb2605c837a6 [2ms]
2024-11-18 08:07:11.988 [info] > git show --textconv :src/components/Footer.js [2ms]
2024-11-18 08:10:12.321 [info] > git ls-files --stage -- /home/gaye/Marine/phase-2-project/src/components/Footer.js [2ms]
2024-11-18 08:10:12.325 [info] > git cat-file -s 47e8ef7fb9735dcf7df8b8c8ad0afb2605c837a6 [1ms]
2024-11-18 08:10:12.334 [info] > git show --textconv :src/components/Footer.js [1ms]
2024-11-18 08:10:15.012 [info] > git fetch [3894ms]
2024-11-18 08:10:15.024 [info] > git config --get commit.template [2ms]
2024-11-18 08:10:15.024 [info] > git for-each-ref --format=%(refname)%00%(upstream:short)%00%(objectname)%00%(upstream:track)%00%(upstream:remotename)%00%(upstream:remoteref) refs/heads/main refs/remotes/main [1ms]
2024-11-18 08:10:15.031 [info] > git for-each-ref --sort -committerdate --format %(refname) %(objectname) %(*objectname) [1ms]
2024-11-18 08:10:15.034 [info] > git status -z -uall [6ms]
2024-11-18 08:10:15.886 [info] > git ls-files --stage -- /home/gaye/Marine/phase-2-project/src/components/Footer.js [2ms]
2024-11-18 08:10:15.894 [info] > git cat-file -s 47e8ef7fb9735dcf7df8b8c8ad0afb2605c837a6 [3ms]
2024-11-18 08:10:15.911 [info] > git show --textconv :src/components/Footer.js [4ms]
2024-11-18 08:13:16.261 [info] > git ls-files --stage -- /home/gaye/Marine/phase-2-project/src/components/Footer.js [2ms]
2024-11-18 08:13:16.265 [info] > git cat-file -s 47e8ef7fb9735dcf7df8b8c8ad0afb2605c837a6 [2ms]
2024-11-18 08:13:16.274 [info] > git show --textconv :src/components/Footer.js [2ms]
2024-11-18 08:13:18.970 [info] > git fetch [3926ms]
2024-11-18 08:13:18.990 [info] > git config --get commit.template [8ms]
2024-11-18 08:13:18.994 [info] > git for-each-ref --format=%(refname)%00%(upstream:short)%00%(objectname)%00%(upstream:track)%00%(upstream:remotename)%00%(upstream:remoteref) refs/heads/main refs/remotes/main [5ms]
2024-11-18 08:13:19.015 [info] > git for-each-ref --sort -committerdate --format %(refname) %(objectname) %(*objectname) [4ms]
2024-11-18 08:13:19.023 [info] > git status -z -uall [20ms]
2024-11-18 08:13:19.868 [info] > git ls-files --stage -- /home/gaye/Marine/phase-2-project/src/components/Footer.js [2ms]
2024-11-18 08:13:19.872 [info] > git cat-file -s 47e8ef7fb9735dcf7df8b8c8ad0afb2605c837a6 [1ms]
2024-11-18 08:13:19.881 [info] > git show --textconv :src/components/Footer.js [1ms]
2024-11-18 08:16:20.241 [info] > git ls-files --stage -- /home/gaye/Marine/phase-2-project/src/components/Footer.js [4ms]
2024-11-18 08:16:20.245 [info] > git cat-file -s 47e8ef7fb9735dcf7df8b8c8ad0afb2605c837a6 [2ms]
2024-11-18 08:16:20.253 [info] > git show --textconv :src/components/Footer.js [2ms]
2024-11-18 08:16:23.017 [info] > git fetch [3982ms]
2024-11-18 08:16:23.037 [info] > git config --get commit.template [8ms]
2024-11-18 08:16:23.041 [info] > git for-each-ref --format=%(refname)%00%(upstream:short)%00%(objectname)%00%(upstream:track)%00%(upstream:remotename)%00%(upstream:remoteref) refs/heads/main refs/remotes/main [5ms]
2024-11-18 08:16:23.053 [info] > git for-each-ref --sort -committerdate --format %(refname) %(objectname) %(*objectname) [2ms]
2024-11-18 08:16:23.057 [info] > git status -z -uall [10ms]
2024-11-18 08:16:23.906 [info] > git ls-files --stage -- /home/gaye/Marine/phase-2-project/src/components/Footer.js [2ms]
2024-11-18 08:16:23.913 [info] > git cat-file -s 47e8ef7fb9735dcf7df8b8c8ad0afb2605c837a6 [3ms]
2024-11-18 08:16:23.927 [info] > git show --textconv :src/components/Footer.js [2ms]
2024-11-18 08:19:24.283 [info] > git ls-files --stage -- /home/gaye/Marine/phase-2-project/src/components/Footer.js [3ms]
2024-11-18 08:19:24.294 [info] > git cat-file -s 47e8ef7fb9735dcf7df8b8c8ad0afb2605c837a6 [3ms]
2024-11-18 08:19:24.311 [info] > git show --textconv :src/components/Footer.js [3ms]
2024-11-18 08:19:26.898 [info] > git fetch [3831ms]
2024-11-18 08:19:26.909 [info] > git config --get commit.template [4ms]
2024-11-18 08:19:26.910 [info] > git for-each-ref --format=%(refname)%00%(upstream:short)%00%(objectname)%00%(upstream:track)%00%(upstream:remotename)%00%(upstream:remoteref) refs/heads/main refs/remotes/main [2ms]
2024-11-18 08:19:26.920 [info] > git for-each-ref --sort -committerdate --format %(refname) %(objectname) %(*objectname) [2ms]
2024-11-18 08:19:26.925 [info] > git status -z -uall [10ms]
2024-11-18 08:19:27.787 [info] > git ls-files --stage -- /home/gaye/Marine/phase-2-project/src/components/Footer.js [2ms]
2024-11-18 08:19:27.792 [info] > git cat-file -s 47e8ef7fb9735dcf7df8b8c8ad0afb2605c837a6 [2ms]
2024-11-18 08:19:27.803 [info] > git show --textconv :src/components/Footer.js [2ms]
2024-11-18 08:22:28.153 [info] > git ls-files --stage -- /home/gaye/Marine/phase-2-project/src/components/Footer.js [3ms]
2024-11-18 08:22:28.157 [info] > git cat-file -s 47e8ef7fb9735dcf7df8b8c8ad0afb2605c837a6 [1ms]
2024-11-18 08:22:28.165 [info] > git show --textconv :src/components/Footer.js [2ms]
2024-11-18 08:22:30.788 [info] > git fetch [3851ms]
2024-11-18 08:22:30.809 [info] > git config --get commit.template [9ms]
2024-11-18 08:22:30.811 [info] > git for-each-ref --format=%(refname)%00%(upstream:short)%00%(objectname)%00%(upstream:track)%00%(upstream:remotename)%00%(upstream:remoteref) refs/heads/main refs/remotes/main [3ms]
2024-11-18 08:22:30.824 [info] > git for-each-ref --sort -committerdate --format %(refname) %(objectname) %(*objectname) [2ms]
2024-11-18 08:22:30.829 [info] > git status -z -uall [11ms]
2024-11-18 08:22:31.675 [info] > git ls-files --stage -- /home/gaye/Marine/phase-2-project/src/components/Footer.js [2ms]
2024-11-18 08:22:31.678 [info] > git cat-file -s 47e8ef7fb9735dcf7df8b8c8ad0afb2605c837a6 [1ms]
2024-11-18 08:22:31.688 [info] > git show --textconv :src/components/Footer.js [2ms]
2024-11-18 08:25:32.046 [info] > git ls-files --stage -- /home/gaye/Marine/phase-2-project/src/components/Footer.js [1ms]
2024-11-18 08:25:32.051 [info] > git cat-file -s 47e8ef7fb9735dcf7df8b8c8ad0afb2605c837a6 [3ms]
2024-11-18 08:25:32.059 [info] > git show --textconv :src/components/Footer.js [2ms]
2024-11-18 08:25:34.655 [info] > git fetch [3818ms]
2024-11-18 08:25:34.669 [info] > git config --get commit.template [3ms]
2024-11-18 08:25:34.671 [info] > git for-each-ref --format=%(refname)%00%(upstream:short)%00%(objectname)%00%(upstream:track)%00%(upstream:remotename)%00%(upstream:remoteref) refs/heads/main refs/remotes/main [1ms]
2024-11-18 08:25:34.680 [info] > git for-each-ref --sort -committerdate --format %(refname) %(objectname) %(*objectname) [1ms]
2024-11-18 08:25:34.682 [info] > git status -z -uall [7ms]
2024-11-18 08:25:35.561 [info] > git ls-files --stage -- /home/gaye/Marine/phase-2-project/src/components/Footer.js [1ms]
2024-11-18 08:25:35.564 [info] > git cat-file -s 47e8ef7fb9735dcf7df8b8c8ad0afb2605c837a6 [1ms]
2024-11-18 08:25:35.572 [info] > git show --textconv :src/components/Footer.js [1ms]
2024-11-18 08:28:35.906 [info] > git ls-files --stage -- /home/gaye/Marine/phase-2-project/src/components/Footer.js [4ms]
2024-11-18 08:28:35.918 [info] > git cat-file -s 47e8ef7fb9735dcf7df8b8c8ad0afb2605c837a6 [5ms]
2024-11-18 08:28:35.933 [info] > git show --textconv :src/components/Footer.js [2ms]
2024-11-18 08:28:38.516 [info] > git fetch [3825ms]
2024-11-18 08:28:38.535 [info] > git config --get commit.template [8ms]
2024-11-18 08:28:38.538 [info] > git for-each-ref --format=%(refname)%00%(upstream:short)%00%(objectname)%00%(upstream:track)%00%(upstream:remotename)%00%(upstream:remoteref) refs/heads/main refs/remotes/main [4ms]
2024-11-18 08:28:38.551 [info] > git for-each-ref --sort -committerdate --format %(refname) %(objectname) %(*objectname) [2ms]
2024-11-18 08:28:38.554 [info] > git status -z -uall [11ms]
2024-11-18 08:28:39.417 [info] > git ls-files --stage -- /home/gaye/Marine/phase-2-project/src/components/Footer.js [1ms]
2024-11-18 08:28:39.422 [info] > git cat-file -s 47e8ef7fb9735dcf7df8b8c8ad0afb2605c837a6 [2ms]
2024-11-18 08:28:39.432 [info] > git show --textconv :src/components/Footer.js [2ms]
2024-11-18 08:31:39.781 [info] > git ls-files --stage -- /home/gaye/Marine/phase-2-project/src/components/Footer.js [2ms]
2024-11-18 08:31:39.785 [info] > git cat-file -s 47e8ef7fb9735dcf7df8b8c8ad0afb2605c837a6 [1ms]
2024-11-18 08:31:39.796 [info] > git show --textconv :src/components/Footer.js [1ms]
2024-11-18 08:31:42.355 [info] > git fetch [3789ms]
2024-11-18 08:31:42.365 [info] > git config --get commit.template [3ms]
2024-11-18 08:31:42.366 [info] > git for-each-ref --format=%(refname)%00%(upstream:short)%00%(objectname)%00%(upstream:track)%00%(upstream:remotename)%00%(upstream:remoteref) refs/heads/main refs/remotes/main [2ms]
2024-11-18 08:31:42.374 [info] > git for-each-ref --sort -committerdate --format %(refname) %(objectname) %(*objectname) [2ms]
2024-11-18 08:31:42.376 [info] > git status -z -uall [6ms]
2024-11-18 08:31:43.250 [info] > git ls-files --stage -- /home/gaye/Marine/phase-2-project/src/components/Footer.js [2ms]
2024-11-18 08:31:43.255 [info] > git cat-file -s 47e8ef7fb9735dcf7df8b8c8ad0afb2605c837a6 [2ms]
2024-11-18 08:31:43.265 [info] > git show --textconv :src/components/Footer.js [2ms]
2024-11-18 08:34:43.601 [info] > git ls-files --stage -- /home/gaye/Marine/phase-2-project/src/components/Footer.js [4ms]
2024-11-18 08:34:43.612 [info] > git cat-file -s 47e8ef7fb9735dcf7df8b8c8ad0afb2605c837a6 [5ms]
2024-11-18 08:34:43.631 [info] > git show --textconv :src/components/Footer.js [4ms]
2024-11-18 08:34:46.275 [info] > git fetch [3889ms]
2024-11-18 08:34:46.293 [info] > git config --get commit.template [8ms]
2024-11-18 08:34:46.296 [info] > git for-each-ref --format=%(refname)%00%(upstream:short)%00%(objectname)%00%(upstream:track)%00%(upstream:remotename)%00%(upstream:remoteref) refs/heads/main refs/remotes/main [5ms]
2024-11-18 08:34:46.313 [info] > git for-each-ref --sort -committerdate --format %(refname) %(objectname) %(*objectname) [2ms]
2024-11-18 08:34:46.316 [info] > git status -z -uall [11ms]
2024-11-18 08:34:47.171 [info] > git ls-files --stage -- /home/gaye/Marine/phase-2-project/src/components/Footer.js [4ms]
2024-11-18 08:34:47.182 [info] > git cat-file -s 47e8ef7fb9735dcf7df8b8c8ad0afb2605c837a6 [4ms]
2024-11-18 08:34:47.195 [info] > git show --textconv :src/components/Footer.js [2ms]
2024-11-18 08:37:47.535 [info] > git ls-files --stage -- /home/gaye/Marine/phase-2-project/src/components/Footer.js [5ms]
2024-11-18 08:37:47.543 [info] > git cat-file -s 47e8ef7fb9735dcf7df8b8c8ad0afb2605c837a6 [2ms]
2024-11-18 08:37:47.559 [info] > git show --textconv :src/components/Footer.js [3ms]
2024-11-18 08:37:50.204 [info] > git fetch [3878ms]
2024-11-18 08:37:50.215 [info] > git config --get commit.template [1ms]
2024-11-18 08:37:50.220 [info] > git for-each-ref --format=%(refname)%00%(upstream:short)%00%(objectname)%00%(upstream:track)%00%(upstream:remotename)%00%(upstream:remoteref) refs/heads/main refs/remotes/main [2ms]
2024-11-18 08:37:50.228 [info] > git for-each-ref --sort -committerdate --format %(refname) %(objectname) %(*objectname) [2ms]
2024-11-18 08:37:50.231 [info] > git status -z -uall [7ms]
2024-11-18 08:37:51.105 [info] > git ls-files --stage -- /home/gaye/Marine/phase-2-project/src/components/Footer.js [1ms]
2024-11-18 08:37:51.110 [info] > git cat-file -s 47e8ef7fb9735dcf7df8b8c8ad0afb2605c837a6 [1ms]
2024-11-18 08:37:51.122 [info] > git show --textconv :src/components/Footer.js [2ms]
2024-11-18 08:40:51.458 [info] > git ls-files --stage -- /home/gaye/Marine/phase-2-project/src/components/Footer.js [1ms]
2024-11-18 08:40:51.462 [info] > git cat-file -s 47e8ef7fb9735dcf7df8b8c8ad0afb2605c837a6 [2ms]
2024-11-18 08:40:51.472 [info] > git show --textconv :src/components/Footer.js [2ms]
2024-11-18 08:40:54.112 [info] > git fetch [3868ms]
2024-11-18 08:40:54.131 [info] > git config --get commit.template [9ms]
2024-11-18 08:40:54.135 [info] > git for-each-ref --format=%(refname)%00%(upstream:short)%00%(objectname)%00%(upstream:track)%00%(upstream:remotename)%00%(upstream:remoteref) refs/heads/main refs/remotes/main [5ms]
2024-11-18 08:40:54.154 [info] > git for-each-ref --sort -committerdate --format %(refname) %(objectname) %(*objectname) [3ms]
2024-11-18 08:40:54.159 [info] > git status -z -uall [15ms]
2024-11-18 08:40:55.000 [info] > git ls-files --stage -- /home/gaye/Marine/phase-2-project/src/components/Footer.js [1ms]
2024-11-18 08:40:55.006 [info] > git cat-file -s 47e8ef7fb9735dcf7df8b8c8ad0afb2605c837a6 [1ms]
2024-11-18 08:40:55.017 [info] > git show --textconv :src/components/Footer.js [3ms]
2024-11-18 08:43:55.383 [info] > git ls-files --stage -- /home/gaye/Marine/phase-2-project/src/components/Footer.js [3ms]
2024-11-18 08:43:55.387 [info] > git cat-file -s 47e8ef7fb9735dcf7df8b8c8ad0afb2605c837a6 [2ms]
2024-11-18 08:43:55.394 [info] > git show --textconv :src/components/Footer.js [1ms]
2024-11-18 08:43:58.050 [info] > git fetch [3881ms]
2024-11-18 08:43:58.059 [info] > git config --get commit.template [3ms]
2024-11-18 08:43:58.061 [info] > git for-each-ref --format=%(refname)%00%(upstream:short)%00%(objectname)%00%(upstream:track)%00%(upstream:remotename)%00%(upstream:remoteref) refs/heads/main refs/remotes/main [2ms]
2024-11-18 08:43:58.070 [info] > git for-each-ref --sort -committerdate --format %(refname) %(objectname) %(*objectname) [2ms]
2024-11-18 08:43:58.072 [info] > git status -z -uall [7ms]
2024-11-18 08:43:58.952 [info] > git ls-files --stage -- /home/gaye/Marine/phase-2-project/src/components/Footer.js [1ms]
2024-11-18 08:43:58.957 [info] > git cat-file -s 47e8ef7fb9735dcf7df8b8c8ad0afb2605c837a6 [2ms]
2024-11-18 08:43:58.970 [info] > git show --textconv :src/components/Footer.js [2ms]
2024-11-18 08:46:59.281 [info] > git ls-files --stage -- /home/gaye/Marine/phase-2-project/src/components/Footer.js [1ms]
2024-11-18 08:46:59.286 [info] > git cat-file -s 47e8ef7fb9735dcf7df8b8c8ad0afb2605c837a6 [1ms]
2024-11-18 08:46:59.295 [info] > git show --textconv :src/components/Footer.js [2ms]
2024-11-18 08:47:02.009 [info] > git fetch [3923ms]
2024-11-18 08:47:02.031 [info] > git config --get commit.template [9ms]
2024-11-18 08:47:02.033 [info] > git for-each-ref --format=%(refname)%00%(upstream:short)%00%(objectname)%00%(upstream:track)%00%(upstream:remotename)%00%(upstream:remoteref) refs/heads/main refs/remotes/main [4ms]
2024-11-18 08:47:02.045 [info] > git for-each-ref --sort -committerdate --format %(refname) %(objectname) %(*objectname) [2ms]
2024-11-18 08:47:02.049 [info] > git status -z -uall [11ms]
2024-11-18 08:47:02.905 [info] > git ls-files --stage -- /home/gaye/Marine/phase-2-project/src/components/Footer.js [1ms]
2024-11-18 08:47:02.909 [info] > git cat-file -s 47e8ef7fb9735dcf7df8b8c8ad0afb2605c837a6 [1ms]
2024-11-18 08:47:02.918 [info] > git show --textconv :src/components/Footer.js [1ms]
2024-11-18 08:50:03.273 [info] > git ls-files --stage -- /home/gaye/Marine/phase-2-project/src/components/Footer.js [3ms]
2024-11-18 08:50:03.276 [info] > git cat-file -s 47e8ef7fb9735dcf7df8b8c8ad0afb2605c837a6 [1ms]
2024-11-18 08:50:03.282 [info] > git show --textconv :src/components/Footer.js [1ms]
2024-11-18 08:50:06.187 [info] > git fetch [4127ms]
2024-11-18 08:50:06.205 [info] > git config --get commit.template [6ms]
2024-11-18 08:50:06.209 [info] > git for-each-ref --format=%(refname)%00%(upstream:short)%00%(objectname)%00%(upstream:track)%00%(upstream:remotename)%00%(upstream:remoteref) refs/heads/main refs/remotes/main [4ms]
2024-11-18 08:50:06.226 [info] > git for-each-ref --sort -committerdate --format %(refname) %(objectname) %(*objectname) [3ms]
2024-11-18 08:50:06.233 [info] > git status -z -uall [17ms]
2024-11-18 08:50:07.071 [info] > git ls-files --stage -- /home/gaye/Marine/phase-2-project/src/components/Footer.js [1ms]
2024-11-18 08:50:07.075 [info] > git cat-file -s 47e8ef7fb9735dcf7df8b8c8ad0afb2605c837a6 [1ms]
2024-11-18 08:50:07.085 [info] > git show --textconv :src/components/Footer.js [2ms]
2024-11-18 08:53:07.457 [info] > git ls-files --stage -- /home/gaye/Marine/phase-2-project/src/components/Footer.js [5ms]
2024-11-18 08:53:07.467 [info] > git cat-file -s 47e8ef7fb9735dcf7df8b8c8ad0afb2605c837a6 [3ms]
2024-11-18 08:53:07.477 [info] > git show --textconv :src/components/Footer.js [1ms]
2024-11-18 08:53:10.214 [info] > git fetch [3973ms]
2024-11-18 08:53:10.235 [info] > git config --get commit.template [9ms]
2024-11-18 08:53:10.239 [info] > git for-each-ref --format=%(refname)%00%(upstream:short)%00%(objectname)%00%(upstream:track)%00%(upstream:remotename)%00%(upstream:remoteref) refs/heads/main refs/remotes/main [6ms]
2024-11-18 08:53:10.256 [info] > git for-each-ref --sort -committerdate --format %(refname) %(objectname) %(*objectname) [3ms]
2024-11-18 08:53:10.259 [info] > git status -z -uall [11ms]
2024-11-18 08:53:11.120 [info] > git ls-files --stage -- /home/gaye/Marine/phase-2-project/src/components/Footer.js [2ms]
2024-11-18 08:53:11.124 [info] > git cat-file -s 47e8ef7fb9735dcf7df8b8c8ad0afb2605c837a6 [2ms]
2024-11-18 08:53:11.132 [info] > git show --textconv :src/components/Footer.js [1ms]
2024-11-18 08:56:11.485 [info] > git ls-files --stage -- /home/gaye/Marine/phase-2-project/src/components/Footer.js [2ms]
2024-11-18 08:56:11.489 [info] > git cat-file -s 47e8ef7fb9735dcf7df8b8c8ad0afb2605c837a6 [1ms]
2024-11-18 08:56:11.498 [info] > git show --textconv :src/components/Footer.js [1ms]
2024-11-18 08:56:14.139 [info] > git fetch [3868ms]
2024-11-18 08:56:14.160 [info] > git config --get commit.template [10ms]
2024-11-18 08:56:14.165 [info] > git for-each-ref --format=%(refname)%00%(upstream:short)%00%(objectname)%00%(upstream:track)%00%(upstream:remotename)%00%(upstream:remoteref) refs/heads/main refs/remotes/main [5ms]
2024-11-18 08:56:14.179 [info] > git for-each-ref --sort -committerdate --format %(refname) %(objectname) %(*objectname) [2ms]
2024-11-18 08:56:14.184 [info] > git status -z -uall [10ms]
2024-11-18 08:56:15.021 [info] > git ls-files --stage -- /home/gaye/Marine/phase-2-project/src/components/Footer.js [3ms]
2024-11-18 08:56:15.028 [info] > git cat-file -s 47e8ef7fb9735dcf7df8b8c8ad0afb2605c837a6 [2ms]
2024-11-18 08:56:15.039 [info] > git show --textconv :src/components/Footer.js [2ms]
2024-11-18 08:59:15.408 [info] > git ls-files --stage -- /home/gaye/Marine/phase-2-project/src/components/Footer.js [3ms]
2024-11-18 08:59:15.412 [info] > git cat-file -s 47e8ef7fb9735dcf7df8b8c8ad0afb2605c837a6 [1ms]
2024-11-18 08:59:15.420 [info] > git show --textconv :src/components/Footer.js [1ms]
2024-11-18 08:59:18.081 [info] > git fetch [3887ms]
2024-11-18 08:59:18.098 [info] > git config --get commit.template [8ms]
2024-11-18 08:59:18.102 [info] > git for-each-ref --format=%(refname)%00%(upstream:short)%00%(objectname)%00%(upstream:track)%00%(upstream:remotename)%00%(upstream:remoteref) refs/heads/main refs/remotes/main [5ms]
2024-11-18 08:59:18.119 [info] > git for-each-ref --sort -committerdate --format %(refname) %(objectname) %(*objectname) [3ms]
2024-11-18 08:59:18.125 [info] > git status -z -uall [14ms]
2024-11-18 08:59:18.981 [info] > git ls-files --stage -- /home/gaye/Marine/phase-2-project/src/components/Footer.js [4ms]
2024-11-18 08:59:18.991 [info] > git cat-file -s 47e8ef7fb9735dcf7df8b8c8ad0afb2605c837a6 [3ms]
2024-11-18 08:59:19.004 [info] > git show --textconv :src/components/Footer.js [3ms]
2024-11-18 09:02:19.346 [info] > git ls-files --stage -- /home/gaye/Marine/phase-2-project/src/components/Footer.js [2ms]
2024-11-18 09:02:19.350 [info] > git cat-file -s 47e8ef7fb9735dcf7df8b8c8ad0afb2605c837a6 [1ms]
2024-11-18 09:02:19.361 [info] > git show --textconv :src/components/Footer.js [2ms]
2024-11-18 09:02:21.992 [info] > git fetch [3857ms]
2024-11-18 09:02:22.006 [info] > git config --get commit.template [4ms]
2024-11-18 09:02:22.007 [info] > git for-each-ref --format=%(refname)%00%(upstream:short)%00%(objectname)%00%(upstream:track)%00%(upstream:remotename)%00%(upstream:remoteref) refs/heads/main refs/remotes/main [1ms]
2024-11-18 09:02:22.015 [info] > git status -z -uall [5ms]
2024-11-18 09:02:22.016 [info] > git for-each-ref --sort -committerdate --format %(refname) %(objectname) %(*objectname) [3ms]
2024-11-18 09:02:22.894 [info] > git ls-files --stage -- /home/gaye/Marine/phase-2-project/src/components/Footer.js [1ms]
2024-11-18 09:02:22.899 [info] > git cat-file -s 47e8ef7fb9735dcf7df8b8c8ad0afb2605c837a6 [2ms]
2024-11-18 09:02:22.909 [info] > git show --textconv :src/components/Footer.js [2ms]
2024-11-18 09:05:23.237 [info] > git ls-files --stage -- /home/gaye/Marine/phase-2-project/src/components/Footer.js [3ms]
2024-11-18 09:05:23.240 [info] > git cat-file -s 47e8ef7fb9735dcf7df8b8c8ad0afb2605c837a6 [1ms]
2024-11-18 09:05:23.249 [info] > git show --textconv :src/components/Footer.js [2ms]
2024-11-18 09:05:25.841 [info] > git fetch [3816ms]
2024-11-18 09:05:25.846 [info] > git config --get commit.template [2ms]
2024-11-18 09:05:25.848 [info] > git for-each-ref --format=%(refname)%00%(upstream:short)%00%(objectname)%00%(upstream:track)%00%(upstream:remotename)%00%(upstream:remoteref) refs/heads/main refs/remotes/main [1ms]
2024-11-18 09:05:25.854 [info] > git for-each-ref --sort -committerdate --format %(refname) %(objectname) %(*objectname) [2ms]
2024-11-18 09:05:25.856 [info] > git status -z -uall [6ms]
2024-11-18 09:05:26.729 [info] > git ls-files --stage -- /home/gaye/Marine/phase-2-project/src/components/Footer.js [1ms]
2024-11-18 09:05:26.733 [info] > git cat-file -s 47e8ef7fb9735dcf7df8b8c8ad0afb2605c837a6 [1ms]
2024-11-18 09:05:26.743 [info] > git show --textconv :src/components/Footer.js [2ms]
2024-11-18 09:08:27.075 [info] > git ls-files --stage -- /home/gaye/Marine/phase-2-project/src/components/Footer.js [3ms]
2024-11-18 09:08:27.079 [info] > git cat-file -s 47e8ef7fb9735dcf7df8b8c8ad0afb2605c837a6 [1ms]
2024-11-18 09:08:27.088 [info] > git show --textconv :src/components/Footer.js [1ms]
2024-11-18 09:08:29.762 [info] > git fetch [3901ms]
2024-11-18 09:08:29.769 [info] > git config --get commit.template [3ms]
2024-11-18 09:08:29.770 [info] > git for-each-ref --format=%(refname)%00%(upstream:short)%00%(objectname)%00%(upstream:track)%00%(upstream:remotename)%00%(upstream:remoteref) refs/heads/main refs/remotes/main [1ms]
2024-11-18 09:08:29.779 [info] > git for-each-ref --sort -committerdate --format %(refname) %(objectname) %(*objectname) [2ms]
2024-11-18 09:08:29.781 [info] > git status -z -uall [7ms]
2024-11-18 09:08:30.663 [info] > git ls-files --stage -- /home/gaye/Marine/phase-2-project/src/components/Footer.js [2ms]
2024-11-18 09:08:30.667 [info] > git cat-file -s 47e8ef7fb9735dcf7df8b8c8ad0afb2605c837a6 [2ms]
2024-11-18 09:08:30.675 [info] > git show --textconv :src/components/Footer.js [2ms]
2024-11-18 09:11:31.006 [info] > git ls-files --stage -- /home/gaye/Marine/phase-2-project/src/components/Footer.js [2ms]
2024-11-18 09:11:31.009 [info] > git cat-file -s 47e8ef7fb9735dcf7df8b8c8ad0afb2605c837a6 [1ms]
2024-11-18 09:11:31.018 [info] > git show --textconv :src/components/Footer.js [1ms]
2024-11-18 09:11:33.614 [info] > git fetch [3823ms]
2024-11-18 09:11:33.625 [info] > git config --get commit.template [4ms]
2024-11-18 09:11:33.626 [info] > git for-each-ref --format=%(refname)%00%(upstream:short)%00%(objectname)%00%(upstream:track)%00%(upstream:remotename)%00%(upstream:remoteref) refs/heads/main refs/remotes/main [2ms]
2024-11-18 09:11:33.633 [info] > git for-each-ref --sort -committerdate --format %(refname) %(objectname) %(*objectname) [2ms]
2024-11-18 09:11:33.635 [info] > git status -z -uall [6ms]
2024-11-18 09:11:34.505 [info] > git ls-files --stage -- /home/gaye/Marine/phase-2-project/src/components/Footer.js [1ms]
2024-11-18 09:11:34.508 [info] > git cat-file -s 47e8ef7fb9735dcf7df8b8c8ad0afb2605c837a6 [1ms]
2024-11-18 09:11:34.516 [info] > git show --textconv :src/components/Footer.js [2ms]
2024-11-18 09:14:34.853 [info] > git ls-files --stage -- /home/gaye/Marine/phase-2-project/src/components/Footer.js [1ms]
2024-11-18 09:14:34.857 [info] > git cat-file -s 47e8ef7fb9735dcf7df8b8c8ad0afb2605c837a6 [1ms]
2024-11-18 09:14:34.867 [info] > git show --textconv :src/components/Footer.js [2ms]
2024-11-18 09:14:37.502 [info] > git fetch [3857ms]
2024-11-18 09:14:37.514 [info] > git config --get commit.template [2ms]
2024-11-18 09:14:37.517 [info] > git for-each-ref --format=%(refname)%00%(upstream:short)%00%(objectname)%00%(upstream:track)%00%(upstream:remotename)%00%(upstream:remoteref) refs/heads/main refs/remotes/main [1ms]
2024-11-18 09:14:37.523 [info] > git for-each-ref --sort -committerdate --format %(refname) %(objectname) %(*objectname) [1ms]
2024-11-18 09:14:37.526 [info] > git status -z -uall [6ms]
2024-11-18 09:14:38.375 [info] > git ls-files --stage -- /home/gaye/Marine/phase-2-project/src/components/Footer.js [4ms]
2024-11-18 09:14:38.386 [info] > git cat-file -s 47e8ef7fb9735dcf7df8b8c8ad0afb2605c837a6 [4ms]
2024-11-18 09:14:38.403 [info] > git show --textconv :src/components/Footer.js [3ms]
2024-11-18 09:17:38.749 [info] > git ls-files --stage -- /home/gaye/Marine/phase-2-project/src/components/Footer.js [3ms]
2024-11-18 09:17:38.752 [info] > git cat-file -s 47e8ef7fb9735dcf7df8b8c8ad0afb2605c837a6 [1ms]
2024-11-18 09:17:38.761 [info] > git show --textconv :src/components/Footer.js [2ms]
2024-11-18 09:17:41.374 [info] > git fetch [3839ms]
2024-11-18 09:17:41.382 [info] > git config --get commit.template [2ms]
2024-11-18 09:17:41.383 [info] > git for-each-ref --format=%(refname)%00%(upstream:short)%00%(objectname)%00%(upstream:track)%00%(upstream:remotename)%00%(upstream:remoteref) refs/heads/main refs/remotes/main [2ms]
2024-11-18 09:17:41.390 [info] > git for-each-ref --sort -committerdate --format %(refname) %(objectname) %(*objectname) [2ms]
2024-11-18 09:17:41.393 [info] > git status -z -uall [8ms]
2024-11-18 09:17:42.253 [info] > git ls-files --stage -- /home/gaye/Marine/phase-2-project/src/components/Footer.js [2ms]
2024-11-18 09:17:42.259 [info] > git cat-file -s 47e8ef7fb9735dcf7df8b8c8ad0afb2605c837a6 [2ms]
2024-11-18 09:17:42.270 [info] > git show --textconv :src/components/Footer.js [2ms]
2024-11-18 09:20:42.618 [info] > git ls-files --stage -- /home/gaye/Marine/phase-2-project/src/components/Footer.js [4ms]
2024-11-18 09:20:42.628 [info] > git cat-file -s 47e8ef7fb9735dcf7df8b8c8ad0afb2605c837a6 [3ms]
2024-11-18 09:20:42.642 [info] > git show --textconv :src/components/Footer.js [3ms]
2024-11-18 09:20:45.291 [info] > git fetch [3889ms]
2024-11-18 09:20:45.307 [info] > git config --get commit.template [4ms]
2024-11-18 09:20:45.308 [info] > git for-each-ref --format=%(refname)%00%(upstream:short)%00%(objectname)%00%(upstream:track)%00%(upstream:remotename)%00%(upstream:remoteref) refs/heads/main refs/remotes/main [1ms]
2024-11-18 09:20:45.315 [info] > git for-each-ref --sort -committerdate --format %(refname) %(objectname) %(*objectname) [1ms]
2024-11-18 09:20:45.317 [info] > git status -z -uall [6ms]
2024-11-18 09:20:46.173 [info] > git ls-files --stage -- /home/gaye/Marine/phase-2-project/src/components/Footer.js [2ms]
2024-11-18 09:20:46.178 [info] > git cat-file -s 47e8ef7fb9735dcf7df8b8c8ad0afb2605c837a6 [1ms]
2024-11-18 09:20:46.189 [info] > git show --textconv :src/components/Footer.js [2ms]
2024-11-18 09:23:46.541 [info] > git ls-files --stage -- /home/gaye/Marine/phase-2-project/src/components/Footer.js [4ms]
2024-11-18 09:23:46.549 [info] > git cat-file -s 47e8ef7fb9735dcf7df8b8c8ad0afb2605c837a6 [3ms]
2024-11-18 09:23:46.562 [info] > git show --textconv :src/components/Footer.js [2ms]
2024-11-18 09:23:49.259 [info] > git fetch [3934ms]
2024-11-18 09:23:49.277 [info] > git config --get commit.template [8ms]
2024-11-18 09:23:49.281 [info] > git for-each-ref --format=%(refname)%00%(upstream:short)%00%(objectname)%00%(upstream:track)%00%(upstream:remotename)%00%(upstream:remoteref) refs/heads/main refs/remotes/main [5ms]
2024-11-18 09:23:49.299 [info] > git for-each-ref --sort -committerdate --format %(refname) %(objectname) %(*objectname) [2ms]
2024-11-18 09:23:49.305 [info] > git status -z -uall [15ms]
2024-11-18 09:23:50.124 [info] > git ls-files --stage -- /home/gaye/Marine/phase-2-project/src/components/Footer.js [3ms]
2024-11-18 09:23:50.133 [info] > git cat-file -s 47e8ef7fb9735dcf7df8b8c8ad0afb2605c837a6 [3ms]
2024-11-18 09:23:50.147 [info] > git show --textconv :src/components/Footer.js [2ms]
