2024-11-17 17:20:53.275 [info] [main] Log level: Info
2024-11-17 17:20:53.275 [info] [main] Validating found git in: "git"
2024-11-17 17:20:53.275 [info] [main] Using git "2.47.0" from "git"
2024-11-17 17:20:53.275 [info] [Model][doInitialScan] Initial repository scan started
2024-11-17 17:20:53.275 [info] > git rev-parse --show-toplevel [83ms]
2024-11-17 17:20:53.275 [info] > git rev-parse --git-dir --git-common-dir [133ms]
2024-11-17 17:20:53.275 [info] [Model][openRepository] Opened repository: /home/gaye/Development/se-prep/phase-2/react-hooks-component-props-mini-project
2024-11-17 17:20:53.295 [info] > git rev-parse --show-toplevel [293ms]
2024-11-17 17:20:53.298 [info] > git config --get commit.template [302ms]
2024-11-17 17:20:53.498 [info] > git for-each-ref --format=%(refname)%00%(upstream:short)%00%(objectname)%00%(upstream:track)%00%(upstream:remotename)%00%(upstream:remoteref) refs/heads/master refs/remotes/master [179ms]
2024-11-17 17:20:53.500 [info] > git rev-parse --show-toplevel [187ms]
2024-11-17 17:20:53.514 [warning] [Git][revParse] Unable to read file: ENOENT: no such file or directory, open '/home/gaye/Development/se-prep/phase-2/react-hooks-component-props-mini-project/.git/refs/remotes/origin/master'
2024-11-17 17:20:53.559 [info] > git rev-parse --show-toplevel [41ms]
2024-11-17 17:20:53.561 [info] > git rev-parse refs/remotes/origin/master [47ms]
2024-11-17 17:20:53.742 [info] > git status -z -uall [166ms]
2024-11-17 17:20:53.743 [info] > git for-each-ref --sort -committerdate --format %(refname) %(objectname) %(*objectname) [158ms]
2024-11-17 17:20:53.831 [info] > git for-each-ref --format=%(refname)%00%(upstream:short)%00%(objectname)%00%(upstream:track)%00%(upstream:remotename)%00%(upstream:remoteref) refs/heads/master refs/remotes/master [66ms]
2024-11-17 17:20:53.837 [info] > git rev-parse --show-toplevel [243ms]
2024-11-17 17:20:53.863 [info] > git check-ignore -v -z --stdin [19ms]
2024-11-17 17:20:53.865 [info] > git config --local branch.master.vscode-merge-base [29ms]
2024-11-17 17:20:53.894 [info] > git config --get commit.template [115ms]
2024-11-17 17:20:53.966 [info] > git for-each-ref --format=%(refname)%00%(upstream:short)%00%(objectname)%00%(upstream:track)%00%(upstream:remotename)%00%(upstream:remoteref) refs/heads/origin/master refs/remotes/origin/master [74ms]
2024-11-17 17:20:53.975 [info] > git rev-parse --show-toplevel [125ms]
2024-11-17 17:20:53.987 [info] > git merge-base refs/heads/master refs/remotes/origin/master [13ms]
2024-11-17 17:20:53.995 [info] > git rev-parse --show-toplevel [11ms]
2024-11-17 17:20:54.000 [info] [Model][doInitialScan] Initial repository scan completed - repositories (1), closed repositories (0), parent repositories (0), unsafe repositories (0)
2024-11-17 17:20:54.013 [info] > git for-each-ref --format=%(refname)%00%(upstream:short)%00%(objectname)%00%(upstream:track)%00%(upstream:remotename)%00%(upstream:remoteref) refs/heads/master refs/remotes/master [33ms]
2024-11-17 17:20:54.019 [warning] [Git][revParse] Unable to read file: ENOENT: no such file or directory, open '/home/gaye/Development/se-prep/phase-2/react-hooks-component-props-mini-project/.git/refs/remotes/origin/master'
2024-11-17 17:20:54.025 [info] > git show --textconv :src/data/blog.js [19ms]
2024-11-17 17:20:54.025 [info] > git ls-files --stage -- /home/gaye/Development/se-prep/phase-2/react-hooks-component-props-mini-project/src/data/blog.js [12ms]
2024-11-17 17:20:54.033 [info] > git diff --name-status -z --diff-filter=ADMR 5e4028ccd6d6e547ba9f0f91ba3988816407f013...refs/remotes/origin/master [40ms]
2024-11-17 17:20:54.038 [info] > git cat-file -s 3a830265128190242fa85d6215d02e4b9bd17716 [7ms]
2024-11-17 17:20:54.040 [info] > git rev-parse refs/remotes/origin/master [20ms]
2024-11-17 17:20:54.052 [info] > git status -z -uall [8ms]
2024-11-17 17:20:54.055 [info] > git for-each-ref --sort -committerdate --format %(refname) %(objectname) %(*objectname) [6ms]
2024-11-17 17:20:56.758 [info] > git fetch [3810ms]
2024-11-17 17:20:56.767 [info] > git config --get commit.template [4ms]
2024-11-17 17:20:56.768 [info] > git for-each-ref --format=%(refname)%00%(upstream:short)%00%(objectname)%00%(upstream:track)%00%(upstream:remotename)%00%(upstream:remoteref) refs/heads/master refs/remotes/master [2ms]
2024-11-17 17:20:56.772 [warning] [Git][revParse] Unable to read file: ENOENT: no such file or directory, open '/home/gaye/Development/se-prep/phase-2/react-hooks-component-props-mini-project/.git/refs/remotes/origin/master'
2024-11-17 17:20:56.775 [info] > git rev-parse refs/remotes/origin/master [3ms]
2024-11-17 17:20:56.784 [info] > git status -z -uall [5ms]
2024-11-17 17:20:56.786 [info] > git for-each-ref --sort -committerdate --format %(refname) %(objectname) %(*objectname) [4ms]
2024-11-17 17:20:57.652 [info] > git ls-files --stage -- /home/gaye/Development/se-prep/phase-2/react-hooks-component-props-mini-project/src/data/blog.js [1ms]
2024-11-17 17:20:57.656 [info] > git cat-file -s 3a830265128190242fa85d6215d02e4b9bd17716 [1ms]
2024-11-17 17:20:57.665 [info] > git show --textconv :src/data/blog.js [2ms]
2024-11-17 17:20:58.047 [info] > git show --textconv :src/components/Posts.js [3ms]
2024-11-17 17:20:58.049 [info] > git ls-files --stage -- /home/gaye/Development/se-prep/phase-2/react-hooks-component-props-mini-project/src/components/Posts.js [1ms]
2024-11-17 17:20:59.816 [info] > git show --textconv :src/components/App.js [2ms]
2024-11-17 17:20:59.816 [info] > git ls-files --stage -- /home/gaye/Development/se-prep/phase-2/react-hooks-component-props-mini-project/src/components/App.js [1ms]
2024-11-17 17:20:59.820 [info] > git cat-file -s 5364d521182bf9016bd742a3b0c4d49f3c429297 [1ms]
2024-11-17 17:21:14.294 [info] > git show --textconv :src/components/Posts.js [2ms]
2024-11-17 17:21:14.295 [info] > git ls-files --stage -- /home/gaye/Development/se-prep/phase-2/react-hooks-component-props-mini-project/src/components/Posts.js [2ms]
2024-11-17 17:21:51.710 [info] > git config --get commit.template [7ms]
2024-11-17 17:21:51.711 [info] > git for-each-ref --format=%(refname)%00%(upstream:short)%00%(objectname)%00%(upstream:track)%00%(upstream:remotename)%00%(upstream:remoteref) refs/heads/master refs/remotes/master [3ms]
2024-11-17 17:21:51.715 [warning] [Git][revParse] Unable to read file: ENOENT: no such file or directory, open '/home/gaye/Development/se-prep/phase-2/react-hooks-component-props-mini-project/.git/refs/remotes/origin/master'
2024-11-17 17:21:51.717 [info] > git rev-parse refs/remotes/origin/master [1ms]
2024-11-17 17:21:51.727 [info] > git status -z -uall [6ms]
2024-11-17 17:21:51.730 [info] > git for-each-ref --sort -committerdate --format %(refname) %(objectname) %(*objectname) [5ms]
2024-11-17 17:22:18.702 [info] > git config --get commit.template [6ms]
2024-11-17 17:22:18.711 [info] > git for-each-ref --format=%(refname)%00%(upstream:short)%00%(objectname)%00%(upstream:track)%00%(upstream:remotename)%00%(upstream:remoteref) refs/heads/master refs/remotes/master [1ms]
2024-11-17 17:22:18.716 [warning] [Git][revParse] Unable to read file: ENOENT: no such file or directory, open '/home/gaye/Development/se-prep/phase-2/react-hooks-component-props-mini-project/.git/refs/remotes/origin/master'
2024-11-17 17:22:18.718 [info] > git rev-parse refs/remotes/origin/master [1ms]
2024-11-17 17:22:18.728 [info] > git status -z -uall [6ms]
2024-11-17 17:22:18.729 [info] > git for-each-ref --sort -committerdate --format %(refname) %(objectname) %(*objectname) [2ms]
2024-11-17 17:22:23.756 [info] > git config --get commit.template [7ms]
2024-11-17 17:22:23.756 [info] > git for-each-ref --format=%(refname)%00%(upstream:short)%00%(objectname)%00%(upstream:track)%00%(upstream:remotename)%00%(upstream:remoteref) refs/heads/master refs/remotes/master [2ms]
2024-11-17 17:22:23.760 [warning] [Git][revParse] Unable to read file: ENOENT: no such file or directory, open '/home/gaye/Development/se-prep/phase-2/react-hooks-component-props-mini-project/.git/refs/remotes/origin/master'
2024-11-17 17:22:23.761 [info] > git rev-parse refs/remotes/origin/master [1ms]
2024-11-17 17:22:23.770 [info] > git status -z -uall [5ms]
2024-11-17 17:22:23.771 [info] > git for-each-ref --sort -committerdate --format %(refname) %(objectname) %(*objectname) [3ms]
2024-11-17 17:22:33.172 [info] > git config --get commit.template [4ms]
2024-11-17 17:22:33.172 [info] > git for-each-ref --format=%(refname)%00%(upstream:short)%00%(objectname)%00%(upstream:track)%00%(upstream:remotename)%00%(upstream:remoteref) refs/heads/master refs/remotes/master [1ms]
2024-11-17 17:22:33.175 [warning] [Git][revParse] Unable to read file: ENOENT: no such file or directory, open '/home/gaye/Development/se-prep/phase-2/react-hooks-component-props-mini-project/.git/refs/remotes/origin/master'
2024-11-17 17:22:33.177 [info] > git rev-parse refs/remotes/origin/master [2ms]
2024-11-17 17:22:33.184 [info] > git status -z -uall [4ms]
2024-11-17 17:22:33.186 [info] > git for-each-ref --sort -committerdate --format %(refname) %(objectname) %(*objectname) [3ms]
2024-11-17 17:22:38.200 [info] > git config --get commit.template [2ms]
2024-11-17 17:22:38.204 [info] > git for-each-ref --format=%(refname)%00%(upstream:short)%00%(objectname)%00%(upstream:track)%00%(upstream:remotename)%00%(upstream:remoteref) refs/heads/master refs/remotes/master [1ms]
2024-11-17 17:22:38.206 [warning] [Git][revParse] Unable to read file: ENOENT: no such file or directory, open '/home/gaye/Development/se-prep/phase-2/react-hooks-component-props-mini-project/.git/refs/remotes/origin/master'
2024-11-17 17:22:38.207 [info] > git rev-parse refs/remotes/origin/master [1ms]
2024-11-17 17:22:38.212 [info] > git status -z -uall [3ms]
2024-11-17 17:22:38.213 [info] > git for-each-ref --sort -committerdate --format %(refname) %(objectname) %(*objectname) [1ms]
2024-11-17 17:22:53.192 [info] > git config --get commit.template [3ms]
2024-11-17 17:22:53.202 [info] > git for-each-ref --format=%(refname)%00%(upstream:short)%00%(objectname)%00%(upstream:track)%00%(upstream:remotename)%00%(upstream:remoteref) refs/heads/master refs/remotes/master [3ms]
2024-11-17 17:22:53.212 [warning] [Git][revParse] Unable to read file: ENOENT: no such file or directory, open '/home/gaye/Development/se-prep/phase-2/react-hooks-component-props-mini-project/.git/refs/remotes/origin/master'
2024-11-17 17:22:53.213 [info] > git rev-parse refs/remotes/origin/master [1ms]
2024-11-17 17:22:53.224 [info] > git status -z -uall [6ms]
2024-11-17 17:22:53.225 [info] > git for-each-ref --sort -committerdate --format %(refname) %(objectname) %(*objectname) [2ms]
2024-11-17 17:23:01.300 [info] > git show --textconv :src/components/App.js [4ms]
2024-11-17 17:23:01.301 [info] > git ls-files --stage -- /home/gaye/Development/se-prep/phase-2/react-hooks-component-props-mini-project/src/components/App.js [2ms]
2024-11-17 17:23:01.305 [info] > git cat-file -s 5364d521182bf9016bd742a3b0c4d49f3c429297 [1ms]
2024-11-17 17:23:08.188 [info] > git config --get commit.template [3ms]
2024-11-17 17:23:08.189 [info] > git for-each-ref --format=%(refname)%00%(upstream:short)%00%(objectname)%00%(upstream:track)%00%(upstream:remotename)%00%(upstream:remoteref) refs/heads/master refs/remotes/master [1ms]
2024-11-17 17:23:08.191 [warning] [Git][revParse] Unable to read file: ENOENT: no such file or directory, open '/home/gaye/Development/se-prep/phase-2/react-hooks-component-props-mini-project/.git/refs/remotes/origin/master'
2024-11-17 17:23:08.192 [info] > git rev-parse refs/remotes/origin/master [1ms]
2024-11-17 17:23:08.198 [info] > git status -z -uall [3ms]
2024-11-17 17:23:08.199 [info] > git for-each-ref --sort -committerdate --format %(refname) %(objectname) %(*objectname) [2ms]
2024-11-17 17:23:14.954 [info] > git show --textconv :src/components/Posts.js [3ms]
2024-11-17 17:23:14.955 [info] > git ls-files --stage -- /home/gaye/Development/se-prep/phase-2/react-hooks-component-props-mini-project/src/components/Posts.js [2ms]
2024-11-17 17:23:17.021 [info] > git show --textconv :src/data/blog.js [17ms]
2024-11-17 17:23:17.022 [info] > git ls-files --stage -- /home/gaye/Development/se-prep/phase-2/react-hooks-component-props-mini-project/src/data/blog.js [8ms]
2024-11-17 17:23:17.039 [info] > git cat-file -s 3a830265128190242fa85d6215d02e4b9bd17716 [8ms]
2024-11-17 17:23:28.397 [info] > git show --textconv :src/components/About.js [5ms]
2024-11-17 17:23:28.398 [info] > git ls-files --stage -- /home/gaye/Development/se-prep/phase-2/react-hooks-component-props-mini-project/src/components/About.js [3ms]
2024-11-17 17:23:30.903 [info] > git show --textconv :src/data/blog.js [8ms]
2024-11-17 17:23:30.906 [info] > git ls-files --stage -- /home/gaye/Development/se-prep/phase-2/react-hooks-component-props-mini-project/src/data/blog.js [5ms]
2024-11-17 17:23:30.917 [info] > git cat-file -s 3a830265128190242fa85d6215d02e4b9bd17716 [5ms]
2024-11-17 17:23:31.722 [info] > git show --textconv :src/components/Posts.js [6ms]
2024-11-17 17:23:31.723 [info] > git ls-files --stage -- /home/gaye/Development/se-prep/phase-2/react-hooks-component-props-mini-project/src/components/Posts.js [2ms]
2024-11-17 17:23:39.665 [info] > git config --get commit.template [9ms]
2024-11-17 17:23:39.667 [info] > git for-each-ref --format=%(refname)%00%(upstream:short)%00%(objectname)%00%(upstream:track)%00%(upstream:remotename)%00%(upstream:remoteref) refs/heads/master refs/remotes/master [2ms]
2024-11-17 17:23:39.671 [warning] [Git][revParse] Unable to read file: ENOENT: no such file or directory, open '/home/gaye/Development/se-prep/phase-2/react-hooks-component-props-mini-project/.git/refs/remotes/origin/master'
2024-11-17 17:23:39.673 [info] > git rev-parse refs/remotes/origin/master [2ms]
2024-11-17 17:23:39.683 [info] > git status -z -uall [6ms]
2024-11-17 17:23:39.684 [info] > git for-each-ref --sort -committerdate --format %(refname) %(objectname) %(*objectname) [3ms]
2024-11-17 17:23:48.755 [info] > git config --get commit.template [6ms]
2024-11-17 17:23:48.756 [info] > git for-each-ref --format=%(refname)%00%(upstream:short)%00%(objectname)%00%(upstream:track)%00%(upstream:remotename)%00%(upstream:remoteref) refs/heads/master refs/remotes/master [2ms]
2024-11-17 17:23:48.760 [warning] [Git][revParse] Unable to read file: ENOENT: no such file or directory, open '/home/gaye/Development/se-prep/phase-2/react-hooks-component-props-mini-project/.git/refs/remotes/origin/master'
2024-11-17 17:23:48.761 [info] > git rev-parse refs/remotes/origin/master [1ms]
2024-11-17 17:23:48.767 [info] > git status -z -uall [3ms]
2024-11-17 17:23:48.768 [info] > git for-each-ref --sort -committerdate --format %(refname) %(objectname) %(*objectname) [1ms]
2024-11-17 17:23:53.267 [info] > git show --textconv :src/components/App.js [3ms]
2024-11-17 17:23:53.267 [info] > git ls-files --stage -- /home/gaye/Development/se-prep/phase-2/react-hooks-component-props-mini-project/src/components/App.js [1ms]
2024-11-17 17:23:53.270 [info] > git cat-file -s 5364d521182bf9016bd742a3b0c4d49f3c429297 [1ms]
2024-11-17 17:23:56.694 [info] > git config --get commit.template [7ms]
2024-11-17 17:23:56.696 [info] > git for-each-ref --format=%(refname)%00%(upstream:short)%00%(objectname)%00%(upstream:track)%00%(upstream:remotename)%00%(upstream:remoteref) refs/heads/master refs/remotes/master [3ms]
2024-11-17 17:23:56.701 [warning] [Git][revParse] Unable to read file: ENOENT: no such file or directory, open '/home/gaye/Development/se-prep/phase-2/react-hooks-component-props-mini-project/.git/refs/remotes/origin/master'
2024-11-17 17:23:56.703 [info] > git rev-parse refs/remotes/origin/master [2ms]
2024-11-17 17:23:56.711 [info] > git status -z -uall [4ms]
2024-11-17 17:23:56.712 [info] > git for-each-ref --sort -committerdate --format %(refname) %(objectname) %(*objectname) [2ms]
2024-11-17 17:23:57.997 [info] > git ls-files --stage -- /home/gaye/Development/se-prep/phase-2/react-hooks-component-props-mini-project/src/components/App.js [1ms]
2024-11-17 17:23:58.001 [info] > git cat-file -s 5364d521182bf9016bd742a3b0c4d49f3c429297 [2ms]
2024-11-17 17:23:58.010 [info] > git show --textconv :src/components/App.js [1ms]
2024-11-17 17:24:00.611 [info] > git fetch [3814ms]
2024-11-17 17:24:00.625 [info] > git config --get commit.template [7ms]
2024-11-17 17:24:00.626 [info] > git for-each-ref --format=%(refname)%00%(upstream:short)%00%(objectname)%00%(upstream:track)%00%(upstream:remotename)%00%(upstream:remoteref) refs/heads/master refs/remotes/master [2ms]
2024-11-17 17:24:00.630 [warning] [Git][revParse] Unable to read file: ENOENT: no such file or directory, open '/home/gaye/Development/se-prep/phase-2/react-hooks-component-props-mini-project/.git/refs/remotes/origin/master'
2024-11-17 17:24:00.631 [info] > git rev-parse refs/remotes/origin/master [1ms]
2024-11-17 17:24:00.639 [info] > git status -z -uall [5ms]
2024-11-17 17:24:00.640 [info] > git for-each-ref --sort -committerdate --format %(refname) %(objectname) %(*objectname) [1ms]
2024-11-17 17:24:01.512 [info] > git ls-files --stage -- /home/gaye/Development/se-prep/phase-2/react-hooks-component-props-mini-project/src/components/App.js [4ms]
2024-11-17 17:24:01.522 [info] > git cat-file -s 5364d521182bf9016bd742a3b0c4d49f3c429297 [2ms]
2024-11-17 17:24:01.534 [info] > git show --textconv :src/components/App.js [2ms]
2024-11-17 17:24:40.079 [info] > git config --get commit.template [14ms]
2024-11-17 17:24:40.080 [info] > git for-each-ref --format=%(refname)%00%(upstream:short)%00%(objectname)%00%(upstream:track)%00%(upstream:remotename)%00%(upstream:remoteref) refs/heads/master refs/remotes/master [4ms]
2024-11-17 17:24:40.085 [warning] [Git][revParse] Unable to read file: ENOENT: no such file or directory, open '/home/gaye/Development/se-prep/phase-2/react-hooks-component-props-mini-project/.git/refs/remotes/origin/master'
2024-11-17 17:24:40.087 [info] > git rev-parse refs/remotes/origin/master [2ms]
2024-11-17 17:24:40.103 [info] > git status -z -uall [10ms]
2024-11-17 17:24:40.105 [info] > git for-each-ref --sort -committerdate --format %(refname) %(objectname) %(*objectname) [6ms]
2024-11-17 17:24:45.139 [info] > git config --get commit.template [12ms]
2024-11-17 17:24:45.141 [info] > git for-each-ref --format=%(refname)%00%(upstream:short)%00%(objectname)%00%(upstream:track)%00%(upstream:remotename)%00%(upstream:remoteref) refs/heads/master refs/remotes/master [4ms]
2024-11-17 17:24:45.147 [warning] [Git][revParse] Unable to read file: ENOENT: no such file or directory, open '/home/gaye/Development/se-prep/phase-2/react-hooks-component-props-mini-project/.git/refs/remotes/origin/master'
2024-11-17 17:24:45.149 [info] > git rev-parse refs/remotes/origin/master [2ms]
2024-11-17 17:24:45.159 [info] > git status -z -uall [5ms]
2024-11-17 17:24:45.161 [info] > git for-each-ref --sort -committerdate --format %(refname) %(objectname) %(*objectname) [3ms]
2024-11-17 17:24:59.079 [info] > git show --textconv :src/data/blog.js [11ms]
2024-11-17 17:24:59.082 [info] > git ls-files --stage -- /home/gaye/Development/se-prep/phase-2/react-hooks-component-props-mini-project/src/data/blog.js [4ms]
2024-11-17 17:24:59.092 [info] > git cat-file -s 3a830265128190242fa85d6215d02e4b9bd17716 [3ms]
2024-11-17 17:25:25.041 [info] > git config --get commit.template [4ms]
2024-11-17 17:25:25.041 [info] > git for-each-ref --format=%(refname)%00%(upstream:short)%00%(objectname)%00%(upstream:track)%00%(upstream:remotename)%00%(upstream:remoteref) refs/heads/master refs/remotes/master [1ms]
2024-11-17 17:25:25.044 [warning] [Git][revParse] Unable to read file: ENOENT: no such file or directory, open '/home/gaye/Development/se-prep/phase-2/react-hooks-component-props-mini-project/.git/refs/remotes/origin/master'
2024-11-17 17:25:25.046 [info] > git rev-parse refs/remotes/origin/master [1ms]
2024-11-17 17:25:25.054 [info] > git status -z -uall [5ms]
2024-11-17 17:25:25.055 [info] > git for-each-ref --sort -committerdate --format %(refname) %(objectname) %(*objectname) [2ms]
2024-11-17 17:25:30.068 [info] > git config --get commit.template [1ms]
2024-11-17 17:25:30.074 [info] > git for-each-ref --format=%(refname)%00%(upstream:short)%00%(objectname)%00%(upstream:track)%00%(upstream:remotename)%00%(upstream:remoteref) refs/heads/master refs/remotes/master [2ms]
2024-11-17 17:25:30.078 [warning] [Git][revParse] Unable to read file: ENOENT: no such file or directory, open '/home/gaye/Development/se-prep/phase-2/react-hooks-component-props-mini-project/.git/refs/remotes/origin/master'
2024-11-17 17:25:30.080 [info] > git rev-parse refs/remotes/origin/master [2ms]
2024-11-17 17:25:30.090 [info] > git for-each-ref --sort -committerdate --format %(refname) %(objectname) %(*objectname) [2ms]
2024-11-17 17:25:30.095 [info] > git status -z -uall [11ms]
2024-11-17 17:26:30.163 [info] > git config --get commit.template [6ms]
2024-11-17 17:26:30.164 [info] > git for-each-ref --format=%(refname)%00%(upstream:short)%00%(objectname)%00%(upstream:track)%00%(upstream:remotename)%00%(upstream:remoteref) refs/heads/master refs/remotes/master [3ms]
2024-11-17 17:26:30.168 [warning] [Git][revParse] Unable to read file: ENOENT: no such file or directory, open '/home/gaye/Development/se-prep/phase-2/react-hooks-component-props-mini-project/.git/refs/remotes/origin/master'
2024-11-17 17:26:30.169 [info] > git rev-parse refs/remotes/origin/master [2ms]
2024-11-17 17:26:30.176 [info] > git status -z -uall [4ms]
2024-11-17 17:26:30.177 [info] > git for-each-ref --sort -committerdate --format %(refname) %(objectname) %(*objectname) [2ms]
2024-11-17 17:26:33.178 [info] > git show --textconv :src/components/Posts.js [7ms]
2024-11-17 17:26:33.180 [info] > git ls-files --stage -- /home/gaye/Development/se-prep/phase-2/react-hooks-component-props-mini-project/src/components/Posts.js [4ms]
2024-11-17 17:26:38.403 [info] > git config --get commit.template [4ms]
2024-11-17 17:26:38.403 [info] > git for-each-ref --format=%(refname)%00%(upstream:short)%00%(objectname)%00%(upstream:track)%00%(upstream:remotename)%00%(upstream:remoteref) refs/heads/master refs/remotes/master [1ms]
2024-11-17 17:26:38.405 [warning] [Git][revParse] Unable to read file: ENOENT: no such file or directory, open '/home/gaye/Development/se-prep/phase-2/react-hooks-component-props-mini-project/.git/refs/remotes/origin/master'
2024-11-17 17:26:38.406 [info] > git rev-parse refs/remotes/origin/master [1ms]
2024-11-17 17:26:38.411 [info] > git status -z -uall [3ms]
2024-11-17 17:26:38.411 [info] > git for-each-ref --sort -committerdate --format %(refname) %(objectname) %(*objectname) [1ms]
2024-11-17 17:26:44.316 [info] > git config --get commit.template [7ms]
2024-11-17 17:26:44.328 [info] > git for-each-ref --format=%(refname)%00%(upstream:short)%00%(objectname)%00%(upstream:track)%00%(upstream:remotename)%00%(upstream:remoteref) refs/heads/master refs/remotes/master [5ms]
2024-11-17 17:26:44.337 [warning] [Git][revParse] Unable to read file: ENOENT: no such file or directory, open '/home/gaye/Development/se-prep/phase-2/react-hooks-component-props-mini-project/.git/refs/remotes/origin/master'
2024-11-17 17:26:44.337 [info] > git rev-parse refs/remotes/origin/master [1ms]
2024-11-17 17:26:44.350 [info] > git status -z -uall [9ms]
2024-11-17 17:26:44.352 [info] > git for-each-ref --sort -committerdate --format %(refname) %(objectname) %(*objectname) [5ms]
2024-11-17 17:26:49.381 [info] > git config --get commit.template [10ms]
2024-11-17 17:26:49.383 [info] > git for-each-ref --format=%(refname)%00%(upstream:short)%00%(objectname)%00%(upstream:track)%00%(upstream:remotename)%00%(upstream:remoteref) refs/heads/master refs/remotes/master [2ms]
2024-11-17 17:26:49.388 [warning] [Git][revParse] Unable to read file: ENOENT: no such file or directory, open '/home/gaye/Development/se-prep/phase-2/react-hooks-component-props-mini-project/.git/refs/remotes/origin/master'
2024-11-17 17:26:49.390 [info] > git rev-parse refs/remotes/origin/master [3ms]
2024-11-17 17:26:49.402 [info] > git status -z -uall [5ms]
2024-11-17 17:26:49.403 [info] > git for-each-ref --sort -committerdate --format %(refname) %(objectname) %(*objectname) [2ms]
2024-11-17 17:27:01.932 [info] > git ls-files --stage -- /home/gaye/Development/se-prep/phase-2/react-hooks-component-props-mini-project/src/components/Posts.js [2ms]
2024-11-17 17:27:01.961 [info] > git show --textconv :src/components/Posts.js [1ms]
2024-11-17 17:27:04.514 [info] > git fetch [3863ms]
2024-11-17 17:27:04.519 [info] > git config --get commit.template [2ms]
2024-11-17 17:27:04.520 [info] > git for-each-ref --format=%(refname)%00%(upstream:short)%00%(objectname)%00%(upstream:track)%00%(upstream:remotename)%00%(upstream:remoteref) refs/heads/master refs/remotes/master [1ms]
2024-11-17 17:27:04.523 [warning] [Git][revParse] Unable to read file: ENOENT: no such file or directory, open '/home/gaye/Development/se-prep/phase-2/react-hooks-component-props-mini-project/.git/refs/remotes/origin/master'
2024-11-17 17:27:04.524 [info] > git rev-parse refs/remotes/origin/master [0ms]
2024-11-17 17:27:04.531 [info] > git status -z -uall [3ms]
2024-11-17 17:27:04.532 [info] > git for-each-ref --sort -committerdate --format %(refname) %(objectname) %(*objectname) [2ms]
2024-11-17 17:27:05.477 [info] > git ls-files --stage -- /home/gaye/Development/se-prep/phase-2/react-hooks-component-props-mini-project/src/components/Posts.js [3ms]
2024-11-17 17:27:05.489 [info] > git show --textconv :src/components/Posts.js [2ms]
2024-11-17 17:28:05.369 [info] > git config --get commit.template [7ms]
2024-11-17 17:28:05.370 [info] > git for-each-ref --format=%(refname)%00%(upstream:short)%00%(objectname)%00%(upstream:track)%00%(upstream:remotename)%00%(upstream:remoteref) refs/heads/master refs/remotes/master [2ms]
2024-11-17 17:28:05.373 [warning] [Git][revParse] Unable to read file: ENOENT: no such file or directory, open '/home/gaye/Development/se-prep/phase-2/react-hooks-component-props-mini-project/.git/refs/remotes/origin/master'
2024-11-17 17:28:05.374 [info] > git rev-parse refs/remotes/origin/master [1ms]
2024-11-17 17:28:05.382 [info] > git status -z -uall [3ms]
2024-11-17 17:28:05.382 [info] > git for-each-ref --sort -committerdate --format %(refname) %(objectname) %(*objectname) [1ms]
2024-11-17 17:28:10.568 [info] > git show --textconv :src/data/blog.js [6ms]
2024-11-17 17:28:10.569 [info] > git ls-files --stage -- /home/gaye/Development/se-prep/phase-2/react-hooks-component-props-mini-project/src/data/blog.js [2ms]
2024-11-17 17:28:10.577 [info] > git cat-file -s 3a830265128190242fa85d6215d02e4b9bd17716 [2ms]
2024-11-17 17:28:10.945 [info] > git check-ignore -v -z --stdin [1ms]
2024-11-17 17:28:11.494 [info] > git config --get commit.template [3ms]
2024-11-17 17:28:11.499 [info] > git for-each-ref --format=%(refname)%00%(upstream:short)%00%(objectname)%00%(upstream:track)%00%(upstream:remotename)%00%(upstream:remoteref) refs/heads/master refs/remotes/master [1ms]
2024-11-17 17:28:11.503 [warning] [Git][revParse] Unable to read file: ENOENT: no such file or directory, open '/home/gaye/Development/se-prep/phase-2/react-hooks-component-props-mini-project/.git/refs/remotes/origin/master'
2024-11-17 17:28:11.504 [info] > git rev-parse refs/remotes/origin/master [1ms]
2024-11-17 17:28:11.512 [info] > git status -z -uall [4ms]
2024-11-17 17:28:11.513 [info] > git for-each-ref --sort -committerdate --format %(refname) %(objectname) %(*objectname) [2ms]
2024-11-17 17:28:11.861 [info] > git show --textconv :src/components/Header.js [4ms]
2024-11-17 17:28:11.862 [info] > git ls-files --stage -- /home/gaye/Development/se-prep/phase-2/react-hooks-component-props-mini-project/src/components/Header.js [2ms]
2024-11-17 17:28:15.315 [info] > git show --textconv :src/data/blog.js [5ms]
2024-11-17 17:28:15.316 [info] > git ls-files --stage -- /home/gaye/Development/se-prep/phase-2/react-hooks-component-props-mini-project/src/data/blog.js [2ms]
2024-11-17 17:28:15.322 [info] > git cat-file -s 3a830265128190242fa85d6215d02e4b9bd17716 [3ms]
2024-11-17 17:28:15.807 [info] > git check-ignore -v -z --stdin [1ms]
2024-11-17 17:28:16.525 [info] > git config --get commit.template [3ms]
2024-11-17 17:28:16.525 [info] > git for-each-ref --format=%(refname)%00%(upstream:short)%00%(objectname)%00%(upstream:track)%00%(upstream:remotename)%00%(upstream:remoteref) refs/heads/master refs/remotes/master [1ms]
2024-11-17 17:28:16.529 [warning] [Git][revParse] Unable to read file: ENOENT: no such file or directory, open '/home/gaye/Development/se-prep/phase-2/react-hooks-component-props-mini-project/.git/refs/remotes/origin/master'
2024-11-17 17:28:16.530 [info] > git rev-parse refs/remotes/origin/master [1ms]
2024-11-17 17:28:16.539 [info] > git status -z -uall [6ms]
2024-11-17 17:28:16.541 [info] > git for-each-ref --sort -committerdate --format %(refname) %(objectname) %(*objectname) [2ms]
2024-11-17 17:28:19.377 [info] > git show --textconv :src/components/App.js [2ms]
2024-11-17 17:28:19.378 [info] > git ls-files --stage -- /home/gaye/Development/se-prep/phase-2/react-hooks-component-props-mini-project/src/components/App.js [1ms]
2024-11-17 17:28:19.381 [info] > git cat-file -s 5364d521182bf9016bd742a3b0c4d49f3c429297 [1ms]
2024-11-17 17:28:20.288 [info] > git show --textconv :src/components/About.js [4ms]
2024-11-17 17:28:20.289 [info] > git ls-files --stage -- /home/gaye/Development/se-prep/phase-2/react-hooks-component-props-mini-project/src/components/About.js [1ms]
2024-11-17 17:28:27.597 [info] > git show --textconv :src/components/App.js [5ms]
2024-11-17 17:28:27.599 [info] > git ls-files --stage -- /home/gaye/Development/se-prep/phase-2/react-hooks-component-props-mini-project/src/components/App.js [5ms]
2024-11-17 17:28:27.605 [info] > git cat-file -s 5364d521182bf9016bd742a3b0c4d49f3c429297 [0ms]
2024-11-17 17:28:28.090 [info] > git check-ignore -v -z --stdin [2ms]
2024-11-17 17:28:28.437 [info] > git config --get commit.template [1ms]
2024-11-17 17:28:28.442 [info] > git for-each-ref --format=%(refname)%00%(upstream:short)%00%(objectname)%00%(upstream:track)%00%(upstream:remotename)%00%(upstream:remoteref) refs/heads/master refs/remotes/master [1ms]
2024-11-17 17:28:28.444 [warning] [Git][revParse] Unable to read file: ENOENT: no such file or directory, open '/home/gaye/Development/se-prep/phase-2/react-hooks-component-props-mini-project/.git/refs/remotes/origin/master'
2024-11-17 17:28:28.445 [info] > git rev-parse refs/remotes/origin/master [0ms]
2024-11-17 17:28:28.452 [info] > git status -z -uall [4ms]
2024-11-17 17:28:28.452 [info] > git for-each-ref --sort -committerdate --format %(refname) %(objectname) %(*objectname) [1ms]
2024-11-17 17:29:08.182 [info] > git config --get commit.template [3ms]
2024-11-17 17:29:08.183 [info] > git for-each-ref --format=%(refname)%00%(upstream:short)%00%(objectname)%00%(upstream:track)%00%(upstream:remotename)%00%(upstream:remoteref) refs/heads/master refs/remotes/master [1ms]
2024-11-17 17:29:08.186 [warning] [Git][revParse] Unable to read file: ENOENT: no such file or directory, open '/home/gaye/Development/se-prep/phase-2/react-hooks-component-props-mini-project/.git/refs/remotes/origin/master'
2024-11-17 17:29:08.187 [info] > git rev-parse refs/remotes/origin/master [1ms]
2024-11-17 17:29:08.192 [info] > git status -z -uall [3ms]
2024-11-17 17:29:08.193 [info] > git for-each-ref --sort -committerdate --format %(refname) %(objectname) %(*objectname) [2ms]
2024-11-17 17:29:13.214 [info] > git config --get commit.template [7ms]
2024-11-17 17:29:13.215 [info] > git for-each-ref --format=%(refname)%00%(upstream:short)%00%(objectname)%00%(upstream:track)%00%(upstream:remotename)%00%(upstream:remoteref) refs/heads/master refs/remotes/master [2ms]
2024-11-17 17:29:13.218 [warning] [Git][revParse] Unable to read file: ENOENT: no such file or directory, open '/home/gaye/Development/se-prep/phase-2/react-hooks-component-props-mini-project/.git/refs/remotes/origin/master'
2024-11-17 17:29:13.220 [info] > git rev-parse refs/remotes/origin/master [2ms]
2024-11-17 17:29:13.227 [info] > git status -z -uall [4ms]
2024-11-17 17:29:13.228 [info] > git for-each-ref --sort -committerdate --format %(refname) %(objectname) %(*objectname) [1ms]
2024-11-17 17:29:24.523 [info] > git show --textconv :src/components/Article.js [5ms]
2024-11-17 17:29:24.524 [info] > git ls-files --stage -- /home/gaye/Development/se-prep/phase-2/react-hooks-component-props-mini-project/src/components/Article.js [2ms]
2024-11-17 17:29:24.765 [info] > git check-ignore -v -z --stdin [4ms]
2024-11-17 17:29:25.353 [info] > git config --get commit.template [5ms]
2024-11-17 17:29:25.354 [info] > git for-each-ref --format=%(refname)%00%(upstream:short)%00%(objectname)%00%(upstream:track)%00%(upstream:remotename)%00%(upstream:remoteref) refs/heads/master refs/remotes/master [2ms]
2024-11-17 17:29:25.358 [warning] [Git][revParse] Unable to read file: ENOENT: no such file or directory, open '/home/gaye/Development/se-prep/phase-2/react-hooks-component-props-mini-project/.git/refs/remotes/origin/master'
2024-11-17 17:29:25.359 [info] > git rev-parse refs/remotes/origin/master [1ms]
2024-11-17 17:29:25.366 [info] > git status -z -uall [4ms]
2024-11-17 17:29:25.366 [info] > git for-each-ref --sort -committerdate --format %(refname) %(objectname) %(*objectname) [1ms]
2024-11-17 17:29:34.050 [info] > git config --get commit.template [5ms]
2024-11-17 17:29:34.050 [info] > git for-each-ref --format=%(refname)%00%(upstream:short)%00%(objectname)%00%(upstream:track)%00%(upstream:remotename)%00%(upstream:remoteref) refs/heads/master refs/remotes/master [2ms]
2024-11-17 17:29:34.055 [warning] [Git][revParse] Unable to read file: ENOENT: no such file or directory, open '/home/gaye/Development/se-prep/phase-2/react-hooks-component-props-mini-project/.git/refs/remotes/origin/master'
2024-11-17 17:29:34.059 [info] > git rev-parse refs/remotes/origin/master [4ms]
2024-11-17 17:29:34.066 [info] > git status -z -uall [4ms]
2024-11-17 17:29:34.069 [info] > git for-each-ref --sort -committerdate --format %(refname) %(objectname) %(*objectname) [4ms]
2024-11-17 17:29:39.089 [info] > git config --get commit.template [6ms]
2024-11-17 17:29:39.090 [info] > git for-each-ref --format=%(refname)%00%(upstream:short)%00%(objectname)%00%(upstream:track)%00%(upstream:remotename)%00%(upstream:remoteref) refs/heads/master refs/remotes/master [3ms]
2024-11-17 17:29:39.094 [warning] [Git][revParse] Unable to read file: ENOENT: no such file or directory, open '/home/gaye/Development/se-prep/phase-2/react-hooks-component-props-mini-project/.git/refs/remotes/origin/master'
2024-11-17 17:29:39.096 [info] > git rev-parse refs/remotes/origin/master [2ms]
2024-11-17 17:29:39.105 [info] > git status -z -uall [4ms]
2024-11-17 17:29:39.105 [info] > git for-each-ref --sort -committerdate --format %(refname) %(objectname) %(*objectname) [2ms]
2024-11-17 17:29:44.118 [info] > git config --get commit.template [4ms]
2024-11-17 17:29:44.118 [info] > git for-each-ref --format=%(refname)%00%(upstream:short)%00%(objectname)%00%(upstream:track)%00%(upstream:remotename)%00%(upstream:remoteref) refs/heads/master refs/remotes/master [1ms]
2024-11-17 17:29:44.120 [warning] [Git][revParse] Unable to read file: ENOENT: no such file or directory, open '/home/gaye/Development/se-prep/phase-2/react-hooks-component-props-mini-project/.git/refs/remotes/origin/master'
2024-11-17 17:29:44.121 [info] > git rev-parse refs/remotes/origin/master [1ms]
2024-11-17 17:29:44.126 [info] > git status -z -uall [3ms]
2024-11-17 17:29:44.126 [info] > git for-each-ref --sort -committerdate --format %(refname) %(objectname) %(*objectname) [1ms]
2024-11-17 17:29:52.510 [info] > git config --get commit.template [5ms]
2024-11-17 17:29:52.511 [info] > git for-each-ref --format=%(refname)%00%(upstream:short)%00%(objectname)%00%(upstream:track)%00%(upstream:remotename)%00%(upstream:remoteref) refs/heads/master refs/remotes/master [1ms]
2024-11-17 17:29:52.514 [warning] [Git][revParse] Unable to read file: ENOENT: no such file or directory, open '/home/gaye/Development/se-prep/phase-2/react-hooks-component-props-mini-project/.git/refs/remotes/origin/master'
2024-11-17 17:29:52.515 [info] > git rev-parse refs/remotes/origin/master [1ms]
2024-11-17 17:29:52.522 [info] > git status -z -uall [4ms]
2024-11-17 17:29:52.523 [info] > git for-each-ref --sort -committerdate --format %(refname) %(objectname) %(*objectname) [1ms]
2024-11-17 17:29:57.544 [info] > git config --get commit.template [7ms]
2024-11-17 17:29:57.545 [info] > git for-each-ref --format=%(refname)%00%(upstream:short)%00%(objectname)%00%(upstream:track)%00%(upstream:remotename)%00%(upstream:remoteref) refs/heads/master refs/remotes/master [2ms]
2024-11-17 17:29:57.548 [warning] [Git][revParse] Unable to read file: ENOENT: no such file or directory, open '/home/gaye/Development/se-prep/phase-2/react-hooks-component-props-mini-project/.git/refs/remotes/origin/master'
2024-11-17 17:29:57.550 [info] > git rev-parse refs/remotes/origin/master [1ms]
2024-11-17 17:29:57.557 [info] > git status -z -uall [4ms]
2024-11-17 17:29:57.559 [info] > git for-each-ref --sort -committerdate --format %(refname) %(objectname) %(*objectname) [3ms]
2024-11-17 17:30:02.583 [info] > git config --get commit.template [9ms]
2024-11-17 17:30:02.585 [info] > git for-each-ref --format=%(refname)%00%(upstream:short)%00%(objectname)%00%(upstream:track)%00%(upstream:remotename)%00%(upstream:remoteref) refs/heads/master refs/remotes/master [3ms]
2024-11-17 17:30:02.590 [warning] [Git][revParse] Unable to read file: ENOENT: no such file or directory, open '/home/gaye/Development/se-prep/phase-2/react-hooks-component-props-mini-project/.git/refs/remotes/origin/master'
2024-11-17 17:30:02.592 [info] > git rev-parse refs/remotes/origin/master [2ms]
2024-11-17 17:30:02.601 [info] > git status -z -uall [5ms]
2024-11-17 17:30:02.602 [info] > git for-each-ref --sort -committerdate --format %(refname) %(objectname) %(*objectname) [2ms]
2024-11-17 17:30:05.795 [info] > git ls-files --stage -- /home/gaye/Development/se-prep/phase-2/react-hooks-component-props-mini-project/src/components/Article.js [1ms]
2024-11-17 17:30:05.855 [info] > git show --textconv :src/components/Article.js [2ms]
2024-11-17 17:30:08.350 [info] > git fetch [3808ms]
2024-11-17 17:30:08.359 [info] > git config --get commit.template [4ms]
2024-11-17 17:30:08.361 [info] > git for-each-ref --format=%(refname)%00%(upstream:short)%00%(objectname)%00%(upstream:track)%00%(upstream:remotename)%00%(upstream:remoteref) refs/heads/master refs/remotes/master [2ms]
2024-11-17 17:30:08.364 [warning] [Git][revParse] Unable to read file: ENOENT: no such file or directory, open '/home/gaye/Development/se-prep/phase-2/react-hooks-component-props-mini-project/.git/refs/remotes/origin/master'
2024-11-17 17:30:08.365 [info] > git rev-parse refs/remotes/origin/master [1ms]
2024-11-17 17:30:08.373 [info] > git status -z -uall [5ms]
2024-11-17 17:30:08.374 [info] > git for-each-ref --sort -committerdate --format %(refname) %(objectname) %(*objectname) [2ms]
2024-11-17 17:30:09.237 [info] > git ls-files --stage -- /home/gaye/Development/se-prep/phase-2/react-hooks-component-props-mini-project/src/components/Article.js [1ms]
2024-11-17 17:30:09.243 [info] > git show --textconv :src/components/Article.js [1ms]
2024-11-17 17:30:09.480 [info] > git config --get commit.template [5ms]
2024-11-17 17:30:09.480 [info] > git for-each-ref --format=%(refname)%00%(upstream:short)%00%(objectname)%00%(upstream:track)%00%(upstream:remotename)%00%(upstream:remoteref) refs/heads/master refs/remotes/master [2ms]
2024-11-17 17:30:09.485 [warning] [Git][revParse] Unable to read file: ENOENT: no such file or directory, open '/home/gaye/Development/se-prep/phase-2/react-hooks-component-props-mini-project/.git/refs/remotes/origin/master'
2024-11-17 17:30:09.486 [info] > git rev-parse refs/remotes/origin/master [1ms]
2024-11-17 17:30:09.493 [info] > git status -z -uall [4ms]
2024-11-17 17:30:09.493 [info] > git for-each-ref --sort -committerdate --format %(refname) %(objectname) %(*objectname) [1ms]
2024-11-17 17:30:13.199 [info] > git show --textconv :src/components/App.js [12ms]
2024-11-17 17:30:13.202 [info] > git ls-files --stage -- /home/gaye/Development/se-prep/phase-2/react-hooks-component-props-mini-project/src/components/App.js [4ms]
2024-11-17 17:30:13.209 [info] > git cat-file -s 5364d521182bf9016bd742a3b0c4d49f3c429297 [3ms]
2024-11-17 17:30:16.378 [info] > git show --textconv :src/data/blog.js [3ms]
2024-11-17 17:30:16.379 [info] > git ls-files --stage -- /home/gaye/Development/se-prep/phase-2/react-hooks-component-props-mini-project/src/data/blog.js [2ms]
2024-11-17 17:30:16.385 [info] > git cat-file -s 3a830265128190242fa85d6215d02e4b9bd17716 [1ms]
2024-11-17 17:30:17.875 [info] > git show --textconv :src/components/Article.js [3ms]
2024-11-17 17:30:17.876 [info] > git ls-files --stage -- /home/gaye/Development/se-prep/phase-2/react-hooks-component-props-mini-project/src/components/Article.js [2ms]
2024-11-17 17:30:21.897 [info] > git config --get commit.template [3ms]
2024-11-17 17:30:21.897 [info] > git for-each-ref --format=%(refname)%00%(upstream:short)%00%(objectname)%00%(upstream:track)%00%(upstream:remotename)%00%(upstream:remoteref) refs/heads/master refs/remotes/master [1ms]
2024-11-17 17:30:21.900 [warning] [Git][revParse] Unable to read file: ENOENT: no such file or directory, open '/home/gaye/Development/se-prep/phase-2/react-hooks-component-props-mini-project/.git/refs/remotes/origin/master'
2024-11-17 17:30:21.900 [info] > git rev-parse refs/remotes/origin/master [1ms]
2024-11-17 17:30:21.908 [info] > git status -z -uall [4ms]
2024-11-17 17:30:21.909 [info] > git for-each-ref --sort -committerdate --format %(refname) %(objectname) %(*objectname) [2ms]
2024-11-17 17:30:26.936 [info] > git config --get commit.template [11ms]
2024-11-17 17:30:26.938 [info] > git for-each-ref --format=%(refname)%00%(upstream:short)%00%(objectname)%00%(upstream:track)%00%(upstream:remotename)%00%(upstream:remoteref) refs/heads/master refs/remotes/master [4ms]
2024-11-17 17:30:26.946 [warning] [Git][revParse] Unable to read file: ENOENT: no such file or directory, open '/home/gaye/Development/se-prep/phase-2/react-hooks-component-props-mini-project/.git/refs/remotes/origin/master'
2024-11-17 17:30:26.949 [info] > git rev-parse refs/remotes/origin/master [3ms]
2024-11-17 17:30:26.961 [info] > git status -z -uall [6ms]
2024-11-17 17:30:26.962 [info] > git for-each-ref --sort -committerdate --format %(refname) %(objectname) %(*objectname) [2ms]
2024-11-17 17:30:31.970 [info] > git config --get commit.template [1ms]
2024-11-17 17:30:31.973 [info] > git for-each-ref --format=%(refname)%00%(upstream:short)%00%(objectname)%00%(upstream:track)%00%(upstream:remotename)%00%(upstream:remoteref) refs/heads/master refs/remotes/master [1ms]
2024-11-17 17:30:31.977 [warning] [Git][revParse] Unable to read file: ENOENT: no such file or directory, open '/home/gaye/Development/se-prep/phase-2/react-hooks-component-props-mini-project/.git/refs/remotes/origin/master'
2024-11-17 17:30:31.977 [info] > git rev-parse refs/remotes/origin/master [0ms]
2024-11-17 17:30:31.984 [info] > git status -z -uall [4ms]
2024-11-17 17:30:31.985 [info] > git for-each-ref --sort -committerdate --format %(refname) %(objectname) %(*objectname) [3ms]
2024-11-17 17:30:37.357 [info] > git show --textconv :src/data/blog.js [5ms]
2024-11-17 17:30:37.358 [info] > git ls-files --stage -- /home/gaye/Development/se-prep/phase-2/react-hooks-component-props-mini-project/src/data/blog.js [2ms]
2024-11-17 17:30:37.363 [info] > git cat-file -s 3a830265128190242fa85d6215d02e4b9bd17716 [1ms]
2024-11-17 17:30:40.987 [info] > git show --textconv :src/components/Article.js [4ms]
2024-11-17 17:30:40.987 [info] > git ls-files --stage -- /home/gaye/Development/se-prep/phase-2/react-hooks-component-props-mini-project/src/components/Article.js [1ms]
2024-11-17 17:30:47.331 [info] > git config --get commit.template [5ms]
2024-11-17 17:30:47.336 [info] > git for-each-ref --format=%(refname)%00%(upstream:short)%00%(objectname)%00%(upstream:track)%00%(upstream:remotename)%00%(upstream:remoteref) refs/heads/master refs/remotes/master [2ms]
2024-11-17 17:30:47.339 [warning] [Git][revParse] Unable to read file: ENOENT: no such file or directory, open '/home/gaye/Development/se-prep/phase-2/react-hooks-component-props-mini-project/.git/refs/remotes/origin/master'
2024-11-17 17:30:47.340 [info] > git rev-parse refs/remotes/origin/master [1ms]
2024-11-17 17:30:47.346 [info] > git status -z -uall [3ms]
2024-11-17 17:30:47.347 [info] > git for-each-ref --sort -committerdate --format %(refname) %(objectname) %(*objectname) [1ms]
2024-11-17 17:30:52.374 [info] > git config --get commit.template [9ms]
2024-11-17 17:30:52.375 [info] > git for-each-ref --format=%(refname)%00%(upstream:short)%00%(objectname)%00%(upstream:track)%00%(upstream:remotename)%00%(upstream:remoteref) refs/heads/master refs/remotes/master [3ms]
2024-11-17 17:30:52.380 [warning] [Git][revParse] Unable to read file: ENOENT: no such file or directory, open '/home/gaye/Development/se-prep/phase-2/react-hooks-component-props-mini-project/.git/refs/remotes/origin/master'
2024-11-17 17:30:52.381 [info] > git rev-parse refs/remotes/origin/master [2ms]
2024-11-17 17:30:52.390 [info] > git status -z -uall [5ms]
2024-11-17 17:30:52.392 [info] > git for-each-ref --sort -committerdate --format %(refname) %(objectname) %(*objectname) [3ms]
2024-11-17 17:30:57.404 [info] > git config --get commit.template [4ms]
2024-11-17 17:30:57.404 [info] > git for-each-ref --format=%(refname)%00%(upstream:short)%00%(objectname)%00%(upstream:track)%00%(upstream:remotename)%00%(upstream:remoteref) refs/heads/master refs/remotes/master [1ms]
2024-11-17 17:30:57.407 [warning] [Git][revParse] Unable to read file: ENOENT: no such file or directory, open '/home/gaye/Development/se-prep/phase-2/react-hooks-component-props-mini-project/.git/refs/remotes/origin/master'
2024-11-17 17:30:57.408 [info] > git rev-parse refs/remotes/origin/master [1ms]
2024-11-17 17:30:57.415 [info] > git status -z -uall [5ms]
2024-11-17 17:30:57.416 [info] > git for-each-ref --sort -committerdate --format %(refname) %(objectname) %(*objectname) [1ms]
2024-11-17 17:31:10.128 [info] > git for-each-ref --format=%(refname)%00%(upstream:short)%00%(objectname)%00%(upstream:track)%00%(upstream:remotename)%00%(upstream:remoteref) refs/heads/master refs/remotes/master [5ms]
2024-11-17 17:31:10.129 [info] > git config --get commit.template [20ms]
2024-11-17 17:31:10.139 [warning] [Git][revParse] Unable to read file: ENOENT: no such file or directory, open '/home/gaye/Development/se-prep/phase-2/react-hooks-component-props-mini-project/.git/refs/remotes/origin/master'
2024-11-17 17:31:10.140 [info] > git rev-parse refs/remotes/origin/master [3ms]
2024-11-17 17:31:10.156 [info] > git status -z -uall [9ms]
2024-11-17 17:31:10.158 [info] > git for-each-ref --sort -committerdate --format %(refname) %(objectname) %(*objectname) [5ms]
2024-11-17 17:31:11.354 [info] > git show --textconv :src/components/App.js [3ms]
2024-11-17 17:31:11.355 [info] > git ls-files --stage -- /home/gaye/Development/se-prep/phase-2/react-hooks-component-props-mini-project/src/components/App.js [2ms]
2024-11-17 17:31:11.359 [info] > git cat-file -s 5364d521182bf9016bd742a3b0c4d49f3c429297 [2ms]
2024-11-17 17:31:42.096 [info] > git config --get commit.template [6ms]
2024-11-17 17:31:42.096 [info] > git for-each-ref --format=%(refname)%00%(upstream:short)%00%(objectname)%00%(upstream:track)%00%(upstream:remotename)%00%(upstream:remoteref) refs/heads/master refs/remotes/master [1ms]
2024-11-17 17:31:42.100 [warning] [Git][revParse] Unable to read file: ENOENT: no such file or directory, open '/home/gaye/Development/se-prep/phase-2/react-hooks-component-props-mini-project/.git/refs/remotes/origin/master'
2024-11-17 17:31:42.101 [info] > git rev-parse refs/remotes/origin/master [1ms]
2024-11-17 17:31:42.109 [info] > git status -z -uall [4ms]
2024-11-17 17:31:42.109 [info] > git for-each-ref --sort -committerdate --format %(refname) %(objectname) %(*objectname) [1ms]
2024-11-17 17:31:47.123 [info] > git config --get commit.template [5ms]
2024-11-17 17:31:47.123 [info] > git for-each-ref --format=%(refname)%00%(upstream:short)%00%(objectname)%00%(upstream:track)%00%(upstream:remotename)%00%(upstream:remoteref) refs/heads/master refs/remotes/master [2ms]
2024-11-17 17:31:47.127 [warning] [Git][revParse] Unable to read file: ENOENT: no such file or directory, open '/home/gaye/Development/se-prep/phase-2/react-hooks-component-props-mini-project/.git/refs/remotes/origin/master'
2024-11-17 17:31:47.128 [info] > git rev-parse refs/remotes/origin/master [1ms]
2024-11-17 17:31:47.136 [info] > git status -z -uall [5ms]
2024-11-17 17:31:47.137 [info] > git for-each-ref --sort -committerdate --format %(refname) %(objectname) %(*objectname) [2ms]
2024-11-17 17:31:52.157 [info] > git config --get commit.template [7ms]
2024-11-17 17:31:52.158 [info] > git for-each-ref --format=%(refname)%00%(upstream:short)%00%(objectname)%00%(upstream:track)%00%(upstream:remotename)%00%(upstream:remoteref) refs/heads/master refs/remotes/master [2ms]
2024-11-17 17:31:52.161 [warning] [Git][revParse] Unable to read file: ENOENT: no such file or directory, open '/home/gaye/Development/se-prep/phase-2/react-hooks-component-props-mini-project/.git/refs/remotes/origin/master'
2024-11-17 17:31:52.162 [info] > git rev-parse refs/remotes/origin/master [1ms]
2024-11-17 17:31:52.168 [info] > git status -z -uall [4ms]
2024-11-17 17:31:52.170 [info] > git for-each-ref --sort -committerdate --format %(refname) %(objectname) %(*objectname) [3ms]
2024-11-17 17:31:57.179 [info] > git config --get commit.template [4ms]
2024-11-17 17:31:57.179 [info] > git for-each-ref --format=%(refname)%00%(upstream:short)%00%(objectname)%00%(upstream:track)%00%(upstream:remotename)%00%(upstream:remoteref) refs/heads/master refs/remotes/master [1ms]
2024-11-17 17:31:57.182 [warning] [Git][revParse] Unable to read file: ENOENT: no such file or directory, open '/home/gaye/Development/se-prep/phase-2/react-hooks-component-props-mini-project/.git/refs/remotes/origin/master'
2024-11-17 17:31:57.182 [info] > git rev-parse refs/remotes/origin/master [0ms]
2024-11-17 17:31:57.189 [info] > git status -z -uall [2ms]
2024-11-17 17:31:57.189 [info] > git for-each-ref --sort -committerdate --format %(refname) %(objectname) %(*objectname) [1ms]
2024-11-17 17:32:08.345 [info] > git config --get commit.template [6ms]
2024-11-17 17:32:08.358 [info] > git for-each-ref --format=%(refname)%00%(upstream:short)%00%(objectname)%00%(upstream:track)%00%(upstream:remotename)%00%(upstream:remoteref) refs/heads/master refs/remotes/master [4ms]
2024-11-17 17:32:08.362 [warning] [Git][revParse] Unable to read file: ENOENT: no such file or directory, open '/home/gaye/Development/se-prep/phase-2/react-hooks-component-props-mini-project/.git/refs/remotes/origin/master'
2024-11-17 17:32:08.364 [info] > git rev-parse refs/remotes/origin/master [2ms]
2024-11-17 17:32:08.377 [info] > git status -z -uall [6ms]
2024-11-17 17:32:08.379 [info] > git for-each-ref --sort -committerdate --format %(refname) %(objectname) %(*objectname) [4ms]
2024-11-17 17:32:13.487 [info] > git check-ignore -v -z --stdin [3ms]
2024-11-17 17:32:45.062 [info] > git config --get commit.template [8ms]
2024-11-17 17:32:45.064 [info] > git for-each-ref --format=%(refname)%00%(upstream:short)%00%(objectname)%00%(upstream:track)%00%(upstream:remotename)%00%(upstream:remoteref) refs/heads/master refs/remotes/master [4ms]
2024-11-17 17:32:45.071 [warning] [Git][revParse] Unable to read file: ENOENT: no such file or directory, open '/home/gaye/Development/se-prep/phase-2/react-hooks-component-props-mini-project/.git/refs/remotes/origin/master'
2024-11-17 17:32:45.073 [info] > git rev-parse refs/remotes/origin/master [2ms]
2024-11-17 17:32:45.085 [info] > git status -z -uall [9ms]
2024-11-17 17:32:45.086 [info] > git for-each-ref --sort -committerdate --format %(refname) %(objectname) %(*objectname) [2ms]
2024-11-17 17:32:51.058 [info] > git show --textconv :src/components/Article.js [3ms]
2024-11-17 17:32:51.059 [info] > git ls-files --stage -- /home/gaye/Development/se-prep/phase-2/react-hooks-component-props-mini-project/src/components/Article.js [2ms]
2024-11-17 17:33:46.203 [info] > git ls-files --stage -- /home/gaye/Development/se-prep/phase-2/react-hooks-component-props-mini-project/src/components/Article.js [2ms]
2024-11-17 17:33:46.212 [info] > git show --textconv :src/components/Article.js [1ms]
2024-11-17 17:33:48.711 [info] > git fetch [3848ms]
2024-11-17 17:33:48.718 [info] > git config --get commit.template [3ms]
2024-11-17 17:33:48.718 [info] > git for-each-ref --format=%(refname)%00%(upstream:short)%00%(objectname)%00%(upstream:track)%00%(upstream:remotename)%00%(upstream:remoteref) refs/heads/master refs/remotes/master [1ms]
2024-11-17 17:33:48.721 [warning] [Git][revParse] Unable to read file: ENOENT: no such file or directory, open '/home/gaye/Development/se-prep/phase-2/react-hooks-component-props-mini-project/.git/refs/remotes/origin/master'
2024-11-17 17:33:48.722 [info] > git rev-parse refs/remotes/origin/master [1ms]
2024-11-17 17:33:48.727 [info] > git status -z -uall [2ms]
2024-11-17 17:33:48.727 [info] > git for-each-ref --sort -committerdate --format %(refname) %(objectname) %(*objectname) [1ms]
2024-11-17 17:33:49.621 [info] > git ls-files --stage -- /home/gaye/Development/se-prep/phase-2/react-hooks-component-props-mini-project/src/components/Article.js [1ms]
2024-11-17 17:33:49.630 [info] > git show --textconv :src/components/Article.js [1ms]
2024-11-17 17:33:50.164 [info] > git config --get commit.template [5ms]
2024-11-17 17:33:50.164 [info] > git for-each-ref --format=%(refname)%00%(upstream:short)%00%(objectname)%00%(upstream:track)%00%(upstream:remotename)%00%(upstream:remoteref) refs/heads/master refs/remotes/master [1ms]
2024-11-17 17:33:50.170 [warning] [Git][revParse] Unable to read file: ENOENT: no such file or directory, open '/home/gaye/Development/se-prep/phase-2/react-hooks-component-props-mini-project/.git/refs/remotes/origin/master'
2024-11-17 17:33:50.172 [info] > git rev-parse refs/remotes/origin/master [2ms]
2024-11-17 17:33:50.178 [info] > git status -z -uall [3ms]
2024-11-17 17:33:50.178 [info] > git for-each-ref --sort -committerdate --format %(refname) %(objectname) %(*objectname) [1ms]
2024-11-17 17:34:00.208 [info] > git config --get commit.template [10ms]
2024-11-17 17:34:00.209 [info] > git for-each-ref --format=%(refname)%00%(upstream:short)%00%(objectname)%00%(upstream:track)%00%(upstream:remotename)%00%(upstream:remoteref) refs/heads/master refs/remotes/master [3ms]
2024-11-17 17:34:00.216 [warning] [Git][revParse] Unable to read file: ENOENT: no such file or directory, open '/home/gaye/Development/se-prep/phase-2/react-hooks-component-props-mini-project/.git/refs/remotes/origin/master'
2024-11-17 17:34:00.218 [info] > git rev-parse refs/remotes/origin/master [3ms]
2024-11-17 17:34:00.226 [info] > git status -z -uall [5ms]
2024-11-17 17:34:00.227 [info] > git for-each-ref --sort -committerdate --format %(refname) %(objectname) %(*objectname) [2ms]
2024-11-17 17:34:03.967 [info] > git show --textconv :src/components/App.js [4ms]
2024-11-17 17:34:03.968 [info] > git ls-files --stage -- /home/gaye/Development/se-prep/phase-2/react-hooks-component-props-mini-project/src/components/App.js [2ms]
2024-11-17 17:34:03.974 [info] > git cat-file -s 5364d521182bf9016bd742a3b0c4d49f3c429297 [2ms]
2024-11-17 17:35:06.046 [info] > git show --textconv :src/index.js [3ms]
2024-11-17 17:35:06.047 [info] > git ls-files --stage -- /home/gaye/Development/se-prep/phase-2/react-hooks-component-props-mini-project/src/index.js [1ms]
2024-11-17 17:35:06.052 [info] > git cat-file -s 8c08c8f10b3f4d406ec02c12cd540ff2b226b0d3 [1ms]
2024-11-17 17:35:32.060 [info] > git config --get commit.template [4ms]
2024-11-17 17:35:32.061 [info] > git for-each-ref --format=%(refname)%00%(upstream:short)%00%(objectname)%00%(upstream:track)%00%(upstream:remotename)%00%(upstream:remoteref) refs/heads/master refs/remotes/master [1ms]
2024-11-17 17:35:32.063 [warning] [Git][revParse] Unable to read file: ENOENT: no such file or directory, open '/home/gaye/Development/se-prep/phase-2/react-hooks-component-props-mini-project/.git/refs/remotes/origin/master'
2024-11-17 17:35:32.064 [info] > git rev-parse refs/remotes/origin/master [1ms]
2024-11-17 17:35:32.071 [info] > git status -z -uall [5ms]
2024-11-17 17:35:32.072 [info] > git for-each-ref --sort -committerdate --format %(refname) %(objectname) %(*objectname) [2ms]
2024-11-17 17:36:07.835 [info] > git config --get commit.template [9ms]
2024-11-17 17:36:07.836 [info] > git for-each-ref --format=%(refname)%00%(upstream:short)%00%(objectname)%00%(upstream:track)%00%(upstream:remotename)%00%(upstream:remoteref) refs/heads/master refs/remotes/master [2ms]
2024-11-17 17:36:07.845 [warning] [Git][revParse] Unable to read file: ENOENT: no such file or directory, open '/home/gaye/Development/se-prep/phase-2/react-hooks-component-props-mini-project/.git/refs/remotes/origin/master'
2024-11-17 17:36:07.846 [info] > git rev-parse refs/remotes/origin/master [1ms]
2024-11-17 17:36:07.856 [info] > git status -z -uall [6ms]
2024-11-17 17:36:07.858 [info] > git for-each-ref --sort -committerdate --format %(refname) %(objectname) %(*objectname) [4ms]
2024-11-17 17:36:12.887 [info] > git config --get commit.template [13ms]
2024-11-17 17:36:12.888 [info] > git for-each-ref --format=%(refname)%00%(upstream:short)%00%(objectname)%00%(upstream:track)%00%(upstream:remotename)%00%(upstream:remoteref) refs/heads/master refs/remotes/master [5ms]
2024-11-17 17:36:12.892 [warning] [Git][revParse] Unable to read file: ENOENT: no such file or directory, open '/home/gaye/Development/se-prep/phase-2/react-hooks-component-props-mini-project/.git/refs/remotes/origin/master'
2024-11-17 17:36:12.893 [info] > git rev-parse refs/remotes/origin/master [1ms]
2024-11-17 17:36:12.901 [info] > git status -z -uall [5ms]
2024-11-17 17:36:12.902 [info] > git for-each-ref --sort -committerdate --format %(refname) %(objectname) %(*objectname) [2ms]
2024-11-17 17:36:17.925 [info] > git config --get commit.template [6ms]
2024-11-17 17:36:17.926 [info] > git for-each-ref --format=%(refname)%00%(upstream:short)%00%(objectname)%00%(upstream:track)%00%(upstream:remotename)%00%(upstream:remoteref) refs/heads/master refs/remotes/master [2ms]
2024-11-17 17:36:17.930 [warning] [Git][revParse] Unable to read file: ENOENT: no such file or directory, open '/home/gaye/Development/se-prep/phase-2/react-hooks-component-props-mini-project/.git/refs/remotes/origin/master'
2024-11-17 17:36:17.931 [info] > git rev-parse refs/remotes/origin/master [1ms]
2024-11-17 17:36:17.940 [info] > git status -z -uall [5ms]
2024-11-17 17:36:17.941 [info] > git for-each-ref --sort -committerdate --format %(refname) %(objectname) %(*objectname) [3ms]
2024-11-17 17:36:49.917 [info] > git config --get commit.template [4ms]
2024-11-17 17:36:49.930 [info] > git for-each-ref --format=%(refname)%00%(upstream:short)%00%(objectname)%00%(upstream:track)%00%(upstream:remotename)%00%(upstream:remoteref) refs/heads/master refs/remotes/master [4ms]
2024-11-17 17:36:49.936 [warning] [Git][revParse] Unable to read file: ENOENT: no such file or directory, open '/home/gaye/Development/se-prep/phase-2/react-hooks-component-props-mini-project/.git/refs/remotes/origin/master'
2024-11-17 17:36:49.938 [info] > git rev-parse refs/remotes/origin/master [2ms]
2024-11-17 17:36:49.995 [info] > git status -z -uall [47ms]
2024-11-17 17:36:49.995 [info] > git for-each-ref --sort -committerdate --format %(refname) %(objectname) %(*objectname) [20ms]
2024-11-17 17:36:51.111 [info] > git ls-files --stage -- /home/gaye/Development/se-prep/phase-2/react-hooks-component-props-mini-project/src/index.js [2ms]
2024-11-17 17:36:51.118 [info] > git cat-file -s 8c08c8f10b3f4d406ec02c12cd540ff2b226b0d3 [1ms]
2024-11-17 17:36:51.128 [info] > git show --textconv :src/index.js [1ms]
2024-11-17 17:36:53.040 [info] > git show --textconv :src/components/Article.js [4ms]
2024-11-17 17:36:53.042 [info] > git ls-files --stage -- /home/gaye/Development/se-prep/phase-2/react-hooks-component-props-mini-project/src/components/Article.js [2ms]
2024-11-17 17:36:53.723 [info] > git fetch [3823ms]
2024-11-17 17:36:53.737 [info] > git config --get commit.template [6ms]
2024-11-17 17:36:53.737 [info] > git for-each-ref --format=%(refname)%00%(upstream:short)%00%(objectname)%00%(upstream:track)%00%(upstream:remotename)%00%(upstream:remoteref) refs/heads/master refs/remotes/master [1ms]
2024-11-17 17:36:53.739 [warning] [Git][revParse] Unable to read file: ENOENT: no such file or directory, open '/home/gaye/Development/se-prep/phase-2/react-hooks-component-props-mini-project/.git/refs/remotes/origin/master'
2024-11-17 17:36:53.740 [info] > git rev-parse refs/remotes/origin/master [1ms]
2024-11-17 17:36:53.745 [info] > git status -z -uall [3ms]
2024-11-17 17:36:53.745 [info] > git for-each-ref --sort -committerdate --format %(refname) %(objectname) %(*objectname) [1ms]
2024-11-17 17:36:54.602 [info] > git ls-files --stage -- /home/gaye/Development/se-prep/phase-2/react-hooks-component-props-mini-project/src/components/Article.js [5ms]
2024-11-17 17:36:54.666 [info] > git show --textconv :src/components/Article.js [2ms]
2024-11-17 17:36:55.021 [info] > git config --get commit.template [8ms]
2024-11-17 17:36:55.023 [info] > git for-each-ref --format=%(refname)%00%(upstream:short)%00%(objectname)%00%(upstream:track)%00%(upstream:remotename)%00%(upstream:remoteref) refs/heads/master refs/remotes/master [3ms]
2024-11-17 17:36:55.029 [warning] [Git][revParse] Unable to read file: ENOENT: no such file or directory, open '/home/gaye/Development/se-prep/phase-2/react-hooks-component-props-mini-project/.git/refs/remotes/origin/master'
2024-11-17 17:36:55.030 [info] > git rev-parse refs/remotes/origin/master [1ms]
2024-11-17 17:36:55.039 [info] > git status -z -uall [5ms]
2024-11-17 17:36:55.041 [info] > git for-each-ref --sort -committerdate --format %(refname) %(objectname) %(*objectname) [2ms]
2024-11-17 17:37:03.706 [info] > git show --textconv :src/components/App.js [4ms]
2024-11-17 17:37:03.706 [info] > git ls-files --stage -- /home/gaye/Development/se-prep/phase-2/react-hooks-component-props-mini-project/src/components/App.js [1ms]
2024-11-17 17:37:03.710 [info] > git cat-file -s 5364d521182bf9016bd742a3b0c4d49f3c429297 [1ms]
2024-11-17 17:37:08.677 [info] > git show --textconv :src/components/Article.js [4ms]
2024-11-17 17:37:08.678 [info] > git ls-files --stage -- /home/gaye/Development/se-prep/phase-2/react-hooks-component-props-mini-project/src/components/Article.js [1ms]
2024-11-17 17:37:15.040 [info] > git config --get commit.template [2ms]
2024-11-17 17:37:15.047 [info] > git for-each-ref --format=%(refname)%00%(upstream:short)%00%(objectname)%00%(upstream:track)%00%(upstream:remotename)%00%(upstream:remoteref) refs/heads/master refs/remotes/master [2ms]
2024-11-17 17:37:15.051 [warning] [Git][revParse] Unable to read file: ENOENT: no such file or directory, open '/home/gaye/Development/se-prep/phase-2/react-hooks-component-props-mini-project/.git/refs/remotes/origin/master'
2024-11-17 17:37:15.052 [info] > git rev-parse refs/remotes/origin/master [2ms]
2024-11-17 17:37:15.060 [info] > git status -z -uall [5ms]
2024-11-17 17:37:15.061 [info] > git for-each-ref --sort -committerdate --format %(refname) %(objectname) %(*objectname) [2ms]
2024-11-17 17:37:20.093 [info] > git config --get commit.template [13ms]
2024-11-17 17:37:20.102 [info] > git for-each-ref --format=%(refname)%00%(upstream:short)%00%(objectname)%00%(upstream:track)%00%(upstream:remotename)%00%(upstream:remoteref) refs/heads/master refs/remotes/master [2ms]
2024-11-17 17:37:20.107 [warning] [Git][revParse] Unable to read file: ENOENT: no such file or directory, open '/home/gaye/Development/se-prep/phase-2/react-hooks-component-props-mini-project/.git/refs/remotes/origin/master'
2024-11-17 17:37:20.109 [info] > git rev-parse refs/remotes/origin/master [2ms]
2024-11-17 17:37:20.119 [info] > git status -z -uall [6ms]
2024-11-17 17:37:20.121 [info] > git for-each-ref --sort -committerdate --format %(refname) %(objectname) %(*objectname) [3ms]
2024-11-17 17:37:26.339 [info] > git config --get commit.template [13ms]
2024-11-17 17:37:26.342 [info] > git for-each-ref --format=%(refname)%00%(upstream:short)%00%(objectname)%00%(upstream:track)%00%(upstream:remotename)%00%(upstream:remoteref) refs/heads/master refs/remotes/master [4ms]
2024-11-17 17:37:26.346 [warning] [Git][revParse] Unable to read file: ENOENT: no such file or directory, open '/home/gaye/Development/se-prep/phase-2/react-hooks-component-props-mini-project/.git/refs/remotes/origin/master'
2024-11-17 17:37:26.347 [info] > git rev-parse refs/remotes/origin/master [1ms]
2024-11-17 17:37:26.359 [info] > git status -z -uall [7ms]
2024-11-17 17:37:26.360 [info] > git for-each-ref --sort -committerdate --format %(refname) %(objectname) %(*objectname) [3ms]
2024-11-17 17:37:32.636 [info] > git show --textconv :src/assets/logo.js [3ms]
2024-11-17 17:37:32.637 [info] > git ls-files --stage -- /home/gaye/Development/se-prep/phase-2/react-hooks-component-props-mini-project/src/assets/logo.js [2ms]
2024-11-17 17:37:32.640 [info] > git cat-file -s fe28cd72ae6fe386ea6e32b3318d0ea32cf72406 [1ms]
2024-11-17 17:37:50.227 [info] > git show --textconv :src/components/App.js [6ms]
2024-11-17 17:37:50.228 [info] > git ls-files --stage -- /home/gaye/Development/se-prep/phase-2/react-hooks-component-props-mini-project/src/components/App.js [2ms]
2024-11-17 17:37:50.233 [info] > git cat-file -s 5364d521182bf9016bd742a3b0c4d49f3c429297 [1ms]
2024-11-17 17:37:54.497 [info] > git show --textconv :src/components/Article.js [2ms]
2024-11-17 17:37:54.498 [info] > git ls-files --stage -- /home/gaye/Development/se-prep/phase-2/react-hooks-component-props-mini-project/src/components/Article.js [1ms]
2024-11-17 17:37:58.061 [info] > git show --textconv :src/data/blog.js [13ms]
2024-11-17 17:37:58.063 [info] > git ls-files --stage -- /home/gaye/Development/se-prep/phase-2/react-hooks-component-props-mini-project/src/data/blog.js [3ms]
2024-11-17 17:37:58.071 [info] > git cat-file -s 3a830265128190242fa85d6215d02e4b9bd17716 [3ms]
2024-11-17 17:38:05.342 [info] > git show --textconv :src/components/Article.js [3ms]
2024-11-17 17:38:05.343 [info] > git ls-files --stage -- /home/gaye/Development/se-prep/phase-2/react-hooks-component-props-mini-project/src/components/Article.js [2ms]
2024-11-17 17:38:06.750 [info] > git show --textconv :src/components/App.js [4ms]
2024-11-17 17:38:06.751 [info] > git ls-files --stage -- /home/gaye/Development/se-prep/phase-2/react-hooks-component-props-mini-project/src/components/App.js [2ms]
2024-11-17 17:38:06.754 [info] > git cat-file -s 5364d521182bf9016bd742a3b0c4d49f3c429297 [1ms]
2024-11-17 17:38:15.958 [info] > git config --get commit.template [4ms]
2024-11-17 17:38:15.959 [info] > git for-each-ref --format=%(refname)%00%(upstream:short)%00%(objectname)%00%(upstream:track)%00%(upstream:remotename)%00%(upstream:remoteref) refs/heads/master refs/remotes/master [2ms]
2024-11-17 17:38:15.964 [warning] [Git][revParse] Unable to read file: ENOENT: no such file or directory, open '/home/gaye/Development/se-prep/phase-2/react-hooks-component-props-mini-project/.git/refs/remotes/origin/master'
2024-11-17 17:38:15.965 [info] > git rev-parse refs/remotes/origin/master [1ms]
2024-11-17 17:38:15.974 [info] > git status -z -uall [6ms]
2024-11-17 17:38:15.975 [info] > git for-each-ref --sort -committerdate --format %(refname) %(objectname) %(*objectname) [1ms]
2024-11-17 17:38:21.000 [info] > git config --get commit.template [8ms]
2024-11-17 17:38:21.000 [info] > git for-each-ref --format=%(refname)%00%(upstream:short)%00%(objectname)%00%(upstream:track)%00%(upstream:remotename)%00%(upstream:remoteref) refs/heads/master refs/remotes/master [2ms]
2024-11-17 17:38:21.004 [warning] [Git][revParse] Unable to read file: ENOENT: no such file or directory, open '/home/gaye/Development/se-prep/phase-2/react-hooks-component-props-mini-project/.git/refs/remotes/origin/master'
2024-11-17 17:38:21.005 [info] > git rev-parse refs/remotes/origin/master [1ms]
2024-11-17 17:38:21.013 [info] > git status -z -uall [4ms]
2024-11-17 17:38:21.014 [info] > git for-each-ref --sort -committerdate --format %(refname) %(objectname) %(*objectname) [2ms]
2024-11-17 17:38:35.338 [info] > git show --textconv :src/index.css [6ms]
2024-11-17 17:38:35.341 [info] > git ls-files --stage -- /home/gaye/Development/se-prep/phase-2/react-hooks-component-props-mini-project/src/index.css [4ms]
2024-11-17 17:38:35.344 [info] > git cat-file -s c8ba8789e89ccbcdd5ba8b40ff2855d78c9ce67c [1ms]
2024-11-17 17:38:51.995 [info] > git config --get commit.template [6ms]
2024-11-17 17:38:52.005 [info] > git for-each-ref --format=%(refname)%00%(upstream:short)%00%(objectname)%00%(upstream:track)%00%(upstream:remotename)%00%(upstream:remoteref) refs/heads/master refs/remotes/master [4ms]
2024-11-17 17:38:52.013 [warning] [Git][revParse] Unable to read file: ENOENT: no such file or directory, open '/home/gaye/Development/se-prep/phase-2/react-hooks-component-props-mini-project/.git/refs/remotes/origin/master'
2024-11-17 17:38:52.015 [info] > git rev-parse refs/remotes/origin/master [2ms]
2024-11-17 17:38:52.029 [info] > git status -z -uall [5ms]
2024-11-17 17:38:52.030 [info] > git for-each-ref --sort -committerdate --format %(refname) %(objectname) %(*objectname) [2ms]
2024-11-17 17:38:58.845 [info] > git config --get commit.template [2ms]
2024-11-17 17:38:58.849 [info] > git for-each-ref --format=%(refname)%00%(upstream:short)%00%(objectname)%00%(upstream:track)%00%(upstream:remotename)%00%(upstream:remoteref) refs/heads/master refs/remotes/master [1ms]
2024-11-17 17:38:58.855 [warning] [Git][revParse] Unable to read file: ENOENT: no such file or directory, open '/home/gaye/Development/se-prep/phase-2/react-hooks-component-props-mini-project/.git/refs/remotes/origin/master'
2024-11-17 17:38:58.856 [info] > git rev-parse refs/remotes/origin/master [1ms]
2024-11-17 17:38:58.870 [info] > git status -z -uall [4ms]
2024-11-17 17:38:58.871 [info] > git for-each-ref --sort -committerdate --format %(refname) %(objectname) %(*objectname) [1ms]
2024-11-17 17:39:12.434 [info] > git config --get commit.template [4ms]
2024-11-17 17:39:12.435 [info] > git for-each-ref --format=%(refname)%00%(upstream:short)%00%(objectname)%00%(upstream:track)%00%(upstream:remotename)%00%(upstream:remoteref) refs/heads/master refs/remotes/master [1ms]
2024-11-17 17:39:12.437 [warning] [Git][revParse] Unable to read file: ENOENT: no such file or directory, open '/home/gaye/Development/se-prep/phase-2/react-hooks-component-props-mini-project/.git/refs/remotes/origin/master'
2024-11-17 17:39:12.439 [info] > git rev-parse refs/remotes/origin/master [2ms]
2024-11-17 17:39:12.448 [info] > git status -z -uall [7ms]
2024-11-17 17:39:12.449 [info] > git for-each-ref --sort -committerdate --format %(refname) %(objectname) %(*objectname) [2ms]
2024-11-17 17:39:32.974 [info] > git show --textconv :src/components/Article.js [4ms]
2024-11-17 17:39:32.976 [info] > git ls-files --stage -- /home/gaye/Development/se-prep/phase-2/react-hooks-component-props-mini-project/src/components/Article.js [2ms]
2024-11-17 17:40:27.935 [info] > git config --get commit.template [6ms]
2024-11-17 17:40:27.943 [info] > git for-each-ref --format=%(refname)%00%(upstream:short)%00%(objectname)%00%(upstream:track)%00%(upstream:remotename)%00%(upstream:remoteref) refs/heads/master refs/remotes/master [1ms]
2024-11-17 17:40:27.945 [warning] [Git][revParse] Unable to read file: ENOENT: no such file or directory, open '/home/gaye/Development/se-prep/phase-2/react-hooks-component-props-mini-project/.git/refs/remotes/origin/master'
2024-11-17 17:40:27.946 [info] > git rev-parse refs/remotes/origin/master [1ms]
2024-11-17 17:40:27.954 [info] > git status -z -uall [6ms]
2024-11-17 17:40:27.954 [info] > git for-each-ref --sort -committerdate --format %(refname) %(objectname) %(*objectname) [2ms]
2024-11-17 17:40:29.170 [info] > git ls-files --stage -- /home/gaye/Development/se-prep/phase-2/react-hooks-component-props-mini-project/src/components/Article.js [3ms]
2024-11-17 17:40:29.228 [info] > git show --textconv :src/components/Article.js [3ms]
2024-11-17 17:40:31.740 [info] > git fetch [3822ms]
2024-11-17 17:40:31.753 [info] > git config --get commit.template [6ms]
2024-11-17 17:40:31.754 [info] > git for-each-ref --format=%(refname)%00%(upstream:short)%00%(objectname)%00%(upstream:track)%00%(upstream:remotename)%00%(upstream:remoteref) refs/heads/master refs/remotes/master [2ms]
2024-11-17 17:40:31.759 [warning] [Git][revParse] Unable to read file: ENOENT: no such file or directory, open '/home/gaye/Development/se-prep/phase-2/react-hooks-component-props-mini-project/.git/refs/remotes/origin/master'
2024-11-17 17:40:31.760 [info] > git rev-parse refs/remotes/origin/master [1ms]
2024-11-17 17:40:31.771 [info] > git status -z -uall [8ms]
2024-11-17 17:40:31.773 [info] > git for-each-ref --sort -committerdate --format %(refname) %(objectname) %(*objectname) [5ms]
2024-11-17 17:40:32.614 [info] > git ls-files --stage -- /home/gaye/Development/se-prep/phase-2/react-hooks-component-props-mini-project/src/components/Article.js [2ms]
2024-11-17 17:40:32.636 [info] > git show --textconv :src/components/Article.js [1ms]
2024-11-17 17:40:33.258 [info] > git config --get commit.template [2ms]
2024-11-17 17:40:33.264 [info] > git for-each-ref --format=%(refname)%00%(upstream:short)%00%(objectname)%00%(upstream:track)%00%(upstream:remotename)%00%(upstream:remoteref) refs/heads/master refs/remotes/master [3ms]
2024-11-17 17:40:33.270 [warning] [Git][revParse] Unable to read file: ENOENT: no such file or directory, open '/home/gaye/Development/se-prep/phase-2/react-hooks-component-props-mini-project/.git/refs/remotes/origin/master'
2024-11-17 17:40:33.272 [info] > git rev-parse refs/remotes/origin/master [2ms]
2024-11-17 17:40:33.284 [info] > git status -z -uall [9ms]
2024-11-17 17:40:33.286 [info] > git for-each-ref --sort -committerdate --format %(refname) %(objectname) %(*objectname) [3ms]
2024-11-17 17:40:38.312 [info] > git config --get commit.template [10ms]
2024-11-17 17:40:38.314 [info] > git for-each-ref --format=%(refname)%00%(upstream:short)%00%(objectname)%00%(upstream:track)%00%(upstream:remotename)%00%(upstream:remoteref) refs/heads/master refs/remotes/master [4ms]
2024-11-17 17:40:38.322 [warning] [Git][revParse] Unable to read file: ENOENT: no such file or directory, open '/home/gaye/Development/se-prep/phase-2/react-hooks-component-props-mini-project/.git/refs/remotes/origin/master'
2024-11-17 17:40:38.324 [info] > git rev-parse refs/remotes/origin/master [2ms]
2024-11-17 17:40:38.335 [info] > git status -z -uall [7ms]
2024-11-17 17:40:38.336 [info] > git for-each-ref --sort -committerdate --format %(refname) %(objectname) %(*objectname) [4ms]
2024-11-17 17:40:56.885 [info] > git config --get commit.template [6ms]
2024-11-17 17:40:56.888 [info] > git for-each-ref --format=%(refname)%00%(upstream:short)%00%(objectname)%00%(upstream:track)%00%(upstream:remotename)%00%(upstream:remoteref) refs/heads/master refs/remotes/master [4ms]
2024-11-17 17:40:56.893 [warning] [Git][revParse] Unable to read file: ENOENT: no such file or directory, open '/home/gaye/Development/se-prep/phase-2/react-hooks-component-props-mini-project/.git/refs/remotes/origin/master'
2024-11-17 17:40:56.895 [info] > git rev-parse refs/remotes/origin/master [2ms]
2024-11-17 17:40:56.911 [info] > git status -z -uall [7ms]
2024-11-17 17:40:56.912 [info] > git for-each-ref --sort -committerdate --format %(refname) %(objectname) %(*objectname) [2ms]
2024-11-17 17:41:01.925 [info] > git config --get commit.template [2ms]
2024-11-17 17:41:01.925 [info] > git for-each-ref --format=%(refname)%00%(upstream:short)%00%(objectname)%00%(upstream:track)%00%(upstream:remotename)%00%(upstream:remoteref) refs/heads/master refs/remotes/master [1ms]
2024-11-17 17:41:01.927 [warning] [Git][revParse] Unable to read file: ENOENT: no such file or directory, open '/home/gaye/Development/se-prep/phase-2/react-hooks-component-props-mini-project/.git/refs/remotes/origin/master'
2024-11-17 17:41:01.927 [info] > git rev-parse refs/remotes/origin/master [0ms]
2024-11-17 17:41:01.933 [info] > git status -z -uall [4ms]
2024-11-17 17:41:01.934 [info] > git for-each-ref --sort -committerdate --format %(refname) %(objectname) %(*objectname) [3ms]
2024-11-17 17:41:24.548 [info] > git config --get commit.template [1ms]
2024-11-17 17:41:24.551 [info] > git for-each-ref --format=%(refname)%00%(upstream:short)%00%(objectname)%00%(upstream:track)%00%(upstream:remotename)%00%(upstream:remoteref) refs/heads/master refs/remotes/master [1ms]
2024-11-17 17:41:24.553 [warning] [Git][revParse] Unable to read file: ENOENT: no such file or directory, open '/home/gaye/Development/se-prep/phase-2/react-hooks-component-props-mini-project/.git/refs/remotes/origin/master'
2024-11-17 17:41:24.554 [info] > git rev-parse refs/remotes/origin/master [1ms]
2024-11-17 17:41:24.559 [info] > git status -z -uall [3ms]
2024-11-17 17:41:24.560 [info] > git for-each-ref --sort -committerdate --format %(refname) %(objectname) %(*objectname) [1ms]
2024-11-17 17:41:25.628 [info] > git config --get commit.template [4ms]
2024-11-17 17:41:25.628 [info] > git for-each-ref --format=%(refname)%00%(upstream:short)%00%(objectname)%00%(upstream:track)%00%(upstream:remotename)%00%(upstream:remoteref) refs/heads/master refs/remotes/master [1ms]
2024-11-17 17:41:25.631 [warning] [Git][revParse] Unable to read file: ENOENT: no such file or directory, open '/home/gaye/Development/se-prep/phase-2/react-hooks-component-props-mini-project/.git/refs/remotes/origin/master'
2024-11-17 17:41:25.632 [info] > git rev-parse refs/remotes/origin/master [0ms]
2024-11-17 17:41:25.636 [info] > git status -z -uall [2ms]
2024-11-17 17:41:25.637 [info] > git for-each-ref --sort -committerdate --format %(refname) %(objectname) %(*objectname) [1ms]
2024-11-17 17:41:25.729 [info] > git ls-files --stage -- /home/gaye/Development/se-prep/phase-2/react-hooks-component-props-mini-project/src/components/Article.js [1ms]
2024-11-17 17:41:25.733 [info] > git cat-file -s 934d27564ab2090474a8c20ab884960e9f6a7e8c [1ms]
2024-11-17 17:41:25.741 [info] > git show --textconv :src/components/Article.js [2ms]
2024-11-17 17:41:59.984 [info] > git config --get commit.template [6ms]
2024-11-17 17:41:59.984 [info] > git for-each-ref --format=%(refname)%00%(upstream:short)%00%(objectname)%00%(upstream:track)%00%(upstream:remotename)%00%(upstream:remoteref) refs/heads/master refs/remotes/master [2ms]
2024-11-17 17:41:59.988 [warning] [Git][revParse] Unable to read file: ENOENT: no such file or directory, open '/home/gaye/Development/se-prep/phase-2/react-hooks-component-props-mini-project/.git/refs/remotes/origin/master'
2024-11-17 17:41:59.990 [info] > git rev-parse refs/remotes/origin/master [2ms]
2024-11-17 17:41:59.999 [info] > git status -z -uall [5ms]
2024-11-17 17:42:00.001 [info] > git for-each-ref --sort -committerdate --format %(refname) %(objectname) %(*objectname) [3ms]
2024-11-17 17:43:32.995 [info] > git ls-files --stage -- /home/gaye/Development/se-prep/phase-2/react-hooks-component-props-mini-project/src/components/Article.js [1ms]
2024-11-17 17:43:32.999 [info] > git cat-file -s 934d27564ab2090474a8c20ab884960e9f6a7e8c [1ms]
2024-11-17 17:43:33.008 [info] > git show --textconv :src/components/Article.js [2ms]
2024-11-17 17:43:35.596 [info] > git fetch [3813ms]
2024-11-17 17:43:35.616 [info] > git config --get commit.template [9ms]
2024-11-17 17:43:35.618 [info] > git for-each-ref --format=%(refname)%00%(upstream:short)%00%(objectname)%00%(upstream:track)%00%(upstream:remotename)%00%(upstream:remoteref) refs/heads/master refs/remotes/master [3ms]
2024-11-17 17:43:35.626 [warning] [Git][revParse] Unable to read file: ENOENT: no such file or directory, open '/home/gaye/Development/se-prep/phase-2/react-hooks-component-props-mini-project/.git/refs/remotes/origin/master'
2024-11-17 17:43:35.629 [info] > git rev-parse refs/remotes/origin/master [3ms]
2024-11-17 17:43:35.640 [info] > git status -z -uall [6ms]
2024-11-17 17:43:35.642 [info] > git for-each-ref --sort -committerdate --format %(refname) %(objectname) %(*objectname) [2ms]
2024-11-17 17:43:36.489 [info] > git ls-files --stage -- /home/gaye/Development/se-prep/phase-2/react-hooks-component-props-mini-project/src/components/Article.js [2ms]
2024-11-17 17:43:36.492 [info] > git cat-file -s 934d27564ab2090474a8c20ab884960e9f6a7e8c [1ms]
2024-11-17 17:43:36.499 [info] > git show --textconv :src/components/Article.js [1ms]
2024-11-17 17:46:36.868 [info] > git ls-files --stage -- /home/gaye/Development/se-prep/phase-2/react-hooks-component-props-mini-project/src/components/Article.js [4ms]
2024-11-17 17:46:36.876 [info] > git cat-file -s 934d27564ab2090474a8c20ab884960e9f6a7e8c [2ms]
2024-11-17 17:46:36.887 [info] > git show --textconv :src/components/Article.js [2ms]
2024-11-17 17:46:39.525 [info] > git fetch [3874ms]
2024-11-17 17:46:39.549 [info] > git config --get commit.template [10ms]
2024-11-17 17:46:39.551 [info] > git for-each-ref --format=%(refname)%00%(upstream:short)%00%(objectname)%00%(upstream:track)%00%(upstream:remotename)%00%(upstream:remoteref) refs/heads/master refs/remotes/master [3ms]
2024-11-17 17:46:39.558 [warning] [Git][revParse] Unable to read file: ENOENT: no such file or directory, open '/home/gaye/Development/se-prep/phase-2/react-hooks-component-props-mini-project/.git/refs/remotes/origin/master'
2024-11-17 17:46:39.561 [info] > git rev-parse refs/remotes/origin/master [3ms]
2024-11-17 17:46:39.573 [info] > git status -z -uall [6ms]
2024-11-17 17:46:39.574 [info] > git for-each-ref --sort -committerdate --format %(refname) %(objectname) %(*objectname) [2ms]
2024-11-17 17:46:40.406 [info] > git ls-files --stage -- /home/gaye/Development/se-prep/phase-2/react-hooks-component-props-mini-project/src/components/Article.js [1ms]
2024-11-17 17:46:40.410 [info] > git cat-file -s 934d27564ab2090474a8c20ab884960e9f6a7e8c [1ms]
2024-11-17 17:46:40.420 [info] > git show --textconv :src/components/Article.js [2ms]
2024-11-17 17:47:10.530 [info] > git config --get commit.template [1ms]
2024-11-17 17:47:10.534 [info] > git for-each-ref --format=%(refname)%00%(upstream:short)%00%(objectname)%00%(upstream:track)%00%(upstream:remotename)%00%(upstream:remoteref) refs/heads/master refs/remotes/master [2ms]
2024-11-17 17:47:10.537 [warning] [Git][revParse] Unable to read file: ENOENT: no such file or directory, open '/home/gaye/Development/se-prep/phase-2/react-hooks-component-props-mini-project/.git/refs/remotes/origin/master'
2024-11-17 17:47:10.538 [info] > git rev-parse refs/remotes/origin/master [1ms]
2024-11-17 17:47:10.546 [info] > git status -z -uall [6ms]
2024-11-17 17:47:10.547 [info] > git for-each-ref --sort -committerdate --format %(refname) %(objectname) %(*objectname) [1ms]
2024-11-17 17:47:10.560 [info] > git merge-base refs/heads/master refs/remotes/origin/master [5ms]
2024-11-17 17:47:10.566 [info] > git diff --name-status -z --diff-filter=ADMR 5e4028ccd6d6e547ba9f0f91ba3988816407f013...refs/remotes/origin/master [3ms]
2024-11-17 17:47:11.584 [info] > git config --get commit.template [11ms]
2024-11-17 17:47:11.586 [info] > git for-each-ref --format=%(refname)%00%(upstream:short)%00%(objectname)%00%(upstream:track)%00%(upstream:remotename)%00%(upstream:remoteref) refs/heads/master refs/remotes/master [3ms]
2024-11-17 17:47:11.592 [warning] [Git][revParse] Unable to read file: ENOENT: no such file or directory, open '/home/gaye/Development/se-prep/phase-2/react-hooks-component-props-mini-project/.git/refs/remotes/origin/master'
2024-11-17 17:47:11.594 [info] > git rev-parse refs/remotes/origin/master [2ms]
2024-11-17 17:47:11.608 [info] > git status -z -uall [9ms]
2024-11-17 17:47:11.609 [info] > git for-each-ref --sort -committerdate --format %(refname) %(objectname) %(*objectname) [5ms]
2024-11-17 17:47:11.673 [info] > git ls-files --stage -- /home/gaye/Development/se-prep/phase-2/react-hooks-component-props-mini-project/src/components/Article.js [2ms]
2024-11-17 17:47:11.680 [info] > git cat-file -s 934d27564ab2090474a8c20ab884960e9f6a7e8c [2ms]
2024-11-17 17:47:11.693 [info] > git show --textconv :src/components/Article.js [2ms]
2024-11-17 17:47:26.740 [info] > git config --get commit.template [1ms]
2024-11-17 17:47:26.745 [info] > git for-each-ref --format=%(refname)%00%(upstream:short)%00%(objectname)%00%(upstream:track)%00%(upstream:remotename)%00%(upstream:remoteref) refs/heads/master refs/remotes/master [2ms]
2024-11-17 17:47:26.754 [info] > git status -z -uall [4ms]
2024-11-17 17:47:26.755 [info] > git for-each-ref --sort -committerdate --format %(refname) %(objectname) %(*objectname) [2ms]
2024-11-17 17:47:26.767 [info] > git merge-base refs/heads/master refs/remotes/origin/master [1ms]
2024-11-17 17:47:26.771 [info] > git diff --name-status -z --diff-filter=ADMR 7294f14cec926565525e528974bd220ddf0bc1eb...refs/remotes/origin/master [1ms]
2024-11-17 17:47:27.836 [info] > git config --get commit.template [4ms]
2024-11-17 17:47:27.836 [info] > git for-each-ref --format=%(refname)%00%(upstream:short)%00%(objectname)%00%(upstream:track)%00%(upstream:remotename)%00%(upstream:remoteref) refs/heads/master refs/remotes/master [1ms]
2024-11-17 17:47:27.842 [info] > git status -z -uall [3ms]
2024-11-17 17:47:27.843 [info] > git for-each-ref --sort -committerdate --format %(refname) %(objectname) %(*objectname) [1ms]
2024-11-17 17:47:27.957 [info] > git ls-files --stage -- /home/gaye/Development/se-prep/phase-2/react-hooks-component-props-mini-project/src/components/Article.js [4ms]
2024-11-17 17:47:27.966 [info] > git cat-file -s 934d27564ab2090474a8c20ab884960e9f6a7e8c [2ms]
2024-11-17 17:47:27.979 [info] > git show --textconv :src/components/Article.js [2ms]
2024-11-17 17:47:32.377 [info] > git ls-files --stage -- /home/gaye/Development/se-prep/phase-2/react-hooks-component-props-mini-project/src/components/Article.js [2ms]
2024-11-17 17:47:32.383 [info] > git cat-file -s 934d27564ab2090474a8c20ab884960e9f6a7e8c [2ms]
2024-11-17 17:47:32.393 [info] > git show --textconv :src/components/Article.js [1ms]
2024-11-17 17:47:32.862 [info] > git config --get commit.template [7ms]
2024-11-17 17:47:32.863 [info] > git for-each-ref --format=%(refname)%00%(upstream:short)%00%(objectname)%00%(upstream:track)%00%(upstream:remotename)%00%(upstream:remoteref) refs/heads/master refs/remotes/master [2ms]
2024-11-17 17:47:32.871 [info] > git status -z -uall [4ms]
2024-11-17 17:47:32.872 [info] > git for-each-ref --sort -committerdate --format %(refname) %(objectname) %(*objectname) [2ms]
2024-11-17 17:52:57.391 [info] > git ls-files --stage -- /home/gaye/Development/se-prep/phase-2/react-hooks-component-props-mini-project/src/components/Article.js [2ms]
2024-11-17 17:52:57.396 [info] > git cat-file -s 934d27564ab2090474a8c20ab884960e9f6a7e8c [1ms]
2024-11-17 17:52:57.409 [info] > git show --textconv :src/components/Article.js [3ms]
