2024-11-18 06:19:03.635 [info] [main] Log level: Info
2024-11-18 06:19:03.635 [info] [main] Validating found git in: "git"
2024-11-18 06:19:03.635 [info] [main] Using git "2.47.0" from "git"
2024-11-18 06:19:03.635 [info] [Model][doInitialScan] Initial repository scan started
2024-11-18 06:19:03.635 [info] > git rev-parse --show-toplevel [383ms]
2024-11-18 06:19:03.636 [info] > git rev-parse --git-dir --git-common-dir [12ms]
2024-11-18 06:19:03.665 [info] [Model][openRepository] Opened repository: /home/gaye/Marine/phase-2-project
2024-11-18 06:19:03.690 [info] > git rev-parse --show-toplevel [10ms]
2024-11-18 06:19:03.693 [info] > git config --get commit.template [16ms]
2024-11-18 06:19:03.705 [info] > git rev-parse --show-toplevel [7ms]
2024-11-18 06:19:03.715 [info] > git rev-parse --show-toplevel [2ms]
2024-11-18 06:19:03.722 [info] > git for-each-ref --format=%(refname)%00%(upstream:short)%00%(objectname)%00%(upstream:track)%00%(upstream:remotename)%00%(upstream:remoteref) refs/heads/main refs/remotes/main [19ms]
2024-11-18 06:19:03.739 [info] > git rev-parse --show-toplevel [18ms]
2024-11-18 06:19:03.781 [info] > git rev-parse --show-toplevel [30ms]
2024-11-18 06:19:03.785 [info] [Model][doInitialScan] Initial repository scan completed - repositories (1), closed repositories (0), parent repositories (0), unsafe repositories (0)
2024-11-18 06:19:03.787 [info] > git status -z -uall [20ms]
2024-11-18 06:19:03.787 [info] > git for-each-ref --sort -committerdate --format %(refname) %(objectname) %(*objectname) [14ms]
2024-11-18 06:19:03.819 [info] > git for-each-ref --format=%(refname)%00%(upstream:short)%00%(objectname)%00%(upstream:track)%00%(upstream:remotename)%00%(upstream:remoteref) refs/heads/main refs/remotes/main [11ms]
2024-11-18 06:19:03.826 [info] > git config --local branch.main.vscode-merge-base [2ms]
2024-11-18 06:19:03.827 [warning] [Git][config] git config failed: Failed to execute git
2024-11-18 06:19:03.836 [info] > git config --get commit.template [19ms]
2024-11-18 06:19:03.846 [info] > git for-each-ref --format=%(refname)%00%(upstream:short)%00%(objectname)%00%(upstream:track)%00%(upstream:remotename)%00%(upstream:remoteref) refs/heads/main refs/remotes/main [5ms]
2024-11-18 06:19:03.847 [info] > git reflog main --grep-reflog=branch: Created from *. [12ms]
2024-11-18 06:19:03.868 [info] > git status -z -uall [11ms]
2024-11-18 06:19:03.869 [info] > git symbolic-ref --short refs/remotes/origin/HEAD [16ms]
2024-11-18 06:19:03.869 [info] fatal: ref refs/remotes/origin/HEAD is not a symbolic ref
2024-11-18 06:19:03.869 [warning] [Repository][getDefaultBranch] Failed to get default branch details: Failed to execute git.
2024-11-18 06:19:03.881 [info] > git merge-base refs/heads/main refs/remotes/origin/main [8ms]
2024-11-18 06:19:03.886 [info] > git for-each-ref --sort -committerdate --format %(refname) %(objectname) %(*objectname) [21ms]
2024-11-18 06:19:03.919 [info] > git merge-base refs/heads/main refs/remotes/origin/main [28ms]
2024-11-18 06:19:03.922 [info] > git diff --name-status -z --diff-filter=ADMR a28b9f342e3e438e066041f5cf827b5411d46350...refs/remotes/origin/main [36ms]
2024-11-18 06:19:03.925 [info] > git diff --name-status -z --diff-filter=ADMR a28b9f342e3e438e066041f5cf827b5411d46350...refs/remotes/origin/main [3ms]
2024-11-18 06:19:03.987 [info] > git show --textconv :src/components/Footer.js [3ms]
2024-11-18 06:19:03.992 [info] > git ls-files --stage -- /home/gaye/Marine/phase-2-project/src/components/Footer.js [7ms]
2024-11-18 06:19:03.998 [info] > git cat-file -s 47e8ef7fb9735dcf7df8b8c8ad0afb2605c837a6 [1ms]
2024-11-18 06:19:04.232 [info] > git check-ignore -v -z --stdin [1ms]
2024-11-18 06:19:07.522 [info] > git fetch [3857ms]
2024-11-18 06:19:07.530 [info] > git config --get commit.template [3ms]
2024-11-18 06:19:07.531 [info] > git for-each-ref --format=%(refname)%00%(upstream:short)%00%(objectname)%00%(upstream:track)%00%(upstream:remotename)%00%(upstream:remoteref) refs/heads/main refs/remotes/main [1ms]
2024-11-18 06:19:07.539 [info] > git for-each-ref --sort -committerdate --format %(refname) %(objectname) %(*objectname) [1ms]
2024-11-18 06:19:07.542 [info] > git status -z -uall [7ms]
2024-11-18 06:19:08.396 [info] > git ls-files --stage -- /home/gaye/Marine/phase-2-project/src/components/Footer.js [1ms]
2024-11-18 06:19:08.400 [info] > git cat-file -s 47e8ef7fb9735dcf7df8b8c8ad0afb2605c837a6 [1ms]
2024-11-18 06:19:08.410 [info] > git show --textconv :src/components/Footer.js [1ms]
2024-11-18 06:20:27.575 [info] > git check-ignore -v -z --stdin [3ms]
2024-11-18 06:20:29.609 [info] > git check-ignore -v -z --stdin [3ms]
2024-11-18 06:20:32.023 [info] > git check-ignore -v -z --stdin [2ms]
2024-11-18 06:20:35.896 [info] > git check-ignore -v -z --stdin [2ms]
2024-11-18 06:20:54.102 [info] > git check-ignore -v -z --stdin [1ms]
2024-11-18 06:22:11.648 [info] > git fetch [4093ms]
2024-11-18 06:22:11.655 [info] > git config --get commit.template [4ms]
2024-11-18 06:22:11.656 [info] > git for-each-ref --format=%(refname)%00%(upstream:short)%00%(objectname)%00%(upstream:track)%00%(upstream:remotename)%00%(upstream:remoteref) refs/heads/main refs/remotes/main [3ms]
2024-11-18 06:22:11.662 [info] > git for-each-ref --sort -committerdate --format %(refname) %(objectname) %(*objectname) [2ms]
2024-11-18 06:22:11.664 [info] > git status -z -uall [6ms]
2024-11-18 06:25:15.521 [info] > git fetch [3847ms]
2024-11-18 06:25:15.531 [info] > git config --get commit.template [3ms]
2024-11-18 06:25:15.532 [info] > git for-each-ref --format=%(refname)%00%(upstream:short)%00%(objectname)%00%(upstream:track)%00%(upstream:remotename)%00%(upstream:remoteref) refs/heads/main refs/remotes/main [2ms]
2024-11-18 06:25:15.540 [info] > git for-each-ref --sort -committerdate --format %(refname) %(objectname) %(*objectname) [1ms]
2024-11-18 06:25:15.544 [info] > git status -z -uall [8ms]
2024-11-18 06:28:19.956 [info] > git fetch [4395ms]
2024-11-18 06:28:19.980 [info] > git config --get commit.template [11ms]
2024-11-18 06:28:19.983 [info] > git for-each-ref --format=%(refname)%00%(upstream:short)%00%(objectname)%00%(upstream:track)%00%(upstream:remotename)%00%(upstream:remoteref) refs/heads/main refs/remotes/main [5ms]
2024-11-18 06:28:19.996 [info] > git for-each-ref --sort -committerdate --format %(refname) %(objectname) %(*objectname) [2ms]
2024-11-18 06:28:20.000 [info] > git status -z -uall [11ms]
2024-11-18 06:31:23.874 [info] > git fetch [3859ms]
2024-11-18 06:31:23.885 [info] > git config --get commit.template [4ms]
2024-11-18 06:31:23.886 [info] > git for-each-ref --format=%(refname)%00%(upstream:short)%00%(objectname)%00%(upstream:track)%00%(upstream:remotename)%00%(upstream:remoteref) refs/heads/main refs/remotes/main [2ms]
2024-11-18 06:31:23.897 [info] > git for-each-ref --sort -committerdate --format %(refname) %(objectname) %(*objectname) [3ms]
2024-11-18 06:31:23.900 [info] > git status -z -uall [10ms]
2024-11-18 06:34:27.783 [info] > git fetch [3870ms]
2024-11-18 06:34:27.791 [info] > git config --get commit.template [3ms]
2024-11-18 06:34:27.792 [info] > git for-each-ref --format=%(refname)%00%(upstream:short)%00%(objectname)%00%(upstream:track)%00%(upstream:remotename)%00%(upstream:remoteref) refs/heads/main refs/remotes/main [2ms]
2024-11-18 06:34:27.801 [info] > git for-each-ref --sort -committerdate --format %(refname) %(objectname) %(*objectname) [2ms]
2024-11-18 06:34:27.804 [info] > git status -z -uall [9ms]
