0 verbose cli /usr/bin/node /usr/bin/npm
1 info using npm@10.7.0
2 info using node@v18.20.4
3 silly config:load:file:/usr/lib/node_modules/npm/npmrc
4 silly config:load:file:/home/gaye/.npmrc
5 silly config:load:file:/home/gaye/.npm-global/etc/npmrc
6 verbose title npm install npm-check-updates
7 verbose argv "install" "--global" "npm-check-updates"
8 verbose logfile logs-max:10 dir:/home/gaye/.npm/_logs/2024-11-18T07_47_14_522Z-
9 verbose logfile /home/gaye/.npm/_logs/2024-11-18T07_47_14_522Z-debug-0.log
10 silly logfile start cleaning logs, removing 1 files
11 silly logfile done cleaning log files
12 silly idealTree buildDeps
13 silly fetch manifest npm-check-updates@*
14 http fetch GET 200 https://registry.npmjs.org/npm-check-updates 660ms (cache miss)
15 silly placeDep ROOT npm-check-updates@17.1.11 OK for:  want: *
16 silly reify moves {}
17 silly tarball no local data for npm-check-updates@https://registry.npmjs.org/npm-check-updates/-/npm-check-updates-17.1.11.tgz. Extracting by manifest.
18 http fetch GET 200 https://registry.npmjs.org/npm-check-updates/-/npm-check-updates-17.1.11.tgz 1609ms (cache miss)
19 silly ADD node_modules/npm-check-updates
20 verbose exit 0
21 info ok
