0 verbose cli /usr/bin/node /usr/bin/npm
1 info using npm@10.7.0
2 info using node@v18.20.4
3 silly config:load:file:/usr/lib/node_modules/npm/npmrc
4 silly config:load:file:/home/gaye/.npmrc
5 silly config:load:file:/home/gaye/.npm-global/etc/npmrc
6 verbose title npm install npm
7 verbose argv "install" "--global" "npm"
8 verbose logfile logs-max:10 dir:/home/gaye/.npm/_logs/2024-11-18T07_40_36_015Z-
9 verbose logfile /home/gaye/.npm/_logs/2024-11-18T07_40_36_015Z-debug-0.log
10 silly logfile start cleaning logs, removing 1 files
11 silly logfile done cleaning log files
12 http fetch GET 200 https://registry.npmjs.org/npm 445ms (cache miss)
13 silly idealTree buildDeps
14 silly fetch manifest npm@*
15 http fetch GET 200 https://registry.npmjs.org/npm 8171ms (cache miss)
16 silly placeDep ROOT npm@10.9.0 OK for:  want: *
17 silly reify moves {}
18 silly tarball no local data for npm@https://registry.npmjs.org/npm/-/npm-10.9.0.tgz. Extracting by manifest.
19 http fetch GET 200 https://registry.npmjs.org/npm/-/npm-10.9.0.tgz 4162ms (cache miss)
20 silly ADD node_modules/npm
21 verbose exit 0
22 info ok
