0 verbose cli /usr/bin/node /usr/bin/npm
1 info using npm@10.7.0
2 info using node@v18.20.4
3 silly config:load:file:/usr/lib/node_modules/npm/npmrc
4 silly config:load:file:/home/gaye/.npmrc
5 silly config:load:file:/home/gaye/.npm-global/etc/npmrc
6 verbose title npm install @testing-library/jest-dom@latest @testing-library/react@latest @testing-library/user-event@latest web-vitals@latest
7 verbose argv "install" "@testing-library/jest-dom@latest" "@testing-library/react@latest" "@testing-library/user-event@latest" "web-vitals@latest"
8 verbose logfile logs-max:10 dir:/home/gaye/.npm/_logs/2024-11-18T07_46_24_499Z-
9 verbose logfile /home/gaye/.npm/_logs/2024-11-18T07_46_24_499Z-debug-0.log
10 silly logfile start cleaning logs, removing 2 files
11 silly logfile done cleaning log files
12 http fetch GET 200 https://registry.npmjs.org/@testing-library%2fjest-dom 26ms (cache hit)
13 http fetch GET 200 https://registry.npmjs.org/web-vitals 30ms (cache hit)
14 http fetch GET 200 https://registry.npmjs.org/@testing-library%2freact 33ms (cache hit)
15 http fetch GET 200 https://registry.npmjs.org/@testing-library%2fuser-event 35ms (cache hit)
16 silly idealTree buildDeps
17 silly fetch manifest @testing-library/jest-dom@6.6.3
18 silly fetch manifest web-vitals@4.2.4
19 silly fetch manifest @testing-library/react@16.0.1
20 silly fetch manifest @testing-library/dom@^10.0.0
21 http fetch GET 200 https://registry.npmjs.org/@testing-library%2fdom 340ms (cache revalidated)
22 silly fetch manifest @types/react@^18.0.0
23 http fetch GET 200 https://registry.npmjs.org/@types%2freact 123ms (cache revalidated)
24 silly fetch manifest @types/react-dom@^18.0.0
25 http fetch GET 200 https://registry.npmjs.org/@types%2freact-dom 83ms (cache revalidated)
26 silly fetch manifest react@^18.0.0
27 http fetch GET 200 https://registry.npmjs.org/react 25ms (cache hit)
28 silly fetch manifest react-dom@^18.0.0
29 http fetch GET 200 https://registry.npmjs.org/react-dom 19ms (cache hit)
30 silly fetch manifest @testing-library/user-event@14.5.2
31 silly fetch manifest @testing-library/dom@>=7.21.4
32 silly placeDep ROOT @testing-library/jest-dom@6.6.3 OK for:  want: 6.6.3
33 silly placeDep ROOT @testing-library/react@16.0.1 OK for:  want: 16.0.1
34 silly placeDep ROOT react@18.3.1 OK for: @testing-library/react@16.0.1 want: ^18.0.0
35 silly placeDep ROOT react-dom@18.3.1 OK for: @testing-library/react@16.0.1 want: ^18.0.0
36 silly placeDep ROOT @testing-library/dom@10.4.0 OK for: @testing-library/react@16.0.1 want: ^10.0.0
37 silly placeDep ROOT @testing-library/user-event@14.5.2 OK for:  want: 14.5.2
38 silly placeDep ROOT web-vitals@4.2.4 OK for:  want: 4.2.4
39 silly fetch manifest @adobe/css-tools@^4.4.0
40 silly fetch manifest aria-query@^5.0.0
41 silly fetch manifest chalk@^3.0.0
42 silly fetch manifest css.escape@^1.5.1
43 silly fetch manifest dom-accessibility-api@^0.6.3
44 silly fetch manifest lodash@^4.17.21
45 silly fetch manifest redent@^3.0.0
46 http fetch GET 200 https://registry.npmjs.org/lodash 24ms (cache hit)
47 silly fetch manifest @babel/runtime@^7.12.5
48 http fetch GET 200 https://registry.npmjs.org/aria-query 31ms (cache hit)
49 silly fetch manifest chalk@^4.1.0
50 http fetch GET 200 https://registry.npmjs.org/@babel%2fruntime 14ms (cache hit)
51 silly fetch manifest lz-string@^1.5.0
52 http fetch GET 200 https://registry.npmjs.org/chalk 87ms (cache revalidated)
53 silly fetch manifest aria-query@5.3.0
54 silly fetch manifest pretty-format@^27.0.2
55 http fetch GET 200 https://registry.npmjs.org/pretty-format 9ms (cache hit)
56 silly fetch manifest @babel/code-frame@^7.10.4
57 http fetch GET 200 https://registry.npmjs.org/@babel%2fcode-frame 11ms (cache hit)
58 silly fetch manifest @types/aria-query@^5.0.1
59 http fetch GET 200 https://registry.npmjs.org/@types%2faria-query 75ms (cache revalidated)
60 silly fetch manifest dom-accessibility-api@^0.5.9
61 http fetch GET 200 https://registry.npmjs.org/dom-accessibility-api 199ms (cache revalidated)
62 silly fetch manifest scheduler@^0.23.2
63 http fetch GET 200 https://registry.npmjs.org/dom-accessibility-api 11ms (cache hit)
64 silly fetch manifest loose-envify@^1.1.0
65 http fetch GET 200 https://registry.npmjs.org/scheduler 16ms (cache hit)
66 http fetch GET 200 https://registry.npmjs.org/redent 253ms (cache revalidated)
67 http fetch GET 200 https://registry.npmjs.org/chalk 224ms (cache revalidated)
68 http fetch GET 200 https://registry.npmjs.org/loose-envify 48ms (cache hit)
69 http fetch GET 200 https://registry.npmjs.org/css.escape 880ms (cache revalidated)
70 http fetch GET 200 https://registry.npmjs.org/lz-string 824ms (cache revalidated)
71 http fetch GET 200 https://registry.npmjs.org/@adobe%2fcss-tools 932ms (cache revalidated)
72 silly placeDep ROOT @babel/code-frame@7.26.2 OK for: @testing-library/dom@10.4.0 want: ^7.10.4
73 silly placeDep ROOT @babel/runtime@7.26.0 OK for: @testing-library/dom@10.4.0 want: ^7.12.5
74 silly placeDep ROOT @types/aria-query@5.0.4 OK for: @testing-library/dom@10.4.0 want: ^5.0.1
75 silly placeDep ROOT aria-query@5.3.0 OK for: @testing-library/dom@10.4.0 want: 5.3.0
76 silly placeDep ROOT chalk@4.1.2 OK for: @testing-library/dom@10.4.0 want: ^4.1.0
77 silly placeDep ROOT dom-accessibility-api@0.5.16 OK for: @testing-library/dom@10.4.0 want: ^0.5.9
78 silly placeDep ROOT lz-string@1.5.0 OK for: @testing-library/dom@10.4.0 want: ^1.5.0
79 silly placeDep ROOT pretty-format@27.5.1 OK for: @testing-library/dom@10.4.0 want: ^27.0.2
80 silly fetch manifest @babel/helper-validator-identifier@^7.25.9
81 silly fetch manifest js-tokens@^4.0.0
82 silly fetch manifest picocolors@^1.0.0
83 silly fetch manifest regenerator-runtime@^0.14.0
84 silly fetch manifest dequal@^2.0.3
85 silly fetch manifest ansi-styles@^4.1.0
86 silly fetch manifest supports-color@^7.1.0
87 http fetch GET 200 https://registry.npmjs.org/js-tokens 25ms (cache hit)
88 silly fetch manifest react-is@^17.0.1
89 http fetch GET 200 https://registry.npmjs.org/picocolors 27ms (cache hit)
90 silly fetch manifest ansi-regex@^5.0.1
91 http fetch GET 200 https://registry.npmjs.org/regenerator-runtime 28ms (cache hit)
92 silly fetch manifest ansi-styles@^5.0.0
93 http fetch GET 200 https://registry.npmjs.org/ansi-styles 28ms (cache hit)
94 http fetch GET 200 https://registry.npmjs.org/supports-color 30ms (cache hit)
95 http fetch GET 200 https://registry.npmjs.org/@babel%2fhelper-validator-identifier 37ms (cache hit)
96 http fetch GET 200 https://registry.npmjs.org/ansi-styles 14ms (cache hit)
97 http fetch GET 200 https://registry.npmjs.org/ansi-regex 17ms (cache hit)
98 http fetch GET 200 https://registry.npmjs.org/react-is 27ms (cache hit)
99 http fetch GET 200 https://registry.npmjs.org/dequal 121ms (cache revalidated)
100 silly placeDep ROOT @babel/helper-validator-identifier@7.25.9 OK for: @babel/code-frame@7.26.2 want: ^7.25.9
101 silly placeDep ROOT js-tokens@4.0.0 OK for: @babel/code-frame@7.26.2 want: ^4.0.0
102 silly placeDep ROOT picocolors@1.1.1 OK for: @babel/code-frame@7.26.2 want: ^1.0.0
103 silly placeDep ROOT regenerator-runtime@0.14.1 OK for: @babel/runtime@7.26.0 want: ^0.14.0
104 silly placeDep ROOT @adobe/css-tools@4.4.1 OK for: @testing-library/jest-dom@6.6.3 want: ^4.4.0
105 silly placeDep node_modules/@testing-library/jest-dom chalk@3.0.0 OK for: @testing-library/jest-dom@6.6.3 want: ^3.0.0
106 silly placeDep ROOT css.escape@1.5.1 OK for: @testing-library/jest-dom@6.6.3 want: ^1.5.1
107 silly placeDep node_modules/@testing-library/jest-dom dom-accessibility-api@0.6.3 OK for: @testing-library/jest-dom@6.6.3 want: ^0.6.3
108 silly placeDep ROOT lodash@4.17.21 OK for: @testing-library/jest-dom@6.6.3 want: ^4.17.21
109 silly placeDep ROOT redent@3.0.0 OK for: @testing-library/jest-dom@6.6.3 want: ^3.0.0
110 silly fetch manifest indent-string@^4.0.0
111 silly fetch manifest strip-indent@^3.0.0
112 http fetch GET 200 https://registry.npmjs.org/indent-string 102ms (cache revalidated)
113 http fetch GET 200 https://registry.npmjs.org/strip-indent 139ms (cache revalidated)
114 silly placeDep ROOT dequal@2.0.3 OK for: aria-query@5.3.0 want: ^2.0.3
115 silly placeDep ROOT ansi-styles@4.3.0 OK for: chalk@4.1.2 want: ^4.1.0
116 silly placeDep ROOT supports-color@7.2.0 OK for: chalk@4.1.2 want: ^7.1.0
117 silly fetch manifest color-convert@^2.0.1
118 silly fetch manifest has-flag@^4.0.0
119 http fetch GET 200 https://registry.npmjs.org/color-convert 7ms (cache hit)
120 http fetch GET 200 https://registry.npmjs.org/has-flag 8ms (cache hit)
121 silly placeDep ROOT color-convert@2.0.1 OK for: ansi-styles@4.3.0 want: ^2.0.1
122 silly fetch manifest color-name@~1.1.4
123 http fetch GET 200 https://registry.npmjs.org/color-name 4ms (cache hit)
124 silly placeDep ROOT color-name@1.1.4 OK for: color-convert@2.0.1 want: ~1.1.4
125 silly placeDep ROOT ansi-regex@5.0.1 OK for: pretty-format@27.5.1 want: ^5.0.1
126 silly placeDep node_modules/pretty-format ansi-styles@5.2.0 OK for: pretty-format@27.5.1 want: ^5.0.0
127 silly placeDep ROOT react-is@17.0.2 OK for: pretty-format@27.5.1 want: ^17.0.1
128 silly placeDep ROOT loose-envify@1.4.0 OK for: react@18.3.1 want: ^1.1.0
129 silly placeDep ROOT scheduler@0.23.2 OK for: react-dom@18.3.1 want: ^0.23.2
130 silly placeDep ROOT indent-string@4.0.0 OK for: redent@3.0.0 want: ^4.0.0
131 silly placeDep ROOT strip-indent@3.0.0 OK for: redent@3.0.0 want: ^3.0.0
132 silly fetch manifest min-indent@^1.0.0
133 http fetch GET 200 https://registry.npmjs.org/min-indent 118ms (cache revalidated)
134 silly placeDep ROOT min-indent@1.0.1 OK for: strip-indent@3.0.0 want: ^1.0.0
135 silly placeDep ROOT has-flag@4.0.0 OK for: supports-color@7.2.0 want: ^4.0.0
136 silly reify moves {}
137 silly tarball no local data for web-vitals@https://registry.npmjs.org/web-vitals/-/web-vitals-4.2.4.tgz. Extracting by manifest.
138 silly tarball no local data for @testing-library/user-event@https://registry.npmjs.org/@testing-library/user-event/-/user-event-14.5.2.tgz. Extracting by manifest.
139 silly tarball no local data for @testing-library/react@https://registry.npmjs.org/@testing-library/react/-/react-16.0.1.tgz. Extracting by manifest.
140 silly tarball no local data for @testing-library/jest-dom@https://registry.npmjs.org/@testing-library/jest-dom/-/jest-dom-6.6.3.tgz. Extracting by manifest.
141 silly tarball no local data for dom-accessibility-api@https://registry.npmjs.org/dom-accessibility-api/-/dom-accessibility-api-0.6.3.tgz. Extracting by manifest.
142 http fetch GET 200 https://registry.npmjs.org/@testing-library/react/-/react-16.0.1.tgz 462ms (cache miss)
143 http fetch GET 200 https://registry.npmjs.org/dom-accessibility-api/-/dom-accessibility-api-0.6.3.tgz 463ms (cache miss)
144 http fetch GET 200 https://registry.npmjs.org/@testing-library/jest-dom/-/jest-dom-6.6.3.tgz 510ms (cache miss)
145 http fetch GET 200 https://registry.npmjs.org/web-vitals/-/web-vitals-4.2.4.tgz 622ms (cache miss)
146 http fetch GET 200 https://registry.npmjs.org/@testing-library/user-event/-/user-event-14.5.2.tgz 819ms (cache miss)
147 silly ADD node_modules/has-flag
148 silly ADD node_modules/min-indent
149 silly ADD node_modules/strip-indent
150 silly ADD node_modules/indent-string
151 silly ADD node_modules/scheduler
152 silly ADD node_modules/loose-envify
153 silly ADD node_modules/react-is
154 silly ADD node_modules/ansi-regex
155 silly ADD node_modules/color-name
156 silly ADD node_modules/color-convert
157 silly ADD node_modules/supports-color
158 silly ADD node_modules/ansi-styles
159 silly ADD node_modules/dequal
160 silly ADD node_modules/redent
161 silly ADD node_modules/lodash
162 silly ADD node_modules/css.escape
163 silly ADD node_modules/@adobe/css-tools
164 silly ADD node_modules/regenerator-runtime
165 silly ADD node_modules/picocolors
166 silly ADD node_modules/js-tokens
167 silly ADD node_modules/@babel/helper-validator-identifier
168 silly ADD node_modules/pretty-format
169 silly ADD node_modules/pretty-format/node_modules/ansi-styles
170 silly ADD node_modules/lz-string
171 silly ADD node_modules/dom-accessibility-api
172 silly ADD node_modules/chalk
173 silly ADD node_modules/aria-query
174 silly ADD node_modules/@types/aria-query
175 silly ADD node_modules/@babel/runtime
176 silly ADD node_modules/@babel/code-frame
177 silly ADD node_modules/web-vitals
178 silly ADD node_modules/@testing-library/user-event
179 silly ADD node_modules/@testing-library/dom
180 silly ADD node_modules/react-dom
181 silly ADD node_modules/react
182 silly ADD node_modules/@testing-library/react
183 silly ADD node_modules/@testing-library/jest-dom
184 silly ADD node_modules/@testing-library/jest-dom/node_modules/dom-accessibility-api
185 silly ADD node_modules/@testing-library/jest-dom/node_modules/chalk
186 verbose exit 0
187 info ok
