0 verbose cli /usr/bin/node /usr/bin/npm
1 info using npm@10.7.0
2 info using node@v18.20.4
3 silly config:load:file:/usr/lib/node_modules/npm/npmrc
4 silly config:load:file:/home/gaye/.npmrc
5 silly config:load:file:/home/gaye/.npm-global/etc/npmrc
6 verbose title npm audit
7 verbose argv "audit"
8 verbose logfile logs-max:10 dir:/home/gaye/.npm/_logs/2024-11-18T07_45_34_710Z-
9 verbose logfile /home/gaye/.npm/_logs/2024-11-18T07_45_34_710Z-debug-0.log
10 silly logfile start cleaning logs, removing 1 files
11 verbose stack Error: loadVirtual requires existing shrinkwrap file
11 verbose stack     at Arborist.loadVirtual (/usr/lib/node_modules/npm/node_modules/@npmcli/arborist/lib/arborist/load-virtual.js:51:18)
11 verbose stack     at async Arborist.audit (/usr/lib/node_modules/npm/node_modules/@npmcli/arborist/lib/arborist/index.js:241:14)
11 verbose stack     at async Audit.auditAdvisories (/usr/lib/node_modules/npm/lib/commands/audit.js:69:5)
11 verbose stack     at async Audit.exec (/usr/lib/node_modules/npm/lib/commands/audit.js:49:7)
11 verbose stack     at async module.exports (/usr/lib/node_modules/npm/lib/cli/entry.js:74:5)
12 verbose cwd /home/gaye
13 verbose Linux 5.10.16.3-microsoft-standard-WSL2
14 verbose node v18.20.4
15 verbose npm  v10.7.0
16 error code ENOLOCK
17 error audit This command requires an existing lockfile.
18 error audit Try creating one first with: npm i --package-lock-only
19 error audit Original error: loadVirtual requires existing shrinkwrap file
20 verbose exit 1
21 verbose code 1
22 silly unfinished npm timer audit 1731915935025
23 error A complete log of this run can be found in: /home/gaye/.npm/_logs/2024-11-18T07_45_34_710Z-debug-0.log
