2024-11-16 11:16:32.892 [info] [main] Log level: Info
2024-11-16 11:16:32.892 [info] [main] Validating found git in: "git"
2024-11-16 11:16:32.892 [info] [main] Using git "2.47.0" from "git"
2024-11-16 11:16:32.892 [info] [Model][doInitialScan] Initial repository scan started
2024-11-16 11:16:32.892 [info] > git rev-parse --show-toplevel [9ms]
2024-11-16 11:16:32.892 [info] > git rev-parse --git-dir --git-common-dir [2ms]
2024-11-16 11:16:32.892 [info] [Model][openRepository] Opened repository: /home/gaye
2024-11-16 11:16:32.892 [info] > git config --get commit.template [99ms]
2024-11-16 11:16:32.910 [info] > git for-each-ref --format=%(refname)%00%(upstream:short)%00%(objectname)%00%(upstream:track)%00%(upstream:remotename)%00%(upstream:remoteref) refs/heads/main refs/remotes/main [9ms]
2024-11-16 11:16:32.936 [info] > git for-each-ref --sort -committerdate --format %(refname) %(objectname) %(*objectname) [5ms]
2024-11-16 11:16:32.948 [info] > git rev-parse --show-toplevel [2ms]
2024-11-16 11:16:32.956 [info] > git rev-parse --show-toplevel [2ms]
2024-11-16 11:16:32.961 [info] > git rev-parse --show-toplevel [1ms]
2024-11-16 11:16:32.966 [info] > git rev-parse --show-toplevel [2ms]
2024-11-16 11:16:32.970 [info] > git rev-parse --show-toplevel [1ms]
2024-11-16 11:16:32.974 [info] > git rev-parse --show-toplevel [1ms]
2024-11-16 11:16:32.978 [info] > git rev-parse --show-toplevel [1ms]
2024-11-16 11:16:32.983 [info] > git rev-parse --show-toplevel [1ms]
2024-11-16 11:16:32.988 [info] > git rev-parse --show-toplevel [3ms]
2024-11-16 11:16:33.039 [info] > git rev-parse --git-dir --git-common-dir [46ms]
2024-11-16 11:16:33.050 [info] [Model][openRepository] Opened repository: /home/gaye/.nvm
2024-11-16 11:16:33.066 [info] > git rev-parse --show-toplevel [8ms]
2024-11-16 11:16:33.067 [info] > git config --get commit.template [12ms]
2024-11-16 11:16:33.080 [info] > git rev-parse --show-toplevel [10ms]
2024-11-16 11:16:33.089 [info] > git for-each-ref --format %(refname) %(objectname) %(*objectname) refs/tags [11ms]
2024-11-16 11:16:33.107 [info] > git rev-parse --show-toplevel [19ms]
2024-11-16 11:16:33.110 [info] > git for-each-ref --sort -committerdate --format %(refname) %(objectname) %(*objectname) [14ms]
2024-11-16 11:16:33.112 [info] > git rev-parse --show-toplevel [3ms]
2024-11-16 11:16:33.137 [info] > git rev-parse --show-toplevel [23ms]
2024-11-16 11:16:33.142 [info] > git rev-parse --git-dir --git-common-dir [1ms]
2024-11-16 11:16:33.161 [info] [Model][openRepository] Opened repository: /home/gaye/Marine
2024-11-16 11:16:33.173 [info] > git rev-parse --show-toplevel [2ms]
2024-11-16 11:16:33.174 [info] > git config --get commit.template [6ms]
2024-11-16 11:16:33.181 [info] > git status -z -uall [89ms]
2024-11-16 11:16:33.182 [info] > git rev-parse --show-toplevel [5ms]
2024-11-16 11:16:33.243 [info] > git for-each-ref --format=%(refname)%00%(upstream:short)%00%(objectname)%00%(upstream:track)%00%(upstream:remotename)%00%(upstream:remoteref) refs/heads/gh-pages refs/remotes/gh-pages [63ms]
2024-11-16 11:16:33.264 [info] > git config --get commit.template [50ms]
2024-11-16 11:16:33.264 [info] > git rev-parse --git-dir --git-common-dir [53ms]
2024-11-16 11:16:33.271 [info] [Model][openRepository] Opened repository: /home/gaye/portfolio
2024-11-16 11:16:33.281 [info] > git status -z -uall [34ms]
2024-11-16 11:16:33.283 [info] > git for-each-ref --sort -committerdate --format %(refname) %(objectname) %(*objectname) [30ms]
2024-11-16 11:16:33.315 [info] > git for-each-ref --format=%(refname)%00%(upstream:short)%00%(objectname)%00%(upstream:track)%00%(upstream:remotename)%00%(upstream:remoteref) refs/heads/gh-pages refs/remotes/gh-pages [19ms]
2024-11-16 11:16:33.323 [info] > git rev-parse --show-toplevel [46ms]
2024-11-16 11:16:33.333 [info] [Model][doInitialScan] Initial repository scan completed - repositories (4), closed repositories (0), parent repositories (0), unsafe repositories (0)
2024-11-16 11:16:33.334 [info] > git config --get commit.template [59ms]
2024-11-16 11:16:33.339 [info] > git config --local branch.gh-pages.vscode-merge-base [17ms]
2024-11-16 11:16:33.340 [warning] [Git][config] git config failed: Failed to execute git
2024-11-16 11:16:33.345 [info] > git config --get commit.template [34ms]
2024-11-16 11:16:33.346 [info] > git for-each-ref --format %(refname) %(objectname) %(*objectname) refs/tags [40ms]
2024-11-16 11:16:33.356 [info] > git reflog gh-pages --grep-reflog=branch: Created from *. [11ms]
2024-11-16 11:16:33.365 [info] > git status -z -uall [17ms]
2024-11-16 11:16:33.366 [info] > git for-each-ref --format=%(refname)%00%(upstream:short)%00%(objectname)%00%(upstream:track)%00%(upstream:remotename)%00%(upstream:remoteref) refs/heads/main refs/remotes/main [12ms]
2024-11-16 11:16:33.367 [info] > git for-each-ref --sort -committerdate --format %(refname) %(objectname) %(*objectname) [17ms]
2024-11-16 11:16:33.377 [info] > git for-each-ref --format=%(refname)%00%(upstream:short)%00%(objectname)%00%(upstream:track)%00%(upstream:remotename)%00%(upstream:remoteref) refs/heads/gh-pages refs/remotes/gh-pages [15ms]
2024-11-16 11:16:33.391 [info] > git status -z -uall [11ms]
2024-11-16 11:16:33.392 [info] > git for-each-ref --sort -committerdate --format %(refname) %(objectname) %(*objectname) [8ms]
2024-11-16 11:16:33.401 [info] > git reflog HEAD --grep-reflog=checkout: moving from .* to gh-pages [41ms]
2024-11-16 11:16:33.569 [info] > git for-each-ref --format=%(refname)%00%(upstream:short)%00%(objectname)%00%(upstream:track)%00%(upstream:remotename)%00%(upstream:remoteref) refs/heads/gh-pages refs/remotes/gh-pages [170ms]
2024-11-16 11:16:33.598 [info] > git status -z -uall [9ms]
2024-11-16 11:16:33.598 [info] > git config --local branch.gh-pages.vscode-merge-base [26ms]
2024-11-16 11:16:33.598 [warning] [Git][config] git config failed: Failed to execute git
2024-11-16 11:16:33.604 [info] > git for-each-ref --format=%(refname)%00%(upstream:short)%00%(objectname)%00%(upstream:track)%00%(upstream:remotename)%00%(upstream:remoteref) refs/heads/main refs/remotes/main [199ms]
2024-11-16 11:16:33.614 [info] > git symbolic-ref --short refs/remotes/origin/HEAD [6ms]
2024-11-16 11:16:33.614 [info] fatal: ref refs/remotes/origin/HEAD is not a symbolic ref
2024-11-16 11:16:33.614 [warning] [Repository][getDefaultBranch] Failed to get default branch details: Failed to execute git.
2024-11-16 11:16:33.615 [info] > git reflog gh-pages --grep-reflog=branch: Created from *. [12ms]
2024-11-16 11:16:33.619 [info] > git for-each-ref --sort -committerdate --format %(refname) %(objectname) %(*objectname) [25ms]
2024-11-16 11:16:33.637 [info] > git for-each-ref --format=%(refname)%00%(upstream:short)%00%(objectname)%00%(upstream:track)%00%(upstream:remotename)%00%(upstream:remoteref) refs/heads/main refs/remotes/main [10ms]
2024-11-16 11:16:33.644 [info] > git reflog HEAD --grep-reflog=checkout: moving from .* to gh-pages [25ms]
2024-11-16 11:16:33.651 [info] > git for-each-ref --format=%(refname)%00%(upstream:short)%00%(objectname)%00%(upstream:track)%00%(upstream:remotename)%00%(upstream:remoteref) refs/heads/main refs/remotes/main [3ms]
2024-11-16 11:16:33.654 [info] > git config --local branch.main.vscode-merge-base [11ms]
2024-11-16 11:16:33.654 [warning] [Git][config] git config failed: Failed to execute git
2024-11-16 11:16:33.657 [info] > git config --get commit.template [23ms]
2024-11-16 11:16:33.659 [info] > git symbolic-ref --short refs/remotes/origin/HEAD [4ms]
2024-11-16 11:16:33.659 [info] fatal: ref refs/remotes/origin/HEAD is not a symbolic ref
2024-11-16 11:16:33.659 [warning] [Repository][getDefaultBranch] Failed to get default branch details: Failed to execute git.
2024-11-16 11:16:33.663 [info] > git reflog main --grep-reflog=branch: Created from *. [7ms]
2024-11-16 11:16:33.668 [info] > git for-each-ref --format=%(refname)%00%(upstream:short)%00%(objectname)%00%(upstream:track)%00%(upstream:remotename)%00%(upstream:remoteref) refs/heads/main refs/remotes/main [6ms]
2024-11-16 11:16:33.669 [info] > git symbolic-ref --short refs/remotes/origin/HEAD [3ms]
2024-11-16 11:16:33.669 [info] fatal: ref refs/remotes/origin/HEAD is not a symbolic ref
2024-11-16 11:16:33.669 [warning] [Repository][getDefaultBranch] Failed to get default branch details: Failed to execute git.
2024-11-16 11:16:33.674 [info] > git merge-base refs/heads/main refs/remotes/origin/main [2ms]
2024-11-16 11:16:33.689 [info] > git status -z -uall [8ms]
2024-11-16 11:16:33.690 [info] > git diff --name-status -z --diff-filter=ADMR 680439b7261a625e59bc43b9492f582921e1bef9...refs/remotes/origin/main [14ms]
2024-11-16 11:16:33.694 [info] > git for-each-ref --sort -committerdate --format %(refname) %(objectname) %(*objectname) [8ms]
2024-11-16 11:16:33.787 [info] > git check-ignore -v -z --stdin [5ms]
2024-11-16 11:16:33.788 [info] > git check-ignore -v -z --stdin [2ms]
2024-11-16 11:16:34.200 [info] > git fetch [1151ms]
2024-11-16 11:16:34.211 [info] > git config --get commit.template [5ms]
2024-11-16 11:16:34.217 [info] > git for-each-ref --format %(refname) %(objectname) %(*objectname) refs/tags [7ms]
2024-11-16 11:16:34.226 [info] > git for-each-ref --sort -committerdate --format %(refname) %(objectname) %(*objectname) [2ms]
2024-11-16 11:16:34.233 [info] > git status -z -uall [13ms]
2024-11-16 11:16:39.989 [info] > git status -z -uall [7066ms] (cancelled)
