2024-11-18 10:48:49.028 [info] [main] Log level: Info
2024-11-18 10:48:49.028 [info] [main] Validating found git in: "git"
2024-11-18 10:48:49.028 [info] [main] Using git "2.47.0" from "git"
2024-11-18 10:48:49.028 [info] [Model][doInitialScan] Initial repository scan started
2024-11-18 10:48:49.028 [info] > git rev-parse --show-toplevel [4ms]
2024-11-18 10:48:49.028 [info] > git rev-parse --git-dir --git-common-dir [90ms]
2024-11-18 10:48:49.028 [info] [Model][openRepository] Opened repository: /home/gaye
2024-11-18 10:48:49.028 [info] > git rev-parse --show-toplevel [3ms]
2024-11-18 10:48:49.028 [info] > git config --get commit.template [7ms]
2024-11-18 10:48:49.038 [info] > git for-each-ref --format=%(refname)%00%(upstream:short)%00%(objectname)%00%(upstream:track)%00%(upstream:remotename)%00%(upstream:remoteref) refs/heads/main refs/remotes/main [4ms]
2024-11-18 10:48:49.048 [info] > git rev-parse --show-toplevel [18ms]
2024-11-18 10:48:49.055 [info] [Model][doInitialScan] Initial repository scan completed - repositories (1), closed repositories (0), parent repositories (0), unsafe repositories (0)
2024-11-18 10:48:49.086 [info] > git for-each-ref --sort -committerdate --format %(refname) %(objectname) %(*objectname) [39ms]
2024-11-18 10:48:49.565 [info] > git check-ignore -v -z --stdin [1ms]
2024-11-18 10:48:49.955 [info] > git status -z -uall [913ms] (cancelled)
2024-11-18 10:48:49.957 [info] > git check-ignore -v -z --stdin [1ms]
2024-11-18 10:48:52.915 [info] > git fetch [3903ms]
2024-11-18 10:48:52.921 [info] > git config --get commit.template [3ms]
2024-11-18 10:48:52.921 [info] > git for-each-ref --format=%(refname)%00%(upstream:short)%00%(objectname)%00%(upstream:track)%00%(upstream:remotename)%00%(upstream:remoteref) refs/heads/main refs/remotes/main [1ms]
2024-11-18 10:48:52.927 [info] > git for-each-ref --sort -committerdate --format %(refname) %(objectname) %(*objectname) [1ms]
2024-11-18 10:48:53.419 [info] > git status -z -uall [496ms] (cancelled)
2024-11-18 10:48:53.419 [info] > git check-ignore -v -z --stdin [1ms]
2024-11-18 10:48:53.527 [info] > git for-each-ref --format=%(refname)%00%(upstream:short)%00%(objectname)%00%(upstream:track)%00%(upstream:remotename)%00%(upstream:remoteref) refs/heads/main refs/remotes/main [9ms]
2024-11-18 10:48:53.531 [info] > git config --get commit.template [8ms]
2024-11-18 10:48:53.532 [info] > git config --local branch.main.vscode-merge-base [2ms]
2024-11-18 10:48:53.533 [warning] [Git][config] git config failed: Failed to execute git
2024-11-18 10:48:53.548 [info] > git for-each-ref --format=%(refname)%00%(upstream:short)%00%(objectname)%00%(upstream:track)%00%(upstream:remotename)%00%(upstream:remoteref) refs/heads/main refs/remotes/main [8ms]
2024-11-18 10:48:53.557 [info] > git reflog main --grep-reflog=branch: Created from *. [21ms]
2024-11-18 10:48:54.428 [info] > git symbolic-ref --short refs/remotes/origin/HEAD [868ms]
2024-11-18 10:48:54.428 [info] fatal: ref refs/remotes/origin/HEAD is not a symbolic ref
2024-11-18 10:48:54.428 [warning] [Repository][getDefaultBranch] Failed to get default branch details: Failed to execute git.
2024-11-18 10:48:54.429 [info] > git for-each-ref --sort -committerdate --format %(refname) %(objectname) %(*objectname) [872ms]
2024-11-18 10:48:54.660 [info] > git status -z -uall [1108ms] (cancelled)
2024-11-18 10:49:05.916 [info] > git config --get commit.template [5ms]
2024-11-18 10:49:05.917 [info] > git for-each-ref --format=%(refname)%00%(upstream:short)%00%(objectname)%00%(upstream:track)%00%(upstream:remotename)%00%(upstream:remoteref) refs/heads/main refs/remotes/main [1ms]
2024-11-18 10:49:05.925 [info] > git for-each-ref --sort -committerdate --format %(refname) %(objectname) %(*objectname) [2ms]
2024-11-18 10:49:05.993 [info] > git status -z -uall [74ms]
2024-11-18 10:49:06.549 [info] > git check-ignore -v -z --stdin [2ms]
2024-11-18 10:49:11.763 [info] > git show --textconv :solution/mkulima/.gitignore [4ms]
2024-11-18 10:49:11.764 [info] > git ls-files --stage -- /home/gaye/solution/mkulima/.gitignore [2ms]
2024-11-18 10:49:18.495 [info] > git log --format=%H%n%aN%n%aE%n%at%n%ct%n%P%n%D%n%B -z --shortstat --diff-merges=first-parent -n50 --skip=0 --topo-order --decorate=full --stdin [28ms]
2024-11-18 10:49:18.995 [info] > git check-ignore -v -z --stdin [1ms]
2024-11-18 10:49:28.521 [info] > git check-ignore -v -z --stdin [2ms]
2024-11-18 10:49:29.237 [info] > git check-ignore -v -z --stdin [1ms]
2024-11-18 10:52:09.506 [info] > git fetch [4606ms]
2024-11-18 10:52:09.507 [info] From github.com:JOEL-GAYE/mkulima
 * [new branch]      main       -> origin/main
2024-11-18 10:52:09.517 [info] > git config --get commit.template [5ms]
2024-11-18 10:52:09.518 [info] > git for-each-ref --format=%(refname)%00%(upstream:short)%00%(objectname)%00%(upstream:track)%00%(upstream:remotename)%00%(upstream:remoteref) refs/heads/main refs/remotes/main [1ms]
2024-11-18 10:52:09.525 [info] > git for-each-ref --sort -committerdate --format %(refname) %(objectname) %(*objectname) [1ms]
2024-11-18 10:52:09.671 [info] > git status -z -uall [151ms]
2024-11-18 10:52:09.763 [info] > git config --get commit.template [6ms]
2024-11-18 10:52:09.771 [info] > git for-each-ref --format=%(refname)%00%(upstream:short)%00%(objectname)%00%(upstream:track)%00%(upstream:remotename)%00%(upstream:remoteref) refs/heads/main refs/remotes/main [4ms]
2024-11-18 10:52:09.788 [info] > git for-each-ref --sort -committerdate --format %(refname) %(objectname) %(*objectname) [4ms]
2024-11-18 10:52:10.479 [info] > git status -z -uall [700ms]
2024-11-18 10:52:10.479 [info] > git log --format=%H%n%aN%n%aE%n%at%n%ct%n%P%n%D%n%B -z --shortstat --diff-merges=first-parent -n50 --skip=0 --topo-order --decorate=full --stdin [14ms]
2024-11-18 10:52:35.028 [info] > git config --get commit.template [5ms]
2024-11-18 10:52:35.029 [info] > git for-each-ref --format=%(refname)%00%(upstream:short)%00%(objectname)%00%(upstream:track)%00%(upstream:remotename)%00%(upstream:remoteref) refs/heads/main refs/remotes/main [2ms]
2024-11-18 10:52:35.045 [info] > git for-each-ref --sort -committerdate --format %(refname) %(objectname) %(*objectname) [3ms]
2024-11-18 10:52:35.113 [info] > git status -z -uall [79ms]
2024-11-18 10:52:35.188 [info] > git log --format=%H%n%aN%n%aE%n%at%n%ct%n%P%n%D%n%B -z --shortstat --diff-merges=first-parent -n50 --skip=0 --topo-order --decorate=full --stdin [5ms]
2024-11-18 10:53:10.498 [info] > git config --get commit.template [3ms]
2024-11-18 10:53:10.499 [info] > git for-each-ref --format=%(refname)%00%(upstream:short)%00%(objectname)%00%(upstream:track)%00%(upstream:remotename)%00%(upstream:remoteref) refs/heads/main refs/remotes/main [2ms]
2024-11-18 10:53:10.509 [info] > git for-each-ref --sort -committerdate --format %(refname) %(objectname) %(*objectname) [2ms]
2024-11-18 10:53:10.573 [info] > git status -z -uall [71ms]
2024-11-18 10:53:10.645 [info] > git log --format=%H%n%aN%n%aE%n%at%n%ct%n%P%n%D%n%B -z --shortstat --diff-merges=first-parent -n50 --skip=0 --topo-order --decorate=full --stdin [12ms]
2024-11-18 10:53:54.865 [info] > git check-ignore -v -z --stdin [6ms]
2024-11-18 10:53:55.923 [info] > git check-ignore -v -z --stdin [5ms]
2024-11-18 10:53:57.457 [info] > git check-ignore -v -z --stdin [5ms]
2024-11-18 10:53:58.612 [info] > git check-ignore -v -z --stdin [2ms]
2024-11-18 10:54:11.049 [info] > git log --format=%H%n%aN%n%aE%n%at%n%ct%n%P%n%D%n%B -z --shortstat --diff-merges=first-parent -n50 --skip=0 --topo-order --decorate=full --stdin [4ms]
2024-11-18 10:54:36.163 [info] > git add -A -- . [21518ms]
2024-11-18 10:54:36.163 [info] warning: adding embedded git repository: .nvm
hint: You've added another git repository inside your current repository.
hint: Clones of the outer repository will not contain the contents of
hint: the embedded repository and will not know how to obtain it.
hint: If you meant to add a submodule, use:
hint:
hint: 	git submodule add <url> .nvm
hint:
hint: If you added this path by mistake, you can remove it from the
hint: index with:
hint:
hint: 	git rm --cached .nvm
hint:
hint: See "git help submodule" for more information.
hint: Disable this message with "git config advice.addEmbeddedRepo false"
warning: adding embedded git repository: Development/se-prep/phase-0/phase-0-css-fundamentals-lab
warning: adding embedded git repository: Development/se-prep/phase-0/phase-0-css-graffiti-lab
warning: adding embedded git repository: Development/se-prep/phase-0/phase-0-css-intro-lab
warning: adding embedded git repository: Development/se-prep/phase-0/phase-0-css-kitten-lab
warning: adding embedded git repository: Development/se-prep/phase-0/phase-0-css-rainbow-lab
warning: adding embedded git repository: Development/se-prep/phase-0/phase-0-html-album-cover-lab
warning: adding embedded git repository: Development/se-prep/phase-0/phase-0-html-document-structure-lab
warning: adding embedded git repository: Development/se-prep/phase-0/phase-0-html-experiencing-html-lab
warning: adding embedded git repository: Development/se-prep/phase-0/phase-0-html-issue-bot-9000-lab
warning: adding embedded git repository: Development/se-prep/phase-0/phase-0-html-link-tag-with-href
warning: adding embedded git repository: Development/se-prep/phase-0/phase-0-html-lists-lab
warning: adding embedded git repository: Development/se-prep/phase-0/phase-0-html-riyadh-blog-lab
warning: adding embedded git repository: Development/se-prep/phase-0/phase-0-html-tables-lab
warning: adding embedded git repository: Development/se-prep/phase-0/phase-0-html-tag-lab
warning: adding embedded git repository: Development/se-prep/phase-1/phase-0-intro-to-js-2-array-lab
warning: adding embedded git repository: Development/se-prep/phase-1/phase-0-intro-to-js-2-looping-code-along
warning: adding embedded git repository: Development/se-prep/phase-1/phase-0-intro-to-js-2-objects-lab
warning: adding embedded git repository: Development/se-prep/phase-1/phase-0-javascript-events-acting-on-events-lab
warning: adding embedded git repository: Development/se-prep/phase-1/phase-0-javascript-events-event-listening-lab
warning: adding embedded git repository: Development/se-prep/phase-1/phase-0-the-dom-editing-lab
warning: adding embedded git repository: Development/se-prep/phase-1/phase-0-the-dom-modifying-elements-lab
warning: adding embedded git repository: Development/se-prep/phase-1/phase-1-arithmetic-lab
warning: adding embedded git repository: Development/se-prep/phase-1/phase-1-array-filter-method-lab
warning: adding embedded git repository: Development/se-prep/phase-1/phase-1-array-find-method-lab
warning: adding embedded git repository: Development/se-prep/phase-1/phase-1-array-map-method-lab
warning: adding embedded git repository: Development/se-prep/phase-1/phase-1-arrow-functions
warning: adding embedded git repository: Development/se-prep/phase-1/phase-1-cc-ramen-rater-v2
warning: adding embedded git repository: Development/se-prep/phase-1/phase-1-control-flow-lab
warning: adding embedded git repository: Development/se-prep/phase-1/phase-1-destructuring-assignment
warning: adding embedded git repository: Development/se-prep/phase-1/phase-1-fetch-lab
warning: adding embedded git repository: Development/se-prep/phase-1/phase-1-first-class-functions-lab
warning: adding embedded git repository: Development/se-prep/phase-1/phase-1-first-class-functions
warning: adding embedded git repository: Development/se-prep/phase-1/phase-1-functions-lab
warning: adding embedded git repository: Development/se-prep/phase-1/phase-1-javascript-functions-continued
warning: adding embedded git repository: Development/se-prep/phase-1/phase-1-javascript-variables-lab
warning: adding embedded git repository: Development/se-prep/phase-1/phase-1-js-fetch-on-demand-with-forms
warning: adding embedded git repository: Development/se-prep/phase-1/phase-1-object-ball
warning: adding embedded git repository: Development/se-prep/phase-1/phase-1-review-strings-lab
warning: adding embedded git repository: Development/se-prep/phase-1/phase-1-scope-lab
warning: adding embedded git repository: Development/se-prep/phase-1/phase-1-stitching-together-the-three-pillars
warning: adding embedded git repository: Development/se-prep/phase-1/phase-1-tasklister-mini-project
warning: adding embedded git repository: Development/se-prep/phase-1/phase-1-using-array-reduce
warning: adding embedded git repository: Development/se-prep/phase-1/phase-1-using-json-server-and-postman
warning: adding embedded git repository: Development/se-prep/phase-2/react-hooks-cc-plantshop
warning: adding embedded git repository: Development/se-prep/phase-2/react-hooks-component-props-mini-project
warning: adding embedded git repository: Development/se-prep/phase-2/react-hooks-components-basics-lab
warning: adding embedded git repository: Development/se-prep/phase-2/react-hooks-event-handling-lab
warning: adding embedded git repository: Development/se-prep/phase-2/react-hooks-import-export-lab
warning: adding embedded git repository: Development/se-prep/phase-2/react-hooks-jsx-lab
warning: adding embedded git repository: Development/se-prep/phase-2/react-hooks-lists-and-keys-lab
warning: adding embedded git repository: Development/se-prep/phase-2/react-hooks-practice-pizza
warning: adding embedded git repository: Development/se-prep/phase-2/react-hooks-props-basics-lab
warning: adding embedded git repository: Development/se-prep/phase-2/react-hooks-react-app-example
warning: adding embedded git repository: Development/se-prep/phase-2/react-hooks-running-tests
warning: adding embedded git repository: Marine/phase-2-project
warning: adding embedded git repository: Moringa/Landing-page
warning: adding embedded git repository: Moringa/Netflix-login/css/netflix-login
warning: adding embedded git repository: Moringa/react/intro-to-react
warning: adding embedded git repository: Moringa/react/plants
warning: adding embedded git repository: Moringa/react/react-hooks-practice-pizza
warning: adding embedded git repository: portfolio
2024-11-18 10:54:38.486 [info] > git show --textconv :.git/COMMIT_EDITMSG [7ms]
2024-11-18 10:54:38.495 [info] > git ls-files --stage -- /home/gaye/.git/COMMIT_EDITMSG [13ms]
2024-11-18 10:54:38.646 [info] > git check-ignore -v -z --stdin [17ms]
2024-11-18 10:54:39.047 [info] > git ls-files --stage -- /home/gaye/.git/COMMIT_EDITMSG [23ms]
2024-11-18 10:54:39.061 [info] > git show --textconv :.git/COMMIT_EDITMSG [5ms]
2024-11-18 10:54:52.709 [info] > git -c user.useConfigOnly=true commit --quiet [16540ms]
2024-11-18 10:54:52.709 [info] Aborting commit due to empty commit message.
2024-11-18 10:54:52.716 [info] > git config --get commit.template [3ms]
2024-11-18 10:54:52.716 [info] > git for-each-ref --format=%(refname)%00%(upstream:short)%00%(objectname)%00%(upstream:track)%00%(upstream:remotename)%00%(upstream:remoteref) refs/heads/main refs/remotes/main [1ms]
2024-11-18 10:54:52.727 [info] > git for-each-ref --sort -committerdate --format %(refname) %(objectname) %(*objectname) [2ms]
2024-11-18 10:54:52.951 [info] > git status -z -uall [233ms]
2024-11-18 10:54:53.007 [info] > git config --get commit.template [1ms]
2024-11-18 10:54:53.014 [info] > git for-each-ref --format=%(refname)%00%(upstream:short)%00%(objectname)%00%(upstream:track)%00%(upstream:remotename)%00%(upstream:remoteref) refs/heads/main refs/remotes/main [2ms]
2024-11-18 10:54:53.031 [info] > git for-each-ref --sort -committerdate --format %(refname) %(objectname) %(*objectname) [2ms]
2024-11-18 10:54:53.849 [info] > git status -z -uall [830ms]
2024-11-18 10:54:55.166 [info] > git check-ignore -v -z --stdin [24ms]
